[2025-Jun-03 01:59:54.280 +03:00][ 2521: 2521][info ] Logging initialized
[2025-Jun-05 01:03:31.544 +03:00][ 1565: 1565][info ] Logging initialized
[2025-Jun-05 20:30:05.177 +03:00][ 2495: 2495][info ] Logging initialized
[2025-Jun-05 20:30:06.507 +03:00][ 2495: 2495][info ] Logging initialized
[2025-Jun-05 20:37:36.790 +03:00][ 1528: 1528][info ] Logging initialized
[2025-Jun-06 01:35:03.050 +03:00][27615:27615][info ] Logging initialized
[2025-Jun-06 02:19:47.202 +03:00][ 2741: 2741][info ] Logging initialized
[2025-Jun-06 02:24:48.285 +03:00][ 4640: 4640][info ] Logging initialized
[2025-Jun-06 03:35:01.937 +03:00][22000:22000][info ] Logging initialized
[2025-Jun-07 15:32:08.278 +03:00][40074:40074][info ] Logging initialized
[2025-Jun-26 17:02:58.903 +03:00][29210:29210][info ] Logging initialized
[2025-Jul-01 20:34:06.370 +03:00][596362:596362][info ] Logging initialized
[2025-Jul-01 23:22:44.719 +03:00][ 2306: 2306][info ] Logging initialized
[2025-Jul-06 04:41:51.165 +03:00][228639:228639][info ] Logging initialized
[2025-Aug-03 16:16:45.504 +03:00][ 4578: 4578][info ] Logging initialized
[2025-Aug-19 19:20:16.523 +03:00][ 2759: 2759][info ] Logging initialized
[2025-Aug-19 19:50:51.396 +03:00][65156:65156][info ] Logging initialized
[2025-Aug-19 19:51:34.275 +03:00][66807:66807][info ] Logging initialized
[2025-Aug-19 20:01:56.474 +03:00][81839:81839][info ] Logging initialized
[2025-Aug-20 05:01:53.103 +03:00][27189:27189][info ] Logging initialized
[2025-Aug-20 05:03:25.685 +03:00][29692:29692][info ] Logging initialized
[2025-Aug-20 05:05:24.726 +03:00][32501:32501][info ] Logging initialized
[2025-Sep-05 12:28:16.818 +03:00][ 6528: 6528][info ] Logging initialized
