[2025-Jun-03 01:59:55.887 +03:00][ 2521: 2521][info ] Logging initialized
[2025-Jun-03 01:59:55.887 +03:00][ 2521: 2521][info ] Initializing krisp SDK...
[2025-Jun-03 01:59:55.887 +03:00][ 2521: 2521][info ] DoKrispInitialize
[2025-Jun-03 01:59:56.127 +03:00][ 2521: 2521][info ] LoadDynamicKrisp
[2025-Jun-03 01:59:56.127 +03:00][ 2521: 2521][info ] Did not find KRISP_DYLIB_PATH, skipping dynamic loading
[2025-Jun-03 01:59:56.127 +03:00][ 2521: 2521][info ] Initializing Krisp SDK in PID 2521, addr 0x7f3c3038c820
[2025-Jun-03 01:59:56.250 +03:00][ 2521: 2521][info ] Initialized Krisp SDK successfully
[2025-Jun-03 01:59:56.250 +03:00][ 2521: 2521][info ] Krisp SDK initialized
[2025-Jun-05 01:03:31.816 +03:00][ 1565: 1565][info ] Logging initialized
[2025-Jun-05 01:03:31.816 +03:00][ 1565: 1565][info ] Initializing krisp SDK...
[2025-Jun-05 01:03:31.816 +03:00][ 1565: 1565][info ] DoKrispInitialize
[2025-Jun-05 01:03:32.055 +03:00][ 1565: 1565][info ] LoadDynamicKrisp
[2025-Jun-05 01:03:32.055 +03:00][ 1565: 1565][info ] Did not find KRISP_DYLIB_PATH, skipping dynamic loading
[2025-Jun-05 01:03:32.055 +03:00][ 1565: 1565][info ] Initializing Krisp SDK in PID 1565, addr 0x7fbda7f8c820
[2025-Jun-05 01:03:32.181 +03:00][ 1565: 1565][info ] Initialized Krisp SDK successfully
[2025-Jun-05 01:03:32.181 +03:00][ 1565: 1565][info ] Krisp SDK initialized
[2025-Jun-05 01:03:54.507 +03:00][ 1565: 1637][info ] KrispNCSetup: sampleRate = 48000, duration = 10
[2025-Jun-05 01:03:54.507 +03:00][ 1565: 1637][info ] Setting Krisp model: full_NC
[2025-Jun-05 01:03:54.531 +03:00][ 1565: 1637][info ] KrispVADSetup: sampleRate = 48000, duration = 10
[2025-Jun-05 01:04:24.531 +03:00][ 1565: 1614][info ] KrispVADReset
[2025-Jun-05 01:04:27.051 +03:00][ 1565: 1637][info ] KrispVADSetup: sampleRate = 48000, duration = 10
[2025-Jun-05 01:04:45.288 +03:00][ 1565: 1637][info ] KrispVADSetup: sampleRate = 48000, duration = 10
[2025-Jun-05 01:04:46.940 +03:00][ 1565: 1614][info ] KrispVADReset
[2025-Jun-05 01:04:46.952 +03:00][ 1565: 1637][info ] KrispVADSetup: sampleRate = 48000, duration = 10
[2025-Jun-05 01:04:55.363 +03:00][ 1565: 1614][info ] KrispVADReset
[2025-Jun-05 01:04:55.471 +03:00][ 1565: 1614][info ] KrispVADReset
[2025-Jun-05 20:30:05.430 +03:00][ 2495: 2495][info ] Logging initialized
[2025-Jun-05 20:30:05.430 +03:00][ 2495: 2495][info ] Initializing krisp SDK...
[2025-Jun-05 20:30:05.430 +03:00][ 2495: 2495][info ] DoKrispInitialize
[2025-Jun-05 20:30:05.667 +03:00][ 2495: 2495][info ] LoadDynamicKrisp
[2025-Jun-05 20:30:05.667 +03:00][ 2495: 2495][info ] Did not find KRISP_DYLIB_PATH, skipping dynamic loading
[2025-Jun-05 20:30:05.667 +03:00][ 2495: 2495][info ] Initializing Krisp SDK in PID 2495, addr 0x7fcb7438c820
[2025-Jun-05 20:30:05.793 +03:00][ 2495: 2495][info ] Initialized Krisp SDK successfully
[2025-Jun-05 20:30:05.793 +03:00][ 2495: 2495][info ] Krisp SDK initialized
[2025-Jun-05 20:30:06.601 +03:00][ 2495: 2495][info ] Logging initialized
[2025-Jun-05 20:30:06.601 +03:00][ 2495: 2495][info ] Initializing krisp SDK...
[2025-Jun-05 20:30:06.601 +03:00][ 2495: 2495][info ] Krisp SDK initialized
[2025-Jun-05 20:30:17.667 +03:00][ 2495: 2650][info ] KrispNCSetup: sampleRate = 48000, duration = 10
[2025-Jun-05 20:30:17.667 +03:00][ 2495: 2650][info ] Setting Krisp model: full_NC
[2025-Jun-05 20:30:17.691 +03:00][ 2495: 2650][info ] KrispVADSetup: sampleRate = 48000, duration = 10
[2025-Jun-05 20:30:24.456 +03:00][ 2495: 2650][info ] KrispVADSetup: sampleRate = 48000, duration = 10
[2025-Jun-05 20:30:30.903 +03:00][ 2495: 2642][info ] KrispVADReset
[2025-Jun-05 20:30:30.921 +03:00][ 2495: 2650][info ] KrispVADSetup: sampleRate = 48000, duration = 10
[2025-Jun-05 20:30:31.972 +03:00][ 2495: 2642][info ] KrispVADReset
[2025-Jun-05 20:30:35.977 +03:00][ 2495: 2650][info ] KrispVADSetup: sampleRate = 48000, duration = 10
[2025-Jun-05 20:30:38.607 +03:00][ 2495: 2642][info ] KrispVADReset
[2025-Jun-05 20:30:38.644 +03:00][ 2495: 2650][info ] KrispVADSetup: sampleRate = 48000, duration = 10
[2025-Jun-05 20:30:40.215 +03:00][ 2495: 2642][info ] KrispVADReset
[2025-Jun-05 20:31:02.271 +03:00][ 2495: 2650][info ] KrispVADSetup: sampleRate = 48000, duration = 10
[2025-Jun-05 20:31:05.849 +03:00][ 2495: 2642][info ] KrispVADReset
[2025-Jun-05 20:31:05.875 +03:00][ 2495: 2650][info ] KrispVADSetup: sampleRate = 48000, duration = 10
[2025-Jun-05 20:31:07.958 +03:00][ 2495: 2642][info ] KrispVADReset
[2025-Jun-05 20:31:14.175 +03:00][ 2495: 2650][info ] KrispVADSetup: sampleRate = 48000, duration = 10
[2025-Jun-05 20:31:17.949 +03:00][ 2495: 2642][info ] KrispVADReset
[2025-Jun-05 20:31:17.951 +03:00][ 2495: 2650][info ] KrispVADSetup: sampleRate = 48000, duration = 10
[2025-Jun-05 20:31:19.169 +03:00][ 2495: 2642][info ] KrispVADReset
[2025-Jun-05 20:31:51.302 +03:00][ 2495: 2642][info ] KrispVADReset
[2025-Jun-05 20:31:55.234 +03:00][ 2495: 2650][info ] KrispVADSetup: sampleRate = 48000, duration = 10
[2025-Jun-05 20:32:08.536 +03:00][ 2495: 2650][info ] KrispVADSetup: sampleRate = 48000, duration = 10
[2025-Jun-05 20:32:15.307 +03:00][ 2495: 2642][info ] KrispVADReset
[2025-Jun-05 20:32:18.447 +03:00][ 2495: 2642][info ] KrispVADReset
[2025-Jun-05 20:37:36.921 +03:00][ 1528: 1528][info ] Logging initialized
[2025-Jun-05 20:37:36.921 +03:00][ 1528: 1528][info ] Initializing krisp SDK...
[2025-Jun-05 20:37:36.921 +03:00][ 1528: 1528][info ] DoKrispInitialize
[2025-Jun-05 20:37:37.162 +03:00][ 1528: 1528][info ] LoadDynamicKrisp
[2025-Jun-05 20:37:37.162 +03:00][ 1528: 1528][info ] Did not find KRISP_DYLIB_PATH, skipping dynamic loading
[2025-Jun-05 20:37:37.162 +03:00][ 1528: 1528][info ] Initializing Krisp SDK in PID 1528, addr 0x7f0536f8c820
[2025-Jun-05 20:37:37.289 +03:00][ 1528: 1528][info ] Initialized Krisp SDK successfully
[2025-Jun-05 20:37:37.289 +03:00][ 1528: 1528][info ] Krisp SDK initialized
[2025-Jun-05 20:37:43.603 +03:00][ 1528: 1598][info ] KrispNCSetup: sampleRate = 48000, duration = 10
[2025-Jun-05 20:37:43.603 +03:00][ 1528: 1598][info ] Setting Krisp model: full_NC
[2025-Jun-05 20:37:43.625 +03:00][ 1528: 1598][info ] KrispVADSetup: sampleRate = 48000, duration = 10
[2025-Jun-05 20:39:49.147 +03:00][ 1528: 1598][info ] KrispVADSetup: sampleRate = 48000, duration = 10
[2025-Jun-05 20:39:49.508 +03:00][ 1528: 1574][info ] KrispVADReset
[2025-Jun-05 20:39:49.510 +03:00][ 1528: 1598][info ] KrispVADSetup: sampleRate = 48000, duration = 10
[2025-Jun-05 20:40:07.983 +03:00][ 1528: 1574][info ] KrispVADReset
[2025-Jun-05 20:40:16.583 +03:00][ 1528: 1598][info ] KrispVADSetup: sampleRate = 48000, duration = 10
[2025-Jun-05 20:40:16.756 +03:00][ 1528: 1574][info ] KrispVADReset
[2025-Jun-05 20:40:16.775 +03:00][ 1528: 1598][info ] KrispVADSetup: sampleRate = 48000, duration = 10
[2025-Jun-05 20:40:26.068 +03:00][ 1528: 1574][info ] KrispVADReset
[2025-Jun-05 20:53:57.838 +03:00][ 1528: 1598][info ] KrispVADSetup: sampleRate = 48000, duration = 10
[2025-Jun-05 20:54:02.602 +03:00][ 1528: 1574][info ] KrispVADReset
[2025-Jun-05 21:38:30.070 +03:00][ 1528: 1574][info ] KrispVADReset
[2025-Jun-06 01:35:03.178 +03:00][27615:27615][info ] Logging initialized
[2025-Jun-06 01:35:03.178 +03:00][27615:27615][info ] Initializing krisp SDK...
[2025-Jun-06 01:35:03.178 +03:00][27615:27615][info ] DoKrispInitialize
[2025-Jun-06 01:35:03.427 +03:00][27615:27615][info ] LoadDynamicKrisp
[2025-Jun-06 01:35:03.427 +03:00][27615:27615][info ] Did not find KRISP_DYLIB_PATH, skipping dynamic loading
[2025-Jun-06 01:35:03.427 +03:00][27615:27615][info ] Initializing Krisp SDK in PID 27615, addr 0x7f54d518c820
[2025-Jun-06 01:35:03.553 +03:00][27615:27615][info ] Initialized Krisp SDK successfully
[2025-Jun-06 01:35:03.553 +03:00][27615:27615][info ] Krisp SDK initialized
[2025-Jun-06 02:19:47.332 +03:00][ 2741: 2741][info ] Logging initialized
[2025-Jun-06 02:19:47.332 +03:00][ 2741: 2741][info ] Initializing krisp SDK...
[2025-Jun-06 02:19:47.332 +03:00][ 2741: 2741][info ] DoKrispInitialize
[2025-Jun-06 02:19:47.570 +03:00][ 2741: 2741][info ] LoadDynamicKrisp
[2025-Jun-06 02:19:47.570 +03:00][ 2741: 2741][info ] Did not find KRISP_DYLIB_PATH, skipping dynamic loading
[2025-Jun-06 02:19:47.570 +03:00][ 2741: 2741][info ] Initializing Krisp SDK in PID 2741, addr 0x7f4f74f8c820
[2025-Jun-06 02:19:47.697 +03:00][ 2741: 2741][info ] Initialized Krisp SDK successfully
[2025-Jun-06 02:19:47.697 +03:00][ 2741: 2741][info ] Krisp SDK initialized
[2025-Jun-06 02:20:02.199 +03:00][ 2741: 2811][info ] KrispNCSetup: sampleRate = 48000, duration = 10
[2025-Jun-06 02:20:02.199 +03:00][ 2741: 2811][info ] Setting Krisp model: full_NC
[2025-Jun-06 02:20:02.223 +03:00][ 2741: 2811][info ] KrispVADSetup: sampleRate = 48000, duration = 10
[2025-Jun-06 02:20:05.206 +03:00][ 2741: 2811][info ] KrispVADSetup: sampleRate = 48000, duration = 10
[2025-Jun-06 02:20:05.348 +03:00][ 2741: 2787][info ] KrispVADReset
[2025-Jun-06 02:20:05.356 +03:00][ 2741: 2811][info ] KrispVADSetup: sampleRate = 48000, duration = 10
[2025-Jun-06 02:24:48.405 +03:00][ 4640: 4640][info ] Logging initialized
[2025-Jun-06 02:24:48.405 +03:00][ 4640: 4640][info ] Initializing krisp SDK...
[2025-Jun-06 02:24:48.405 +03:00][ 4640: 4640][info ] DoKrispInitialize
[2025-Jun-06 02:24:48.646 +03:00][ 4640: 4640][info ] LoadDynamicKrisp
[2025-Jun-06 02:24:48.646 +03:00][ 4640: 4640][info ] Did not find KRISP_DYLIB_PATH, skipping dynamic loading
[2025-Jun-06 02:24:48.646 +03:00][ 4640: 4640][info ] Initializing Krisp SDK in PID 4640, addr 0x7ff2c918c820
[2025-Jun-06 02:24:48.769 +03:00][ 4640: 4640][info ] Initialized Krisp SDK successfully
[2025-Jun-06 02:24:48.769 +03:00][ 4640: 4640][info ] Krisp SDK initialized
[2025-Jun-06 02:25:15.737 +03:00][ 4640: 4712][info ] KrispNCSetup: sampleRate = 48000, duration = 10
[2025-Jun-06 02:25:15.737 +03:00][ 4640: 4712][info ] Setting Krisp model: full_NC
[2025-Jun-06 02:25:15.745 +03:00][ 4640: 4712][info ] KrispVADSetup: sampleRate = 48000, duration = 10
[2025-Jun-06 02:25:17.420 +03:00][ 4640: 4712][info ] KrispVADSetup: sampleRate = 48000, duration = 10
[2025-Jun-06 02:25:34.281 +03:00][ 4640: 4688][info ] KrispVADReset
[2025-Jun-06 02:25:34.309 +03:00][ 4640: 4712][info ] KrispVADSetup: sampleRate = 48000, duration = 10
[2025-Jun-06 02:25:35.854 +03:00][ 4640: 4688][info ] KrispVADReset
[2025-Jun-06 02:25:35.867 +03:00][ 4640: 4712][info ] KrispVADSetup: sampleRate = 48000, duration = 10
[2025-Jun-06 02:25:41.455 +03:00][ 4640: 4688][info ] KrispVADReset
[2025-Jun-06 02:25:41.474 +03:00][ 4640: 4688][info ] KrispVADReset
[2025-Jun-06 03:35:02.056 +03:00][22000:22000][info ] Logging initialized
[2025-Jun-06 03:35:02.056 +03:00][22000:22000][info ] Initializing krisp SDK...
[2025-Jun-06 03:35:02.056 +03:00][22000:22000][info ] DoKrispInitialize
[2025-Jun-06 03:35:02.299 +03:00][22000:22000][info ] LoadDynamicKrisp
[2025-Jun-06 03:35:02.299 +03:00][22000:22000][info ] Did not find KRISP_DYLIB_PATH, skipping dynamic loading
[2025-Jun-06 03:35:02.299 +03:00][22000:22000][info ] Initializing Krisp SDK in PID 22000, addr 0x7e777d38c820
[2025-Jun-06 03:35:02.422 +03:00][22000:22000][info ] Initialized Krisp SDK successfully
[2025-Jun-06 03:35:02.422 +03:00][22000:22000][info ] Krisp SDK initialized
[2025-Jun-07 15:32:08.567 +03:00][40074:40074][info ] Logging initialized
[2025-Jun-07 15:32:08.567 +03:00][40074:40074][info ] Initializing krisp SDK...
[2025-Jun-07 15:32:08.567 +03:00][40074:40074][info ] DoKrispInitialize
[2025-Jun-07 15:32:08.821 +03:00][40074:40074][info ] LoadDynamicKrisp
[2025-Jun-07 15:32:08.821 +03:00][40074:40074][info ] Did not find KRISP_DYLIB_PATH, skipping dynamic loading
[2025-Jun-07 15:32:08.821 +03:00][40074:40074][info ] Initializing Krisp SDK in PID 40074, addr 0x7f6a6ed8c820
[2025-Jun-07 15:32:08.949 +03:00][40074:40074][info ] Initialized Krisp SDK successfully
[2025-Jun-07 15:32:08.949 +03:00][40074:40074][info ] Krisp SDK initialized
[2025-Jun-07 15:32:32.981 +03:00][40074:40145][info ] KrispNCSetup: sampleRate = 48000, duration = 10
[2025-Jun-07 15:32:32.981 +03:00][40074:40145][info ] Setting Krisp model: full_NC
[2025-Jun-07 15:32:33.004 +03:00][40074:40145][info ] KrispVADSetup: sampleRate = 48000, duration = 10
[2025-Jun-07 15:32:47.019 +03:00][40074:40122][info ] KrispVADReset
[2025-Jun-07 15:32:56.712 +03:00][40074:40145][info ] KrispVADSetup: sampleRate = 48000, duration = 10
[2025-Jun-07 15:33:06.077 +03:00][40074:40122][info ] KrispVADReset
[2025-Jun-26 17:03:00.750 +03:00][29210:29210][info ] Logging initialized
[2025-Jun-26 17:03:00.750 +03:00][29210:29210][info ] Initializing krisp SDK...
[2025-Jun-26 17:03:00.750 +03:00][29210:29210][info ] DoKrispInitialize
[2025-Jun-26 17:03:00.989 +03:00][29210:29210][info ] LoadDynamicKrisp
[2025-Jun-26 17:03:00.989 +03:00][29210:29210][info ] Did not find KRISP_DYLIB_PATH, skipping dynamic loading
[2025-Jun-26 17:03:00.989 +03:00][29210:29210][info ] Initializing Krisp SDK in PID 29210, addr 0x7f62bff8d8e0
[2025-Jun-26 17:03:01.108 +03:00][29210:29210][info ] Initialized Krisp SDK successfully
[2025-Jun-26 17:03:01.108 +03:00][29210:29210][info ] Krisp SDK initialized
[2025-Jun-26 17:03:03.435 +03:00][29210:29210][info ] KrispNCSetModel: model = 
[2025-Jun-26 17:03:37.558 +03:00][29210:29350][info ] KrispNCSetup: sampleRate = 48000, duration = 10
[2025-Jun-26 17:03:37.558 +03:00][29210:29350][info ] Setting Krisp model: full_NC
[2025-Jun-26 17:03:37.570 +03:00][29210:29350][info ] KrispVADSetup: sampleRate = 48000, duration = 10
[2025-Jun-26 17:23:46.511 +03:00][29210:29330][info ] KrispVADReset
[2025-Jul-01 20:34:08.284 +03:00][596362:596362][info ] Logging initialized
[2025-Jul-01 20:34:08.284 +03:00][596362:596362][info ] Initializing krisp SDK...
[2025-Jul-01 20:34:08.284 +03:00][596362:596362][info ] DoKrispInitialize
[2025-Jul-01 20:34:08.785 +03:00][596362:596362][info ] LoadDynamicKrisp
[2025-Jul-01 20:34:08.785 +03:00][596362:596362][info ] Did not find KRISP_DYLIB_PATH, skipping dynamic loading
[2025-Jul-01 20:34:08.785 +03:00][596362:596362][info ] Initializing Krisp SDK in PID 596362, addr 0x7e62cc78d8e0
[2025-Jul-01 20:34:09.042 +03:00][596362:596362][info ] Initialized Krisp SDK successfully
[2025-Jul-01 20:34:09.042 +03:00][596362:596362][info ] Krisp SDK initialized
[2025-Jul-01 20:34:11.657 +03:00][596362:596362][info ] KrispNCSetModel: model = 
[2025-Jul-01 23:22:45.222 +03:00][ 2306: 2306][info ] Logging initialized
[2025-Jul-01 23:22:45.222 +03:00][ 2306: 2306][info ] Initializing krisp SDK...
[2025-Jul-01 23:22:45.222 +03:00][ 2306: 2306][info ] DoKrispInitialize
[2025-Jul-01 23:22:45.724 +03:00][ 2306: 2306][info ] LoadDynamicKrisp
[2025-Jul-01 23:22:45.724 +03:00][ 2306: 2306][info ] Did not find KRISP_DYLIB_PATH, skipping dynamic loading
[2025-Jul-01 23:22:45.724 +03:00][ 2306: 2306][info ] Initializing Krisp SDK in PID 2306, addr 0x7f717798d8e0
[2025-Jul-01 23:22:45.996 +03:00][ 2306: 2306][info ] Initialized Krisp SDK successfully
[2025-Jul-01 23:22:45.996 +03:00][ 2306: 2306][info ] Krisp SDK initialized
[2025-Jul-01 23:22:50.243 +03:00][ 2306: 2306][info ] KrispNCSetModel: model = 
[2025-Jul-01 23:22:56.553 +03:00][ 2306: 2444][info ] KrispNCSetup: sampleRate = 48000, duration = 10
[2025-Jul-01 23:22:56.553 +03:00][ 2306: 2444][info ] Setting Krisp model: full_NC
[2025-Jul-01 23:22:56.582 +03:00][ 2306: 2444][info ] KrispVADSetup: sampleRate = 48000, duration = 10
[2025-Jul-01 23:58:19.461 +03:00][ 2306: 2423][info ] KrispVADReset
[2025-Jul-01 23:58:25.722 +03:00][ 2306: 2444][info ] KrispVADSetup: sampleRate = 48000, duration = 10
[2025-Jul-02 01:22:13.899 +03:00][ 2306: 2444][info ] KrispVADSetup: sampleRate = 48000, duration = 10
[2025-Jul-02 01:22:14.588 +03:00][ 2306: 2423][info ] KrispVADReset
[2025-Jul-02 01:22:16.886 +03:00][ 2306: 2444][info ] KrispVADSetup: sampleRate = 48000, duration = 10
[2025-Jul-02 01:22:18.211 +03:00][ 2306: 2423][info ] KrispVADReset
[2025-Jul-02 01:35:09.454 +03:00][ 2306: 2423][info ] KrispVADReset
[2025-Jul-02 01:35:13.481 +03:00][ 2306: 2444][info ] KrispVADSetup: sampleRate = 48000, duration = 10
[2025-Jul-02 01:37:04.225 +03:00][ 2306: 2423][info ] KrispVADReset
[2025-Jul-06 04:41:51.458 +03:00][228639:228639][info ] Logging initialized
[2025-Jul-06 04:41:51.458 +03:00][228639:228639][info ] Initializing krisp SDK...
[2025-Jul-06 04:41:51.458 +03:00][228639:228639][info ] DoKrispInitialize
[2025-Jul-06 04:41:51.697 +03:00][228639:228639][info ] LoadDynamicKrisp
[2025-Jul-06 04:41:51.697 +03:00][228639:228639][info ] Did not find KRISP_DYLIB_PATH, skipping dynamic loading
[2025-Jul-06 04:41:51.697 +03:00][228639:228639][info ] Initializing Krisp SDK in PID 228639, addr 0x7ff13478d8e0
[2025-Jul-06 04:41:51.824 +03:00][228639:228639][info ] Initialized Krisp SDK successfully
[2025-Jul-06 04:41:51.824 +03:00][228639:228639][info ] Krisp SDK initialized
[2025-Jul-06 04:41:55.227 +03:00][228639:228639][info ] KrispNCSetModel: model = 
[2025-Jul-06 04:42:30.543 +03:00][228639:228783][info ] KrispNCSetup: sampleRate = 48000, duration = 10
[2025-Jul-06 04:42:30.543 +03:00][228639:228783][info ] Setting Krisp model: full_NC
[2025-Jul-06 04:42:30.562 +03:00][228639:228783][info ] KrispVADSetup: sampleRate = 48000, duration = 10
[2025-Jul-06 08:17:13.376 +03:00][228639:228685][info ] KrispVADReset
[2025-Aug-03 16:16:47.739 +03:00][ 4578: 4578][info ] Logging initialized
[2025-Aug-03 16:16:47.739 +03:00][ 4578: 4578][info ] Initializing krisp SDK...
[2025-Aug-03 16:16:47.739 +03:00][ 4578: 4578][info ] DoKrispInitialize
[2025-Aug-03 16:16:47.981 +03:00][ 4578: 4578][info ] LoadDynamicKrisp
[2025-Aug-03 16:16:47.981 +03:00][ 4578: 4578][info ] Did not find KRISP_DYLIB_PATH, skipping dynamic loading
[2025-Aug-03 16:16:47.981 +03:00][ 4578: 4578][info ] Initializing Krisp SDK in PID 4578, addr 0x7f7c2cdb9a00
[2025-Aug-03 16:16:47.981 +03:00][ 4578: 4578][info ] Initialized Krisp SDK successfully
[2025-Aug-03 16:16:47.981 +03:00][ 4578: 4578][info ] Krisp SDK initialized
[2025-Aug-19 19:20:40.339 +03:00][ 2759: 2759][info ] Logging initialized
[2025-Aug-19 19:20:40.339 +03:00][ 2759: 2759][info ] Initializing krisp SDK...
[2025-Aug-19 19:20:40.339 +03:00][ 2759: 2759][info ] DoKrispInitialize
[2025-Aug-19 19:20:40.839 +03:00][ 2759: 2759][info ] LoadDynamicKrisp
[2025-Aug-19 19:20:40.839 +03:00][ 2759: 2759][info ] Did not find KRISP_DYLIB_PATH, skipping dynamic loading
[2025-Aug-19 19:20:40.839 +03:00][ 2759: 2759][info ] Initializing Krisp SDK in PID 2759, addr 0x7f2f94749ab0
[2025-Aug-19 19:20:40.840 +03:00][ 2759: 2759][info ] Initialized Krisp SDK successfully
[2025-Aug-19 19:20:40.840 +03:00][ 2759: 2759][info ] Krisp SDK initialized
[2025-Aug-19 19:22:06.151 +03:00][ 2759: 2837][info ] KrispNCSetup: sampleRate = 48000, duration = 10
[2025-Aug-19 19:22:06.151 +03:00][ 2759: 2837][info ] Setting Krisp model: full_NC
[2025-Aug-19 19:22:06.202 +03:00][ 2759: 2837][info ] KrispVADSetup: sampleRate = 48000, duration = 10
[2025-Aug-19 19:23:03.240 +03:00][ 2759: 2837][info ] KrispNCReset
[2025-Aug-19 19:23:03.240 +03:00][ 2759: 2837][info ] KrispNCSetup: sampleRate = 8000, duration = 10
[2025-Aug-19 19:23:03.240 +03:00][ 2759: 2837][info ] Setting Krisp model: small_NC_8k
[2025-Aug-19 19:23:03.265 +03:00][ 2759: 2837][info ] KrispVADReset
[2025-Aug-19 19:23:03.265 +03:00][ 2759: 2837][info ] KrispVADSetup: sampleRate = 8000, duration = 10
[2025-Aug-19 19:23:03.266 +03:00][ 2759: 2837][info ] KrispNCReset
[2025-Aug-19 19:23:03.266 +03:00][ 2759: 2837][info ] KrispNCSetup: sampleRate = 48000, duration = 10
[2025-Aug-19 19:23:03.266 +03:00][ 2759: 2837][info ] Setting Krisp model: full_NC
[2025-Aug-19 19:23:03.285 +03:00][ 2759: 2837][info ] KrispVADReset
[2025-Aug-19 19:23:03.285 +03:00][ 2759: 2837][info ] KrispVADSetup: sampleRate = 48000, duration = 10
[2025-Aug-19 19:27:24.659 +03:00][ 2759: 2837][info ] KrispVADSetup: sampleRate = 48000, duration = 10
[2025-Aug-19 19:27:25.221 +03:00][ 2759: 2829][info ] KrispNCReset
[2025-Aug-19 19:27:25.222 +03:00][ 2759: 2829][info ] KrispVADReset
[2025-Aug-19 19:27:25.235 +03:00][ 2759: 2837][info ] KrispVADSetup: sampleRate = 48000, duration = 10
[2025-Aug-19 19:27:26.328 +03:00][ 2759: 2829][info ] KrispVADReset
[2025-Aug-19 19:50:29.427 +03:00][ 2759: 2829][info ] KrispVADReset
[2025-Aug-19 19:51:35.249 +03:00][66807:66807][info ] Logging initialized
[2025-Aug-19 19:51:35.249 +03:00][66807:66807][info ] Initializing krisp SDK...
[2025-Aug-19 19:51:35.249 +03:00][66807:66807][info ] DoKrispInitialize
[2025-Aug-19 19:51:35.751 +03:00][66807:66807][info ] LoadDynamicKrisp
[2025-Aug-19 19:51:35.751 +03:00][66807:66807][info ] Did not find KRISP_DYLIB_PATH, skipping dynamic loading
[2025-Aug-19 19:51:35.751 +03:00][66807:66807][info ] Initializing Krisp SDK in PID 66807, addr 0x7f8578409ab0
[2025-Aug-19 19:51:35.752 +03:00][66807:66807][info ] Initialized Krisp SDK successfully
[2025-Aug-19 19:51:35.752 +03:00][66807:66807][info ] Krisp SDK initialized
[2025-Aug-19 20:01:57.036 +03:00][81839:81839][info ] Logging initialized
[2025-Aug-19 20:01:57.036 +03:00][81839:81839][info ] Initializing krisp SDK...
[2025-Aug-19 20:01:57.036 +03:00][81839:81839][info ] DoKrispInitialize
[2025-Aug-19 20:01:57.537 +03:00][81839:81839][info ] LoadDynamicKrisp
[2025-Aug-19 20:01:57.537 +03:00][81839:81839][info ] Did not find KRISP_DYLIB_PATH, skipping dynamic loading
[2025-Aug-19 20:01:57.537 +03:00][81839:81839][info ] Initializing Krisp SDK in PID 81839, addr 0x7fc923e09ab0
[2025-Aug-19 20:01:57.537 +03:00][81839:81839][info ] Initialized Krisp SDK successfully
[2025-Aug-19 20:01:57.537 +03:00][81839:81839][info ] Krisp SDK initialized
[2025-Aug-19 20:02:48.200 +03:00][81839:81892][info ] KrispVADSetup: sampleRate = 48000, duration = 10
[2025-Aug-19 20:07:24.035 +03:00][81839:81884][info ] KrispVADReset
[2025-Aug-20 05:02:15.883 +03:00][27189:27189][info ] Logging initialized
[2025-Aug-20 05:02:15.883 +03:00][27189:27189][info ] Initializing krisp SDK...
[2025-Aug-20 05:02:15.883 +03:00][27189:27189][info ] DoKrispInitialize
[2025-Aug-20 05:02:16.384 +03:00][27189:27189][info ] LoadDynamicKrisp
[2025-Aug-20 05:02:16.384 +03:00][27189:27189][info ] Did not find KRISP_DYLIB_PATH, skipping dynamic loading
[2025-Aug-20 05:02:16.384 +03:00][27189:27189][info ] Initializing Krisp SDK in PID 27189, addr 0x7fc6d9724a50
[2025-Aug-20 05:02:16.385 +03:00][27189:27189][info ] Initialized Krisp SDK successfully
[2025-Aug-20 05:02:16.385 +03:00][27189:27189][info ] Krisp SDK initialized
[2025-Aug-20 05:05:25.270 +03:00][32501:32501][info ] Logging initialized
[2025-Aug-20 05:05:25.270 +03:00][32501:32501][info ] Initializing krisp SDK...
[2025-Aug-20 05:05:25.270 +03:00][32501:32501][info ] DoKrispInitialize
[2025-Aug-20 05:05:25.774 +03:00][32501:32501][info ] LoadDynamicKrisp
[2025-Aug-20 05:05:25.774 +03:00][32501:32501][info ] Did not find KRISP_DYLIB_PATH, skipping dynamic loading
[2025-Aug-20 05:05:25.774 +03:00][32501:32501][info ] Initializing Krisp SDK in PID 32501, addr 0x7f962af24a50
[2025-Aug-20 05:05:25.774 +03:00][32501:32501][info ] Initialized Krisp SDK successfully
[2025-Aug-20 05:05:25.774 +03:00][32501:32501][info ] Krisp SDK initialized
[2025-Sep-05 12:32:16.062 +03:00][ 6528: 6528][info ] Logging initialized
[2025-Sep-05 12:32:16.062 +03:00][ 6528: 6528][info ] Initializing krisp SDK...
[2025-Sep-05 12:32:16.062 +03:00][ 6528: 6528][info ] DoKrispInitialize
[2025-Sep-05 12:32:16.559 +03:00][ 6528: 6528][info ] LoadDynamicKrisp
[2025-Sep-05 12:32:16.559 +03:00][ 6528: 6528][info ] Did not find KRISP_DYLIB_PATH, skipping dynamic loading
[2025-Sep-05 12:32:16.559 +03:00][ 6528: 6528][info ] Initializing Krisp SDK in PID 6528, addr 0x7ff1de924e70
[2025-Sep-05 12:32:16.559 +03:00][ 6528: 6528][info ] Initialized Krisp SDK successfully
[2025-Sep-05 12:32:16.559 +03:00][ 6528: 6528][info ] Krisp SDK initialized
