2025-06-02 22:21:10 Loading main app package /usr/lib/obsidian/obsidian.asar
2025-06-02 22:21:10 Checking for update using Github
2025-06-02 22:21:11 Success.
2025-06-02 22:21:11 Latest version is 1.8.10
2025-06-02 22:21:11 App is up to date.
2025-06-02 23:59:44 Loading main app package /usr/lib/obsidian/obsidian.asar
2025-06-02 23:59:44 Checking for update using Github
2025-06-02 23:59:45 Success.
2025-06-02 23:59:45 Latest version is 1.8.10
2025-06-02 23:59:45 App is up to date.
2025-06-03 07:30:56 Loading main app package /usr/lib/obsidian/obsidian.asar
2025-06-03 07:30:56 Checking for update using Github
2025-06-03 07:30:57 Success.
2025-06-03 07:30:57 Latest version is 1.8.10
2025-06-03 07:30:57 App is up to date.
2025-06-03 08:22:33 Loading main app package /usr/lib/obsidian/obsidian.asar
2025-06-03 08:22:33 Checking for update using Github
2025-06-03 08:22:34 Success.
2025-06-03 08:22:34 Latest version is 1.8.10
2025-06-03 08:22:34 App is up to date.
2025-06-03 09:22:33 Checking for update using Github
2025-06-03 09:22:33 Success.
2025-06-03 09:22:33 Latest version is 1.8.10
2025-06-03 09:22:33 App is up to date.
2025-06-04 03:24:01 Loading main app package /usr/lib/obsidian/obsidian.asar
2025-06-04 03:24:01 Checking for update using Github
2025-06-04 03:24:02 Success.
2025-06-04 03:24:02 Latest version is 1.8.10
2025-06-04 03:24:02 App is up to date.
2025-06-04 20:05:36 Loading main app package /usr/lib/obsidian/obsidian.asar
2025-06-04 20:05:36 Checking for update using Github
2025-06-04 20:05:37 Success.
2025-06-04 20:05:37 Latest version is 1.8.10
2025-06-04 20:05:37 App is up to date.
2025-06-05 18:02:16 Loading main app package /usr/lib/obsidian/obsidian.asar
2025-06-05 18:02:16 Checking for update using Github
2025-06-05 18:02:17 Success.
2025-06-05 18:02:17 Latest version is 1.8.10
2025-06-05 18:02:17 App is up to date.
2025-06-09 22:08:05 Loading main app package /usr/lib/obsidian/obsidian.asar
2025-06-09 22:08:05 Checking for update using Github
2025-06-09 22:08:06 Success.
2025-06-09 22:08:06 Latest version is 1.8.10
2025-06-09 22:08:06 App is up to date.
2025-06-10 07:53:12 Loading main app package /usr/lib/obsidian/obsidian.asar
2025-06-10 07:53:14 Checking for update using Github
2025-06-10 07:53:15 Success.
2025-06-10 07:53:15 Latest version is 1.8.10
2025-06-10 07:53:15 App is up to date.
2025-06-12 02:06:20 Loading main app package /usr/lib/obsidian/obsidian.asar
2025-06-12 02:06:20 Checking for update using Github
2025-06-12 02:06:21 Success.
2025-06-12 02:06:21 Latest version is 1.8.10
2025-06-12 02:06:21 App is up to date.
2025-06-12 05:58:00 Loading main app package /usr/lib/obsidian/obsidian.asar
2025-06-12 05:58:00 Checking for update using Github
2025-06-12 05:58:00 Success.
2025-06-12 05:58:00 Latest version is 1.8.10
2025-06-12 05:58:00 App is up to date.
2025-06-13 04:12:44 Loading main app package /usr/lib/obsidian/obsidian.asar
2025-06-13 04:12:44 Checking for update using Github
2025-06-13 04:12:44 Success.
2025-06-13 04:12:44 Latest version is 1.8.10
2025-06-13 04:12:44 App is up to date.
2025-06-13 09:45:14 Loading main app package /usr/lib/obsidian/obsidian.asar
2025-06-13 09:45:14 Checking for update using Github
2025-06-13 09:45:15 Success.
2025-06-13 09:45:15 Latest version is 1.8.10
2025-06-13 09:45:15 App is up to date.
2025-06-13 10:03:15 Loading main app package /usr/lib/obsidian/obsidian.asar
2025-06-13 10:03:15 Checking for update using Github
2025-06-13 10:03:16 Success.
2025-06-13 10:03:16 Latest version is 1.8.10
2025-06-13 10:03:16 App is up to date.
2025-06-13 11:03:15 Checking for update using Github
2025-06-13 11:03:16 Success.
2025-06-13 11:03:16 Latest version is 1.8.10
2025-06-13 11:03:16 App is up to date.
2025-06-13 11:13:11 Loading main app package /usr/lib/obsidian/obsidian.asar
2025-06-13 11:13:11 Checking for update using Github
2025-06-13 11:13:12 Success.
2025-06-13 11:13:12 Latest version is 1.8.10
2025-06-13 11:13:12 App is up to date.
2025-06-14 02:37:21 Loading main app package /usr/lib/obsidian/obsidian.asar
2025-06-14 02:37:22 Checking for update using Github
2025-06-14 02:37:22 Success.
2025-06-14 02:37:22 Latest version is 1.8.10
2025-06-14 02:37:22 App is up to date.
2025-06-14 03:37:21 Checking for update using Github
2025-06-14 03:37:22 Success.
2025-06-14 03:37:22 Latest version is 1.8.10
2025-06-14 03:37:22 App is up to date.
2025-06-14 06:12:36 Loading main app package /usr/lib/obsidian/obsidian.asar
2025-06-14 06:12:36 Checking for update using Github
2025-06-14 06:12:36 Success.
2025-06-14 06:12:36 Latest version is 1.8.10
2025-06-14 06:12:36 App is up to date.
2025-06-14 06:25:35 Loading main app package /usr/lib/obsidian/obsidian.asar
2025-06-14 06:25:36 Checking for update using Github
2025-06-14 06:25:36 Success.
2025-06-14 06:25:36 Latest version is 1.8.10
2025-06-14 06:25:36 App is up to date.
2025-06-14 07:41:32 Loading main app package /usr/lib/obsidian/obsidian.asar
2025-06-14 07:41:32 Checking for update using Github
2025-06-14 07:41:32 Success.
2025-06-14 07:41:32 Latest version is 1.8.10
2025-06-14 07:41:32 App is up to date.
2025-06-14 08:34:13 Loading main app package /usr/lib/obsidian/obsidian.asar
2025-06-14 08:34:14 Checking for update using Github
2025-06-14 08:34:14 Success.
2025-06-14 08:34:14 Latest version is 1.8.10
2025-06-14 08:34:14 App is up to date.
2025-06-17 02:51:32 Loading main app package /usr/lib/obsidian/obsidian.asar
2025-06-17 02:51:33 Checking for update using Github
2025-06-17 02:51:33 Success.
2025-06-17 02:51:33 Latest version is 1.8.10
2025-06-17 02:51:33 App is up to date.
2025-06-17 03:06:13 Loading main app package /usr/lib/obsidian/obsidian.asar
2025-06-17 03:06:13 Checking for update using Github
2025-06-17 03:06:14 Success.
2025-06-17 03:06:14 Latest version is 1.8.10
2025-06-17 03:06:14 App is up to date.
2025-06-17 03:27:39 Loading main app package /usr/lib/obsidian/obsidian.asar
2025-06-17 03:27:39 Checking for update using Github
2025-06-17 03:27:40 Success.
2025-06-17 03:27:40 Latest version is 1.8.10
2025-06-17 03:27:40 App is up to date.
2025-06-17 03:27:58 Loading main app package /usr/lib/obsidian/obsidian.asar
2025-06-17 03:27:58 Checking for update using Github
2025-06-17 03:27:58 Success.
2025-06-17 03:27:58 Latest version is 1.8.10
2025-06-17 03:27:58 App is up to date.
2025-06-17 03:28:51 Loading main app package /usr/lib/obsidian/obsidian.asar
2025-06-17 03:28:51 Checking for update using Github
2025-06-17 03:28:51 Success.
2025-06-17 03:28:51 Latest version is 1.8.10
2025-06-17 03:28:51 App is up to date.
2025-06-17 03:53:48 Loading main app package /usr/lib/obsidian/obsidian.asar
2025-06-17 03:53:48 Checking for update using Github
2025-06-17 03:53:48 Success.
2025-06-17 03:53:48 Latest version is 1.8.10
2025-06-17 03:53:48 App is up to date.
2025-06-18 01:28:30 Loading main app package /usr/lib/obsidian/obsidian.asar
2025-06-18 01:28:30 Checking for update using Github
2025-06-18 01:28:31 Success.
2025-06-18 01:28:31 Latest version is 1.8.10
2025-06-18 01:28:31 App is up to date.
2025-06-18 02:28:30 Checking for update using Github
2025-06-18 02:28:31 Success.
2025-06-18 02:28:31 Latest version is 1.8.10
2025-06-18 02:28:31 App is up to date.
2025-06-22 01:21:45 Loading main app package /usr/lib/obsidian/obsidian.asar
2025-06-22 01:21:45 Checking for update using Github
2025-06-22 01:21:46 Success.
2025-06-22 01:21:46 Latest version is 1.8.10
2025-06-22 01:21:46 App is up to date.
2025-06-22 01:26:59 Loading main app package /usr/lib/obsidian/obsidian.asar
2025-06-22 01:27:00 Checking for update using Github
2025-06-22 01:27:00 Success.
2025-06-22 01:27:00 Latest version is 1.8.10
2025-06-22 01:27:00 App is up to date.
2025-06-22 01:30:08 Loading main app package /usr/lib/obsidian/obsidian.asar
2025-06-22 01:30:08 Checking for update using Github
2025-06-22 01:30:08 Success.
2025-06-22 01:30:08 Latest version is 1.8.10
2025-06-22 01:30:08 App is up to date.
2025-06-22 01:30:21 Checking for update using Github
2025-06-22 01:30:21 Success.
2025-06-22 01:30:21 Latest version is 1.8.10
2025-06-22 01:30:21 App is up to date.
2025-06-22 01:35:58 Loading main app package /usr/lib/obsidian/obsidian.asar
2025-06-22 01:35:59 Checking for update using Github
2025-06-22 01:35:59 Success.
2025-06-22 01:35:59 Latest version is 1.8.10
2025-06-22 01:35:59 App is up to date.
2025-06-22 01:38:33 Loading main app package /usr/lib/obsidian/obsidian.asar
2025-06-22 01:38:34 Checking for update using Github
2025-06-22 01:38:34 Success.
2025-06-22 01:38:34 Latest version is 1.8.10
2025-06-22 01:38:34 App is up to date.
2025-06-22 01:40:47 Loading main app package /usr/lib/obsidian/obsidian.asar
2025-06-22 01:40:47 Checking for update using Github
2025-06-22 01:40:47 Success.
2025-06-22 01:40:47 Latest version is 1.8.10
2025-06-22 01:40:47 App is up to date.
2025-06-22 01:55:00 Loading main app package /usr/lib/obsidian/obsidian.asar
2025-06-22 01:55:01 Checking for update using Github
2025-06-22 01:55:01 Success.
2025-06-22 01:55:01 Latest version is 1.8.10
2025-06-22 01:55:01 App is up to date.
2025-06-22 01:56:42 Loading main app package /usr/lib/obsidian/obsidian.asar
2025-06-22 01:56:42 Checking for update using Github
2025-06-22 01:58:15 Loading main app package /usr/lib/obsidian/obsidian.asar
2025-06-22 01:58:15 Checking for update using Github
2025-06-22 01:58:15 Success.
2025-06-22 01:58:15 Latest version is 1.8.10
2025-06-22 01:58:15 App is up to date.
2025-06-23 17:26:38 Loading main app package /usr/lib/obsidian/obsidian.asar
2025-06-23 17:26:38 Checking for update using Github
2025-06-23 17:26:38 Success.
2025-06-23 17:26:38 Latest version is 1.8.10
2025-06-23 17:26:38 App is up to date.
2025-06-23 18:26:38 Checking for update using Github
2025-06-23 18:26:38 Success.
2025-06-23 18:26:38 Latest version is 1.8.10
2025-06-23 18:26:38 App is up to date.
2025-06-23 19:26:38 Checking for update using Github
2025-06-23 19:26:38 Success.
2025-06-23 19:26:38 Latest version is 1.8.10
2025-06-23 19:26:38 App is up to date.
2025-06-24 11:19:21 Loading main app package /usr/lib/obsidian/obsidian.asar
2025-06-24 11:19:21 Checking for update using Github
2025-06-24 11:19:22 Success.
2025-06-24 11:19:22 Latest version is 1.8.10
2025-06-24 11:19:22 App is up to date.
2025-06-25 13:43:45 Loading main app package /usr/lib/obsidian/obsidian.asar
2025-06-25 13:43:45 Checking for update using Github
2025-06-25 13:43:46 Success.
2025-06-25 13:43:46 Latest version is 1.8.10
2025-06-25 13:43:46 App is up to date.
2025-06-25 13:45:44 Loading main app package /usr/lib/obsidian/obsidian.asar
2025-06-25 13:45:44 Checking for update using Github
2025-06-25 13:45:45 Success.
2025-06-25 13:45:45 Latest version is 1.8.10
2025-06-25 13:45:45 App is up to date.
2025-06-25 14:14:22 Loading main app package /usr/lib/obsidian/obsidian.asar
2025-06-25 14:14:22 Checking for update using Github
2025-06-25 14:14:23 Success.
2025-06-25 14:14:23 Latest version is 1.8.10
2025-06-25 14:14:23 App is up to date.
2025-06-25 14:14:49 Loading main app package /usr/lib/obsidian/obsidian.asar
2025-06-25 14:14:49 Checking for update using Github
2025-06-25 14:14:49 Success.
2025-06-25 14:14:49 Latest version is 1.8.10
2025-06-25 14:14:49 App is up to date.
2025-06-25 15:02:03 Loading main app package /usr/lib/obsidian/obsidian.asar
2025-06-25 15:02:03 Checking for update using Github
2025-06-25 15:02:03 Success.
2025-06-25 15:02:03 Latest version is 1.8.10
2025-06-25 15:02:03 App is up to date.
2025-06-25 15:59:32 Loading main app package /usr/lib/obsidian/obsidian.asar
2025-06-25 15:59:32 Checking for update using Github
2025-06-25 15:59:32 Success.
2025-06-25 15:59:32 Latest version is 1.8.10
2025-06-25 15:59:32 App is up to date.
2025-06-25 16:00:20 Loading main app package /usr/lib/obsidian/obsidian.asar
2025-06-25 16:00:20 Checking for update using Github
2025-06-25 16:00:20 Success.
2025-06-25 16:00:20 Latest version is 1.8.10
2025-06-25 16:00:20 App is up to date.
2025-06-25 16:00:40 Loading main app package /usr/lib/obsidian/obsidian.asar
2025-06-25 16:00:41 Checking for update using Github
2025-06-25 16:00:41 Success.
2025-06-25 16:00:41 Latest version is 1.8.10
2025-06-25 16:00:41 App is up to date.
2025-06-25 16:02:34 Loading main app package /usr/lib/obsidian/obsidian.asar
2025-06-25 16:02:34 Checking for update using Github
2025-06-25 16:02:34 Success.
2025-06-25 16:02:34 Latest version is 1.8.10
2025-06-25 16:02:34 App is up to date.
2025-06-25 16:03:46 Loading main app package /usr/lib/obsidian/obsidian.asar
2025-06-25 16:03:46 Checking for update using Github
2025-06-25 16:03:46 Success.
2025-06-25 16:03:46 Latest version is 1.8.10
2025-06-25 16:03:46 App is up to date.
2025-06-25 16:09:33 Checking for update using Github
2025-06-25 16:09:34 Success.
2025-06-25 16:09:34 Latest version is 1.8.10
2025-06-25 16:09:34 App is up to date.
2025-06-25 16:09:36 Checking for update using Github
2025-06-25 16:09:36 Success.
2025-06-25 16:09:36 Latest version is 1.8.10
2025-06-25 16:09:36 App is up to date.
2025-06-25 16:09:39 Checking for update using Github
2025-06-25 16:09:39 Success.
2025-06-25 16:09:39 Latest version is 1.8.10
2025-06-25 16:09:39 App is up to date.
2025-06-25 16:14:54 Loading main app package /usr/lib/obsidian/obsidian.asar
2025-06-25 16:14:54 Checking for update using Github
2025-06-25 16:14:55 Success.
2025-06-25 16:14:55 Latest version is 1.8.10
2025-06-25 16:14:55 App is up to date.
2025-06-25 16:15:07 Loading main app package /usr/lib/obsidian/obsidian.asar
2025-06-25 16:15:07 Checking for update using Github
2025-06-25 16:15:08 Success.
2025-06-25 16:15:08 Latest version is 1.8.10
2025-06-25 16:15:08 App is up to date.
2025-06-25 16:15:35 Loading main app package /usr/lib/obsidian/obsidian.asar
2025-06-25 16:15:36 Checking for update using Github
2025-06-25 16:15:36 Success.
2025-06-25 16:15:36 Latest version is 1.8.10
2025-06-25 16:15:36 App is up to date.
2025-06-25 16:17:29 Loading main app package /usr/lib/obsidian/obsidian.asar
2025-06-25 16:17:29 Checking for update using Github
2025-06-25 16:17:29 Success.
2025-06-25 16:17:29 Latest version is 1.8.10
2025-06-25 16:17:29 App is up to date.
2025-06-25 16:18:08 Loading main app package /usr/lib/obsidian/obsidian.asar
2025-06-25 16:18:09 Checking for update using Github
2025-06-25 16:18:09 Success.
2025-06-25 16:18:09 Latest version is 1.8.10
2025-06-25 16:18:09 App is up to date.
2025-06-25 16:19:14 Loading main app package /usr/lib/obsidian/obsidian.asar
2025-06-25 16:19:14 Checking for update using Github
2025-06-25 16:19:14 Success.
2025-06-25 16:19:14 Latest version is 1.8.10
2025-06-25 16:19:14 App is up to date.
2025-06-25 16:19:50 Loading main app package /usr/lib/obsidian/obsidian.asar
2025-06-25 16:19:50 Checking for update using Github
2025-06-25 16:19:50 Success.
2025-06-25 16:19:50 Latest version is 1.8.10
2025-06-25 16:19:50 App is up to date.
2025-06-25 16:42:08 Loading main app package /usr/lib/obsidian/obsidian.asar
2025-06-25 16:42:08 Checking for update using Github
2025-06-25 16:42:09 Success.
2025-06-25 16:42:09 Latest version is 1.8.10
2025-06-25 16:42:09 App is up to date.
2025-06-25 16:42:23 Loading main app package /usr/lib/obsidian/obsidian.asar
2025-06-25 16:42:23 Checking for update using Github
2025-06-25 16:42:23 Success.
2025-06-25 16:42:23 Latest version is 1.8.10
2025-06-25 16:42:23 App is up to date.
2025-06-25 16:42:26 Loading main app package /usr/lib/obsidian/obsidian.asar
2025-06-25 16:42:26 Checking for update using Github
2025-06-25 16:42:26 Success.
2025-06-25 16:42:26 Latest version is 1.8.10
2025-06-25 16:42:26 App is up to date.
2025-06-25 16:42:29 Loading main app package /usr/lib/obsidian/obsidian.asar
2025-06-25 16:42:29 Checking for update using Github
2025-06-25 16:42:29 Success.
2025-06-25 16:42:29 Latest version is 1.8.10
2025-06-25 16:42:29 App is up to date.
2025-06-25 16:46:44 Loading main app package /usr/lib/obsidian/obsidian.asar
2025-06-25 16:46:44 Checking for update using Github
2025-06-25 16:46:44 Success.
2025-06-25 16:46:44 Latest version is 1.8.10
2025-06-25 16:46:44 App is up to date.
2025-06-25 16:46:48 Loading main app package /usr/lib/obsidian/obsidian.asar
2025-06-25 16:46:48 Checking for update using Github
2025-06-25 16:46:48 Success.
2025-06-25 16:46:48 Latest version is 1.8.10
2025-06-25 16:46:48 App is up to date.
2025-06-25 16:46:57 Loading main app package /usr/lib/obsidian/obsidian.asar
2025-06-25 16:46:57 Checking for update using Github
2025-06-25 16:46:57 Success.
2025-06-25 16:46:57 Latest version is 1.8.10
2025-06-25 16:46:57 App is up to date.
2025-06-25 16:47:36 Loading main app package /usr/lib/obsidian/obsidian.asar
2025-06-25 16:47:37 Checking for update using Github
2025-06-25 16:47:37 Success.
2025-06-25 16:47:37 Latest version is 1.8.10
2025-06-25 16:47:37 App is up to date.
2025-06-25 16:47:40 Loading main app package /usr/lib/obsidian/obsidian.asar
2025-06-25 16:47:40 Checking for update using Github
2025-06-25 16:47:40 Success.
2025-06-25 16:47:40 Latest version is 1.8.10
2025-06-25 16:47:40 App is up to date.
2025-06-25 16:47:43 Loading main app package /usr/lib/obsidian/obsidian.asar
2025-06-25 16:47:43 Checking for update using Github
2025-06-25 16:47:43 Success.
2025-06-25 16:47:43 Latest version is 1.8.10
2025-06-25 16:47:43 App is up to date.
2025-06-25 16:47:47 Loading main app package /usr/lib/obsidian/obsidian.asar
2025-06-25 16:47:47 Checking for update using Github
2025-06-25 16:47:47 Success.
2025-06-25 16:47:47 Latest version is 1.8.10
2025-06-25 16:47:47 App is up to date.
2025-06-25 16:47:53 Loading main app package /usr/lib/obsidian/obsidian.asar
2025-06-25 16:47:53 Checking for update using Github
2025-06-25 16:47:59 Loading main app package /usr/lib/obsidian/obsidian.asar
2025-06-25 16:48:00 Checking for update using Github
2025-06-25 16:48:00 Success.
2025-06-25 16:48:00 Latest version is 1.8.10
2025-06-25 16:48:00 App is up to date.
2025-06-25 16:48:37 Loading main app package /usr/lib/obsidian/obsidian.asar
2025-06-25 16:48:37 Checking for update using Github
2025-06-25 16:48:37 Success.
2025-06-25 16:48:37 Latest version is 1.8.10
2025-06-25 16:48:37 App is up to date.
2025-06-25 16:49:07 Loading main app package /usr/lib/obsidian/obsidian.asar
2025-06-25 16:49:07 Checking for update using Github
2025-06-25 16:49:07 Success.
2025-06-25 16:49:07 Latest version is 1.8.10
2025-06-25 16:49:07 App is up to date.
2025-06-25 16:49:31 Loading main app package /usr/lib/obsidian/obsidian.asar
2025-06-25 16:49:31 Checking for update using Github
2025-06-25 16:49:31 Success.
2025-06-25 16:49:31 Latest version is 1.8.10
2025-06-25 16:49:31 App is up to date.
2025-06-25 16:49:38 Loading main app package /usr/lib/obsidian/obsidian.asar
2025-06-25 16:49:39 Checking for update using Github
2025-06-25 16:49:39 Success.
2025-06-25 16:49:39 Latest version is 1.8.10
2025-06-25 16:49:39 App is up to date.
2025-06-25 16:49:44 Loading main app package /usr/lib/obsidian/obsidian.asar
2025-06-25 16:49:44 Checking for update using Github
2025-06-25 16:49:44 Success.
2025-06-25 16:49:44 Latest version is 1.8.10
2025-06-25 16:49:44 App is up to date.
2025-06-25 18:26:21 Loading main app package /usr/lib/obsidian/obsidian.asar
2025-06-25 18:26:21 Checking for update using Github
2025-06-25 18:26:22 Success.
2025-06-25 18:26:22 Latest version is 1.8.10
2025-06-25 18:26:22 App is up to date.
2025-06-25 19:26:21 Checking for update using Github
2025-06-25 19:26:21 Success.
2025-06-25 19:26:21 Latest version is 1.8.10
2025-06-25 19:26:21 App is up to date.
2025-06-26 13:48:53 Loading main app package /usr/lib/obsidian/obsidian.asar
2025-06-26 13:48:54 Checking for update using Github
2025-06-26 13:48:54 Success.
2025-06-26 13:48:54 Latest version is 1.8.10
2025-06-26 13:48:54 App is up to date.
2025-06-26 19:16:58 Loading main app package /usr/lib/obsidian/obsidian.asar
2025-06-26 19:16:59 Checking for update using Github
2025-06-26 19:16:59 Success.
2025-06-26 19:16:59 Latest version is 1.8.10
2025-06-26 19:16:59 App is up to date.
2025-06-26 19:33:52 Loading main app package /usr/lib/obsidian/obsidian.asar
2025-06-26 19:33:52 Checking for update using Github
2025-06-26 19:33:53 Success.
2025-06-26 19:33:53 Latest version is 1.8.10
2025-06-26 19:33:53 App is up to date.
2025-06-26 19:35:23 Loading main app package /usr/lib/obsidian/obsidian.asar
2025-06-26 19:35:23 Checking for update using Github
2025-06-26 19:35:23 Loading main app package /usr/lib/obsidian/obsidian.asar
2025-06-26 19:35:23 Checking for update using Github
2025-06-26 19:35:23 Loading main app package /usr/lib/obsidian/obsidian.asar
2025-06-26 19:35:23 Checking for update using Github
2025-06-27 13:10:14 Loading main app package /usr/lib/obsidian/obsidian.asar
2025-06-27 13:10:14 Checking for update using Github
2025-06-27 13:10:14 Success.
2025-06-27 13:10:14 Latest version is 1.8.10
2025-06-27 13:10:14 App is up to date.
2025-06-27 13:29:21 Loading main app package /usr/lib/obsidian/obsidian.asar
2025-06-27 13:29:22 Checking for update using Github
2025-06-27 13:29:22 Success.
2025-06-27 13:29:22 Latest version is 1.8.10
2025-06-27 13:29:22 App is up to date.
2025-06-27 14:29:21 Checking for update using Github
2025-06-27 14:29:22 Success.
2025-06-27 14:29:22 Latest version is 1.8.10
2025-06-27 14:29:22 App is up to date.
2025-06-27 15:29:21 Checking for update using Github
2025-06-27 15:29:22 Success.
2025-06-27 15:29:22 Latest version is 1.8.10
2025-06-27 15:29:22 App is up to date.
2025-06-27 16:29:21 Checking for update using Github
2025-06-27 16:29:22 Success.
2025-06-27 16:29:22 Latest version is 1.8.10
2025-06-27 16:29:22 App is up to date.
2025-06-27 17:29:21 Checking for update using Github
2025-06-27 17:29:22 Success.
2025-06-27 17:29:22 Latest version is 1.8.10
2025-06-27 17:29:22 App is up to date.
2025-06-27 18:29:21 Checking for update using Github
2025-06-27 18:29:22 Success.
2025-06-27 18:29:22 Latest version is 1.8.10
2025-06-27 18:29:22 App is up to date.
2025-06-27 19:29:21 Checking for update using Github
2025-06-27 19:29:22 Success.
2025-06-27 19:29:22 Latest version is 1.8.10
2025-06-27 19:29:22 App is up to date.
2025-06-27 19:54:05 Loading main app package /usr/lib/obsidian/obsidian.asar
2025-06-27 19:54:05 Checking for update using Github
2025-06-27 19:54:05 Success.
2025-06-27 19:54:05 Latest version is 1.8.10
2025-06-27 19:54:05 App is up to date.
2025-06-27 21:56:32 Loading main app package /usr/lib/obsidian/obsidian.asar
2025-06-27 21:56:32 Checking for update using Github
2025-06-27 21:56:33 Success.
2025-06-27 21:56:33 Latest version is 1.8.10
2025-06-27 21:56:33 App is up to date.
2025-06-27 21:58:10 Checking for update using Github
2025-06-27 21:58:10 Success.
2025-06-27 21:58:10 Latest version is 1.8.10
2025-06-27 21:58:10 App is up to date.
2025-06-27 21:58:11 Checking for update using Github
2025-06-27 21:58:11 Success.
2025-06-27 21:58:11 Latest version is 1.8.10
2025-06-27 21:58:11 App is up to date.
2025-06-27 21:58:49 Loading main app package /usr/lib/obsidian/obsidian.asar
2025-06-27 21:58:49 Checking for update using Github
2025-06-27 21:58:49 Success.
2025-06-27 21:58:49 Latest version is 1.8.10
2025-06-27 21:58:49 App is up to date.
2025-06-28 08:21:40 Loading main app package /usr/lib/obsidian/obsidian.asar
2025-06-28 08:21:40 Checking for update using Github
2025-06-28 08:21:41 Success.
2025-06-28 08:21:41 Latest version is 1.8.10
2025-06-28 08:21:41 App is up to date.
2025-06-28 08:42:41 Loading main app package /usr/lib/obsidian/obsidian.asar
2025-06-28 08:42:42 Checking for update using Github
2025-06-28 08:42:42 Success.
2025-06-28 08:42:42 Latest version is 1.8.10
2025-06-28 08:42:42 App is up to date.
2025-06-28 08:43:01 Loading main app package /usr/lib/obsidian/obsidian.asar
2025-06-28 08:43:01 Checking for update using Github
2025-06-28 08:43:01 Success.
2025-06-28 08:43:01 Latest version is 1.8.10
2025-06-28 08:43:01 App is up to date.
2025-06-28 08:43:16 Loading main app package /usr/lib/obsidian/obsidian.asar
2025-06-28 08:43:16 Checking for update using Github
2025-06-28 08:43:16 Success.
2025-06-28 08:43:16 Latest version is 1.8.10
2025-06-28 08:43:16 App is up to date.
2025-06-28 08:43:48 Loading main app package /usr/lib/obsidian/obsidian.asar
2025-06-28 08:43:48 Checking for update using Github
2025-06-28 08:43:48 Success.
2025-06-28 08:43:48 Latest version is 1.8.10
2025-06-28 08:43:48 App is up to date.
2025-06-28 08:45:14 Loading main app package /usr/lib/obsidian/obsidian.asar
2025-06-28 08:45:14 Checking for update using Github
2025-06-28 08:45:14 Success.
2025-06-28 08:45:14 Latest version is 1.8.10
2025-06-28 08:45:14 App is up to date.
2025-06-28 08:57:33 Loading main app package /usr/lib/obsidian/obsidian.asar
2025-06-28 08:57:34 Checking for update using Github
2025-06-28 08:57:34 Success.
2025-06-28 08:57:34 Latest version is 1.8.10
2025-06-28 08:57:34 App is up to date.
2025-06-28 08:58:24 Loading main app package /usr/lib/obsidian/obsidian.asar
2025-06-28 08:58:25 Checking for update using Github
2025-06-28 08:58:25 Success.
2025-06-28 08:58:25 Latest version is 1.8.10
2025-06-28 08:58:25 App is up to date.
2025-06-28 08:59:10 Loading main app package /usr/lib/obsidian/obsidian.asar
2025-06-28 08:59:10 Checking for update using Github
2025-06-28 08:59:10 Success.
2025-06-28 08:59:10 Latest version is 1.8.10
2025-06-28 08:59:10 App is up to date.
2025-06-28 09:00:43 Loading main app package /usr/lib/obsidian/obsidian.asar
2025-06-28 09:00:43 Checking for update using Github
2025-06-28 09:00:43 Success.
2025-06-28 09:00:43 Latest version is 1.8.10
2025-06-28 09:00:43 App is up to date.
2025-06-28 09:01:25 Loading main app package /usr/lib/obsidian/obsidian.asar
2025-06-28 09:01:25 Checking for update using Github
2025-06-28 09:01:25 Success.
2025-06-28 09:01:25 Latest version is 1.8.10
2025-06-28 09:01:25 App is up to date.
2025-06-28 09:02:39 Loading main app package /usr/lib/obsidian/obsidian.asar
2025-06-28 09:02:39 Checking for update using Github
2025-06-28 09:02:40 Success.
2025-06-28 09:02:40 Latest version is 1.8.10
2025-06-28 09:02:40 App is up to date.
2025-06-28 09:05:03 Loading main app package /usr/lib/obsidian/obsidian.asar
2025-06-28 09:05:04 Checking for update using Github
2025-06-28 09:05:04 Success.
2025-06-28 09:05:04 Latest version is 1.8.10
2025-06-28 09:05:04 App is up to date.
2025-06-28 09:09:35 Loading main app package /usr/lib/obsidian/obsidian.asar
2025-06-28 09:09:35 Checking for update using Github
2025-06-28 09:09:36 Success.
2025-06-28 09:09:36 Latest version is 1.8.10
2025-06-28 09:09:36 App is up to date.
2025-06-28 09:10:29 Loading main app package /usr/lib/obsidian/obsidian.asar
2025-06-28 09:10:29 Checking for update using Github
2025-06-28 09:10:29 Success.
2025-06-28 09:10:29 Latest version is 1.8.10
2025-06-28 09:10:29 App is up to date.
2025-06-28 09:10:39 Loading main app package /usr/lib/obsidian/obsidian.asar
2025-06-28 09:10:39 Checking for update using Github
2025-06-28 09:10:39 Success.
2025-06-28 09:10:39 Latest version is 1.8.10
2025-06-28 09:10:39 App is up to date.
2025-06-28 10:39:33 Loading main app package /usr/lib/obsidian/obsidian.asar
2025-06-28 10:39:33 Checking for update using Github
2025-06-28 10:39:34 Success.
2025-06-28 10:39:34 Latest version is 1.8.10
2025-06-28 10:39:34 App is up to date.
2025-06-28 10:40:31 Loading main app package /usr/lib/obsidian/obsidian.asar
2025-06-28 10:40:31 Checking for update using Github
2025-06-28 10:40:31 Success.
2025-06-28 10:40:31 Latest version is 1.8.10
2025-06-28 10:40:31 App is up to date.
2025-06-28 16:13:19 Loading main app package /usr/lib/obsidian/obsidian.asar
2025-06-28 16:13:19 Checking for update using Github
2025-06-28 16:13:20 Success.
2025-06-28 16:13:20 Latest version is 1.8.10
2025-06-28 16:13:20 App is up to date.
2025-06-28 19:22:04 Loading main app package /usr/lib/obsidian/obsidian.asar
2025-06-28 19:22:04 Checking for update using Github
2025-06-28 19:22:04 Success.
2025-06-28 19:22:04 Latest version is 1.8.10
2025-06-28 19:22:04 App is up to date.
2025-06-28 19:22:16 Loading main app package /usr/lib/obsidian/obsidian.asar
2025-06-28 19:22:16 Checking for update using Github
2025-06-28 19:22:16 Success.
2025-06-28 19:22:16 Latest version is 1.8.10
2025-06-28 19:22:16 App is up to date.
2025-06-28 19:22:30 Loading main app package /usr/lib/obsidian/obsidian.asar
2025-06-28 19:22:30 Checking for update using Github
2025-06-28 19:22:30 Success.
2025-06-28 19:22:30 Latest version is 1.8.10
2025-06-28 19:22:30 App is up to date.
2025-06-28 19:27:05 Loading main app package /usr/lib/obsidian/obsidian.asar
2025-06-28 19:27:05 Checking for update using Github
2025-06-28 19:27:06 Success.
2025-06-28 19:27:06 Latest version is 1.8.10
2025-06-28 19:27:06 App is up to date.
2025-06-29 07:59:17 Loading main app package /usr/lib/obsidian/obsidian.asar
2025-06-29 07:59:18 Checking for update using Github
2025-06-29 07:59:19 Success.
2025-06-29 07:59:19 Latest version is 1.8.10
2025-06-29 07:59:19 App is up to date.
2025-06-29 08:59:17 Checking for update using Github
2025-06-29 08:59:18 Success.
2025-06-29 08:59:18 Latest version is 1.8.10
2025-06-29 08:59:18 App is up to date.
2025-06-29 09:59:17 Checking for update using Github
2025-06-29 09:59:18 Success.
2025-06-29 09:59:18 Latest version is 1.8.10
2025-06-29 09:59:18 App is up to date.
2025-06-29 10:59:17 Checking for update using Github
2025-06-29 10:59:18 Success.
2025-06-29 10:59:18 Latest version is 1.8.10
2025-06-29 10:59:18 App is up to date.
2025-06-29 11:59:17 Checking for update using Github
2025-06-29 11:59:18 Success.
2025-06-29 11:59:18 Latest version is 1.8.10
2025-06-29 11:59:18 App is up to date.
2025-06-29 12:59:17 Checking for update using Github
2025-06-29 12:59:18 Success.
2025-06-29 12:59:18 Latest version is 1.8.10
2025-06-29 12:59:18 App is up to date.
2025-06-29 13:59:17 Checking for update using Github
2025-06-29 13:59:18 Success.
2025-06-29 13:59:18 Latest version is 1.8.10
2025-06-29 13:59:18 App is up to date.
2025-06-29 18:55:39 Loading main app package /usr/lib/obsidian/obsidian.asar
2025-06-29 18:55:39 Checking for update using Github
2025-06-29 18:55:40 Success.
2025-06-29 18:55:40 Latest version is 1.8.10
2025-06-29 18:55:40 App is up to date.
2025-06-30 02:35:08 Loading main app package /usr/lib/obsidian/obsidian.asar
2025-06-30 02:35:09 Checking for update using Github
2025-06-30 02:35:09 Success.
2025-06-30 02:35:09 Latest version is 1.8.10
2025-06-30 02:35:09 App is up to date.
2025-06-30 03:35:08 Checking for update using Github
2025-06-30 03:35:09 Success.
2025-06-30 03:35:09 Latest version is 1.8.10
2025-06-30 03:35:09 App is up to date.
2025-06-30 04:35:08 Checking for update using Github
2025-06-30 04:35:09 Success.
2025-06-30 04:35:09 Latest version is 1.8.10
2025-06-30 04:35:09 App is up to date.
2025-06-30 19:33:52 Loading main app package /usr/lib/obsidian/obsidian.asar
2025-06-30 19:33:52 Checking for update using Github
2025-06-30 19:33:53 Success.
2025-06-30 19:33:53 Latest version is 1.8.10
2025-06-30 19:33:53 App is up to date.
2025-07-01 10:16:41 Loading main app package /usr/lib/obsidian/obsidian.asar
2025-07-01 10:16:41 Checking for update using Github
2025-07-01 10:16:41 Success.
2025-07-01 10:16:41 Latest version is 1.8.10
2025-07-01 10:16:41 App is up to date.
2025-07-01 11:16:41 Checking for update using Github
2025-07-01 11:16:41 Success.
2025-07-01 11:16:41 Latest version is 1.8.10
2025-07-01 11:16:41 App is up to date.
2025-07-01 12:16:41 Checking for update using Github
2025-07-01 12:16:41 Success.
2025-07-01 12:16:41 Latest version is 1.8.10
2025-07-01 12:16:41 App is up to date.
2025-07-01 13:16:41 Checking for update using Github
2025-07-01 13:16:41 Success.
2025-07-01 13:16:41 Latest version is 1.8.10
2025-07-01 13:16:41 App is up to date.
2025-07-01 14:16:41 Checking for update using Github
2025-07-01 14:16:41 Success.
2025-07-01 14:16:41 Latest version is 1.8.10
2025-07-01 14:16:41 App is up to date.
2025-07-01 18:14:55 Loading main app package /usr/lib/obsidian/obsidian.asar
2025-07-01 18:14:56 Checking for update using Github
2025-07-01 18:14:56 Success.
2025-07-01 18:14:56 Latest version is 1.8.10
2025-07-01 18:14:56 App is up to date.
2025-07-03 00:13:14 Loading main app package /usr/lib/obsidian/obsidian.asar
2025-07-03 00:13:14 Checking for update using Github
2025-07-03 00:13:15 Success.
2025-07-03 00:13:15 Latest version is 1.8.10
2025-07-03 00:13:15 App is up to date.
2025-07-03 00:17:59 Loading main app package /usr/lib/obsidian/obsidian.asar
2025-07-03 00:17:59 Checking for update using Github
2025-07-03 00:17:59 Success.
2025-07-03 00:17:59 Latest version is 1.8.10
2025-07-03 00:17:59 App is up to date.
2025-07-03 00:57:56 Loading main app package /usr/lib/obsidian/obsidian.asar
2025-07-03 00:57:56 Checking for update using Github
2025-07-03 00:57:57 Success.
2025-07-03 00:57:57 Latest version is 1.8.10
2025-07-03 00:57:57 App is up to date.
2025-07-03 00:59:16 Loading main app package /usr/lib/obsidian/obsidian.asar
2025-07-03 00:59:16 Checking for update using Github
2025-07-03 00:59:16 Success.
2025-07-03 00:59:16 Latest version is 1.8.10
2025-07-03 00:59:16 App is up to date.
2025-07-04 18:12:55 Loading main app package /usr/lib/obsidian/obsidian.asar
2025-07-04 18:12:55 Checking for update using Github
2025-07-04 18:12:55 Success.
2025-07-04 18:12:55 Latest version is 1.8.10
2025-07-04 18:12:55 App is up to date.
2025-07-04 20:32:12 Loading main app package /usr/lib/obsidian/obsidian.asar
2025-07-04 20:32:13 Checking for update using Github
2025-07-04 20:32:13 Success.
2025-07-04 20:32:13 Latest version is 1.8.10
2025-07-04 20:32:13 App is up to date.
2025-07-04 21:08:54 Loading main app package /usr/lib/obsidian/obsidian.asar
2025-07-04 21:08:54 Checking for update using Github
2025-07-04 21:08:55 Success.
2025-07-04 21:08:55 Latest version is 1.8.10
2025-07-04 21:08:55 App is up to date.
2025-07-04 22:08:54 Checking for update using Github
2025-07-04 22:08:55 Success.
2025-07-04 22:08:55 Latest version is 1.8.10
2025-07-04 22:08:55 App is up to date.
2025-07-04 23:08:54 Checking for update using Github
2025-07-04 23:08:55 Success.
2025-07-04 23:08:55 Latest version is 1.8.10
2025-07-04 23:08:55 App is up to date.
2025-07-05 21:03:38 Loading main app package /usr/lib/obsidian/obsidian.asar
2025-07-05 21:03:39 Checking for update using Github
2025-07-05 21:03:40 Success.
2025-07-05 21:03:40 Latest version is 1.8.10
2025-07-05 21:03:40 App is up to date.
2025-07-05 23:31:22 Loading main app package /usr/lib/obsidian/obsidian.asar
2025-07-05 23:31:23 Checking for update using Github
2025-07-05 23:31:23 Success.
2025-07-05 23:31:23 Latest version is 1.8.10
2025-07-05 23:31:23 App is up to date.
2025-07-06 02:41:37 Loading main app package /usr/lib/obsidian/obsidian.asar
2025-07-06 02:41:37 Checking for update using Github
2025-07-06 02:41:37 Success.
2025-07-06 02:41:37 Latest version is 1.8.10
2025-07-06 02:41:37 App is up to date.
2025-07-06 03:00:43 Loading main app package /usr/lib/obsidian/obsidian.asar
2025-07-06 03:00:43 Checking for update using Github
2025-07-06 03:00:44 Success.
2025-07-06 03:00:44 Latest version is 1.8.10
2025-07-06 03:00:44 App is up to date.
2025-07-06 03:19:54 Loading main app package /usr/lib/obsidian/obsidian.asar
2025-07-06 03:19:54 Checking for update using Github
2025-07-06 03:19:54 Success.
2025-07-06 03:19:54 Latest version is 1.8.10
2025-07-06 03:19:54 App is up to date.
2025-07-06 20:07:31 Loading main app package /usr/lib/obsidian/obsidian.asar
2025-07-06 20:07:31 Checking for update using Github
2025-07-06 20:07:31 Success.
2025-07-06 20:07:31 Latest version is 1.8.10
2025-07-06 20:07:31 App is up to date.
2025-07-09 22:33:21 Loading main app package /usr/lib/obsidian/obsidian.asar
2025-07-09 22:33:21 Checking for update using Github
2025-07-09 22:33:22 Success.
2025-07-09 22:33:22 Latest version is 1.8.10
2025-07-09 22:33:22 App is up to date.
2025-07-09 23:23:35 Loading main app package /usr/lib/obsidian/obsidian.asar
2025-07-09 23:23:36 Checking for update using Github
2025-07-09 23:23:36 Success.
2025-07-09 23:23:36 Latest version is 1.8.10
2025-07-09 23:23:36 App is up to date.
2025-08-03 13:44:32 Loading main app package /usr/lib/obsidian/obsidian.asar
2025-08-03 13:44:32 Checking for update using Github
2025-08-03 13:44:33 Success.
2025-08-03 13:44:33 Latest version is 1.8.10
2025-08-03 13:44:33 App is up to date.
2025-08-03 13:46:12 Loading main app package /usr/lib/obsidian/obsidian.asar
2025-08-03 13:46:12 Checking for update using Github
2025-08-03 13:46:17 Loading main app package /usr/lib/obsidian/obsidian.asar
2025-08-03 13:46:17 Checking for update using Github
2025-08-03 13:46:25 Loading main app package /usr/lib/obsidian/obsidian.asar
2025-08-03 13:46:25 Checking for update using Github
2025-08-03 18:16:23 Loading main app package /usr/lib/obsidian/obsidian.asar
2025-08-03 18:16:24 Checking for update using Github
2025-08-03 18:16:24 Success.
2025-08-03 18:16:24 Latest version is 1.8.10
2025-08-03 18:16:24 App is up to date.
2025-08-05 13:31:52 Loading main app package /usr/lib/obsidian/obsidian.asar
2025-08-05 13:31:52 Checking for update using Github
2025-08-05 13:31:53 Success.
2025-08-05 13:31:53 Latest version is 1.8.10
2025-08-05 13:31:53 App is up to date.
2025-08-05 14:57:29 Loading main app package /usr/lib/obsidian/obsidian.asar
2025-08-05 14:57:29 Checking for update using Github
2025-08-05 14:57:30 Success.
2025-08-05 14:57:30 Latest version is 1.8.10
2025-08-05 14:57:30 App is up to date.
2025-08-06 12:32:20 Loading main app package /usr/lib/obsidian/obsidian.asar
2025-08-06 12:32:20 Checking for update using Github
2025-08-06 12:32:20 Success.
2025-08-06 12:32:20 Latest version is 1.8.10
2025-08-06 12:32:20 App is up to date.
2025-08-06 16:38:39 Loading main app package /usr/lib/obsidian/obsidian.asar
2025-08-06 16:38:39 Checking for update using Github
2025-08-06 16:38:40 Success.
2025-08-06 16:38:40 Latest version is 1.8.10
2025-08-06 16:38:40 App is up to date.
2025-08-07 18:22:53 Loading main app package /usr/lib/obsidian/obsidian.asar
2025-08-07 18:22:54 Checking for update using Github
2025-08-07 18:22:54 Success.
2025-08-07 18:22:54 Latest version is 1.8.10
2025-08-07 18:22:54 App is up to date.
2025-08-07 18:23:34 Loading main app package /usr/lib/obsidian/obsidian.asar
2025-08-07 18:23:34 Checking for update using Github
2025-08-07 18:23:34 Success.
2025-08-07 18:23:34 Latest version is 1.8.10
2025-08-07 18:23:34 App is up to date.
2025-08-07 18:54:06 Loading main app package /usr/lib/obsidian/obsidian.asar
2025-08-07 18:54:07 Checking for update using Github
2025-08-07 18:54:07 Success.
2025-08-07 18:54:07 Latest version is 1.8.10
2025-08-07 18:54:07 App is up to date.
2025-08-07 18:55:11 Loading main app package /usr/lib/obsidian/obsidian.asar
2025-08-07 18:55:11 Checking for update using Github
2025-08-07 18:55:11 Success.
2025-08-07 18:55:11 Latest version is 1.8.10
2025-08-07 18:55:11 App is up to date.
2025-08-07 19:55:11 Checking for update using Github
2025-08-07 19:55:11 Success.
2025-08-07 19:55:11 Latest version is 1.8.10
2025-08-07 19:55:11 App is up to date.
2025-08-08 20:16:25 Loading main app package /usr/lib/obsidian/obsidian.asar
2025-08-08 20:16:25 Checking for update using Github
2025-08-08 20:16:25 Success.
2025-08-08 20:16:25 Latest version is 1.8.10
2025-08-08 20:16:25 App is up to date.
2025-08-08 20:30:21 Loading main app package /usr/lib/obsidian/obsidian.asar
2025-08-08 20:30:22 Checking for update using Github
2025-08-08 20:30:22 Success.
2025-08-08 20:30:22 Latest version is 1.8.10
2025-08-08 20:30:22 App is up to date.
2025-08-09 16:30:40 Loading main app package /usr/lib/obsidian/obsidian.asar
2025-08-09 16:30:41 Checking for update using Github
2025-08-09 16:30:41 Success.
2025-08-09 16:30:41 Latest version is 1.8.10
2025-08-09 16:30:41 App is up to date.
2025-08-11 23:12:05 Loading main app package /usr/lib/obsidian/obsidian.asar
2025-08-11 23:12:05 Checking for update using Github
2025-08-11 23:12:06 Success.
2025-08-11 23:12:06 Latest version is 1.8.10
2025-08-11 23:12:06 App is up to date.
2025-08-11 23:50:39 Loading main app package /usr/lib/obsidian/obsidian.asar
2025-08-11 23:50:40 Checking for update using Github
2025-08-12 00:12:06 Checking for update using Github
2025-08-12 00:12:12 Success.
2025-08-12 00:12:12 Latest version is 1.8.10
2025-08-12 00:12:12 App is up to date.
2025-08-14 03:31:39 Loading main app package /usr/lib/obsidian/obsidian.asar
2025-08-14 03:31:39 Checking for update using Github
2025-08-14 03:31:40 Success.
2025-08-14 03:31:40 Latest version is 1.8.10
2025-08-14 03:31:40 App is up to date.
2025-08-14 03:38:14 Checking for update using Github
2025-08-14 03:38:15 Success.
2025-08-14 03:38:15 Latest version is 1.8.10
2025-08-14 03:38:15 App is up to date.
2025-08-14 03:40:07 Loading main app package /usr/lib/obsidian/obsidian.asar
2025-08-14 03:40:07 Checking for update using Github
2025-08-14 03:40:07 Success.
2025-08-14 03:40:07 Latest version is 1.8.10
2025-08-14 03:40:07 App is up to date.
2025-08-14 03:40:46 Loading main app package /usr/lib/obsidian/obsidian.asar
2025-08-14 03:40:46 Checking for update using Github
2025-08-14 03:40:46 Success.
2025-08-14 03:40:46 Latest version is 1.8.10
2025-08-14 03:40:46 App is up to date.
2025-08-14 03:45:58 Loading main app package /usr/lib/obsidian/obsidian.asar
2025-08-14 03:45:59 Checking for update using Github
2025-08-14 03:45:59 Success.
2025-08-14 03:45:59 Latest version is 1.8.10
2025-08-14 03:45:59 App is up to date.
2025-08-15 01:07:57 Loading main app package /usr/lib/obsidian/obsidian.asar
2025-08-15 01:07:57 Checking for update using Github
2025-08-15 01:07:58 Success.
2025-08-15 01:07:58 Latest version is 1.8.10
2025-08-15 01:07:58 App is up to date.
2025-08-15 01:14:30 Checking for update using Github
2025-08-15 01:14:30 Success.
2025-08-15 01:14:30 Latest version is 1.8.10
2025-08-15 01:14:30 App is up to date.
2025-08-15 01:14:33 Checking for update using Github
2025-08-15 01:14:33 Success.
2025-08-15 01:14:33 Latest version is 1.8.10
2025-08-15 01:14:33 App is up to date.
2025-08-17 04:54:46 Loading main app package /usr/lib/obsidian/obsidian.asar
2025-08-17 04:54:47 Checking for update using Github
2025-08-17 04:54:48 Success.
2025-08-17 04:54:48 Latest version is 1.8.10
2025-08-17 04:54:48 App is up to date.
2025-08-17 05:09:08 Loading main app package /usr/lib/obsidian/obsidian.asar
2025-08-17 05:09:08 Checking for update using Github
2025-08-17 05:09:09 Success.
2025-08-17 05:09:09 Latest version is 1.8.10
2025-08-17 05:09:09 App is up to date.
2025-08-18 08:39:59 Loading main app package /usr/lib/obsidian/obsidian.asar
2025-08-18 08:40:00 Checking for update using Github
2025-08-18 08:40:00 Success.
2025-08-18 08:40:00 Latest version is 1.8.10
2025-08-18 08:40:00 App is up to date.
2025-08-18 08:41:33 Loading main app package /usr/lib/obsidian/obsidian.asar
2025-08-18 08:41:34 Checking for update using Github
2025-08-18 08:41:34 Success.
2025-08-18 08:41:34 Latest version is 1.8.10
2025-08-18 08:41:34 App is up to date.
2025-08-20 02:06:06 Loading main app package /usr/lib/obsidian/obsidian.asar
2025-08-20 02:06:06 Checking for update using Github
2025-08-20 02:06:07 Success.
2025-08-20 02:06:07 Latest version is 1.9.10
2025-08-20 02:06:07 App is up to date.
2025-08-20 02:07:33 Loading main app package /usr/lib/obsidian/obsidian.asar
2025-08-20 02:07:34 Checking for update using Github
2025-08-20 02:07:34 Success.
2025-08-20 02:07:34 Latest version is 1.9.10
2025-08-20 02:07:34 App is up to date.
2025-08-20 02:12:14 Loading main app package /usr/lib/obsidian/obsidian.asar
2025-08-20 02:12:14 Checking for update using Github
2025-08-20 02:12:15 Success.
2025-08-20 02:12:15 Latest version is 1.9.10
2025-08-20 02:12:15 App is up to date.
2025-08-20 02:13:38 Loading main app package /usr/lib/obsidian/obsidian.asar
2025-08-20 02:13:38 Checking for update using Github
2025-08-20 02:13:38 Success.
2025-08-20 02:13:38 Latest version is 1.9.10
2025-08-20 02:13:38 App is up to date.
2025-08-20 02:31:26 Loading main app package /usr/lib/obsidian/obsidian.asar
2025-08-20 02:31:26 Checking for update using Github
2025-08-20 02:31:27 Success.
2025-08-20 02:31:27 Latest version is 1.9.10
2025-08-20 02:31:27 App is up to date.
2025-08-20 02:37:28 Loading main app package /usr/lib/obsidian/obsidian.asar
2025-08-20 02:37:28 Checking for update using Github
2025-08-20 02:37:28 Success.
2025-08-20 02:37:28 Latest version is 1.9.10
2025-08-20 02:37:28 App is up to date.
2025-08-20 02:40:45 Loading main app package /usr/lib/obsidian/obsidian.asar
2025-08-20 02:40:45 Checking for update using Github
2025-08-20 02:40:45 Success.
2025-08-20 02:40:45 Latest version is 1.9.10
2025-08-20 02:40:45 App is up to date.
2025-08-20 02:43:18 Loading main app package /usr/lib/obsidian/obsidian.asar
2025-08-20 02:43:19 Checking for update using Github
2025-08-20 02:43:19 Success.
2025-08-20 02:43:19 Latest version is 1.9.10
2025-08-20 02:43:19 App is up to date.
2025-08-20 02:44:54 Loading main app package /usr/lib/obsidian/obsidian.asar
2025-08-20 02:44:54 Checking for update using Github
2025-08-20 02:44:54 Success.
2025-08-20 02:44:54 Latest version is 1.9.10
2025-08-20 02:44:54 App is up to date.
2025-08-20 02:45:29 Loading main app package /usr/lib/obsidian/obsidian.asar
2025-08-20 02:45:29 Checking for update using Github
2025-08-20 02:45:30 Success.
2025-08-20 02:45:30 Latest version is 1.9.10
2025-08-20 02:45:30 App is up to date.
2025-08-20 02:49:16 Loading main app package /usr/lib/obsidian/obsidian.asar
2025-08-20 02:49:16 Checking for update using Github
2025-08-20 02:49:16 Success.
2025-08-20 02:49:16 Latest version is 1.9.10
2025-08-20 02:49:16 App is up to date.
2025-08-20 05:23:01 Loading main app package /usr/lib/obsidian/obsidian.asar
2025-08-20 05:23:01 Checking for update using Github
2025-08-20 05:23:02 Success.
2025-08-20 05:23:02 Latest version is 1.9.10
2025-08-20 05:23:02 App is up to date.
2025-08-21 08:54:42 Loading main app package /usr/lib/obsidian/obsidian.asar
2025-08-21 08:54:42 Checking for update using Github
2025-08-21 08:54:42 Success.
2025-08-21 08:54:42 Latest version is 1.9.10
2025-08-21 08:54:42 App is up to date.
2025-08-21 09:54:42 Checking for update using Github
2025-08-21 09:54:42 Success.
2025-08-21 09:54:42 Latest version is 1.9.10
2025-08-21 09:54:42 App is up to date.
2025-08-21 10:54:42 Checking for update using Github
2025-08-21 10:54:42 Success.
2025-08-21 10:54:42 Latest version is 1.9.10
2025-08-21 10:54:42 App is up to date.
2025-08-24 09:50:43 Loading main app package /usr/lib/obsidian/obsidian.asar
2025-08-24 09:50:44 Checking for update using Github
2025-08-24 09:50:44 Success.
2025-08-24 09:50:44 Latest version is 1.9.10
2025-08-24 09:50:44 App is up to date.
2025-08-24 10:08:20 Loading main app package /usr/lib/obsidian/obsidian.asar
2025-08-24 10:08:20 Checking for update using Github
2025-08-24 10:08:21 Success.
2025-08-24 10:08:21 Latest version is 1.9.10
2025-08-24 10:08:21 App is up to date.
2025-08-24 11:08:20 Checking for update using Github
2025-08-24 11:08:21 Success.
2025-08-24 11:08:21 Latest version is 1.9.10
2025-08-24 11:08:21 App is up to date.
2025-08-26 07:47:49 Loading main app package /usr/lib/obsidian/obsidian.asar
2025-08-26 07:47:49 Checking for update using Github
2025-08-26 07:47:50 Success.
2025-08-26 07:47:50 Latest version is 1.9.10
2025-08-26 07:47:50 App is up to date.
2025-08-26 07:54:28 Loading main app package /usr/lib/obsidian/obsidian.asar
2025-08-26 07:54:28 Checking for update using Github
2025-08-26 07:54:28 Success.
2025-08-26 07:54:28 Latest version is 1.9.10
2025-08-26 07:54:28 App is up to date.
2025-08-26 08:43:08 Loading main app package /usr/lib/obsidian/obsidian.asar
2025-08-26 08:43:08 Checking for update using Github
2025-08-26 08:43:09 Success.
2025-08-26 08:43:09 Latest version is 1.9.10
2025-08-26 08:43:09 App is up to date.
2025-08-26 09:43:08 Checking for update using Github
2025-08-26 09:43:09 Success.
2025-08-26 09:43:09 Latest version is 1.9.10
2025-08-26 09:43:09 App is up to date.
2025-08-26 10:43:08 Checking for update using Github
2025-08-26 10:43:09 Success.
2025-08-26 10:43:09 Latest version is 1.9.10
2025-08-26 10:43:09 App is up to date.
2025-08-26 11:27:03 Loading main app package /usr/lib/obsidian/obsidian.asar
2025-08-26 11:27:04 Checking for update using Github
2025-08-26 11:27:04 Success.
2025-08-26 11:27:04 Latest version is 1.9.10
2025-08-26 11:27:04 App is up to date.
2025-08-26 11:30:36 Loading main app package /usr/lib/obsidian/obsidian.asar
2025-08-26 11:30:36 Checking for update using Github
2025-08-26 11:30:36 Success.
2025-08-26 11:30:36 Latest version is 1.9.10
2025-08-26 11:30:36 App is up to date.
2025-08-26 11:31:10 Loading main app package /usr/lib/obsidian/obsidian.asar
2025-08-26 11:31:10 Checking for update using Github
2025-08-26 11:31:10 Success.
2025-08-26 11:31:10 Latest version is 1.9.10
2025-08-26 11:31:10 App is up to date.
2025-08-26 12:31:10 Checking for update using Github
2025-08-26 12:31:11 Success.
2025-08-26 12:31:11 Latest version is 1.9.10
2025-08-26 12:31:11 App is up to date.
2025-08-27 17:33:33 Loading main app package /usr/lib/obsidian/obsidian.asar
2025-08-27 17:33:33 Checking for update using Github
2025-08-27 17:33:34 Success.
2025-08-27 17:33:34 Latest version is 1.9.12
2025-08-27 17:33:34 App is up to date.
2025-08-28 09:42:33 Loading main app package /usr/lib/obsidian/obsidian.asar
2025-08-28 09:42:33 Checking for update using Github
2025-08-28 09:42:34 Success.
2025-08-28 09:42:34 Latest version is 1.9.12
2025-08-28 09:42:34 App is up to date.
2025-08-28 10:19:16 Loading main app package /usr/lib/obsidian/obsidian.asar
2025-08-28 10:19:17 Checking for update using Github
2025-08-28 10:19:17 Success.
2025-08-28 10:19:17 Latest version is 1.9.12
2025-08-28 10:19:17 App is up to date.
2025-08-28 10:21:03 Loading main app package /usr/lib/obsidian/obsidian.asar
2025-08-28 10:21:03 Checking for update using Github
2025-08-28 10:21:03 Success.
2025-08-28 10:21:03 Latest version is 1.9.12
2025-08-28 10:21:03 App is up to date.
2025-08-31 08:51:36 Loading main app package /usr/lib/obsidian/obsidian.asar
2025-08-31 08:51:36 Checking for update using Github
2025-08-31 08:51:37 Success.
2025-08-31 08:51:37 Latest version is 1.9.12
2025-08-31 08:51:37 App is up to date.
2025-08-31 08:56:27 Loading main app package /usr/lib/obsidian/obsidian.asar
2025-08-31 08:56:28 Checking for update using Github
2025-08-31 08:56:28 Success.
2025-08-31 08:56:28 Latest version is 1.9.12
2025-08-31 08:56:28 App is up to date.
2025-08-31 09:56:27 Checking for update using Github
2025-08-31 09:56:28 Success.
2025-08-31 09:56:28 Latest version is 1.9.12
2025-08-31 09:56:28 App is up to date.
2025-08-31 11:00:18 Loading main app package /usr/lib/obsidian/obsidian.asar
2025-08-31 11:00:18 Checking for update using Github
2025-08-31 11:00:19 Success.
2025-08-31 11:00:19 Latest version is 1.9.12
2025-08-31 11:00:19 App is up to date.
2025-08-31 12:00:17 Checking for update using Github
2025-08-31 12:00:18 Success.
2025-08-31 12:00:18 Latest version is 1.9.12
2025-08-31 12:00:18 App is up to date.
2025-09-01 07:51:28 Loading main app package /usr/lib/obsidian/obsidian.asar
2025-09-01 07:51:28 Checking for update using Github
2025-09-01 07:51:29 Success.
2025-09-01 07:51:29 Latest version is 1.9.12
2025-09-01 07:51:29 App is up to date.
2025-09-01 08:51:28 Checking for update using Github
2025-09-01 08:51:29 Success.
2025-09-01 08:51:29 Latest version is 1.9.12
2025-09-01 08:51:29 App is up to date.
2025-09-01 09:51:28 Checking for update using Github
2025-09-01 09:51:29 Success.
2025-09-01 09:51:29 Latest version is 1.9.12
2025-09-01 09:51:29 App is up to date.
2025-09-04 08:02:57 Loading main app package /usr/lib/obsidian/obsidian.asar
2025-09-04 08:02:58 Checking for update using Github
2025-09-04 08:02:58 Success.
2025-09-04 08:02:58 Latest version is 1.9.12
2025-09-04 08:02:58 App is up to date.
2025-09-04 09:02:57 Checking for update using Github
2025-09-04 09:02:58 Success.
2025-09-04 09:02:58 Latest version is 1.9.12
2025-09-04 09:02:58 App is up to date.
2025-09-05 18:25:26 Loading main app package /usr/lib/obsidian/obsidian.asar
2025-09-05 18:25:27 Checking for update using Github
2025-09-05 18:25:28 Success.
2025-09-05 18:25:28 Latest version is 1.9.12
2025-09-05 18:25:28 App is up to date.
