2025-08-31 10:39:16.636 [error] Error: The editor could not be opened because the file was not found.
    at GEe.gc (vscode-file://vscode-app/usr/lib/code/out/vs/workbench/workbench.desktop.main.js:2598:81151)
    at async GEe.setInput (vscode-file://vscode-app/usr/lib/code/out/vs/workbench/workbench.desktop.main.js:2598:80309)
    at async jqe.S (vscode-file://vscode-app/usr/lib/code/out/vs/workbench/workbench.desktop.main.js:610:58567)
    at async jqe.L (vscode-file://vscode-app/usr/lib/code/out/vs/workbench/workbench.desktop.main.js:610:57122)
    at async jqe.openEditor (vscode-file://vscode-app/usr/lib/code/out/vs/workbench/workbench.desktop.main.js:610:56204)
    at async vscode-file://vscode-app/usr/lib/code/out/vs/workbench/workbench.desktop.main.js:722:23350
2025-08-31 10:39:16.656 [info] Started local extension host with pid 14717.
2025-08-31 10:39:19.517 [info] [perf] Render performance baseline is 123ms
2025-08-31 10:39:22.412 [error] Error while getting the latest version for the extension dracula-theme.theme-dracula. Unexpected token '<', "<!DOCTYPE "... is not valid JSON:
<!DOCTYPE html>
<html lang="en">

<head>
    <title>Open VSX Registry</title>
    <meta charset="UTF-8">
    <meta name="viewport" content="width=device-width, initial-scale=1">
    <link rel="stylesheet" href="https://fonts.googleapis.com/css?family=Roboto:300,400,500,700&display=swap" />

    <!-- Google Tag Manager -->
    <script>(function(w,d,s,l,i){w[l]=w[l]||[];w[l].push({'gtm.start':
    new Date().getTime(),event:'gtm.js'});var f=d.getElementsByTagName(s)[0],
    j=d.createElement(s),dl=l!='dataLayer'?'&l='+l:'';j.async=true;j.src=
    'https://www.googletagmanager.com/gtm.js?id='+i+dl;f.parentNode.insertBefore(j,f);
    })(window,document,'script','dataLayer','GTM-5WLCZXC');</script>

    <!-- Eclipse Cookie Consent -->
    <link rel="stylesheet" type="text/css"
        href="//www.eclipse.org/eclipse.org-common/themes/solstice/public/stylesheets/vendor/cookieconsent/cookieconsent.min.css" />
    <script
        src="//www.eclipse.org/eclipse.org-common/themes/solstice/public/javascript/vendor/cookieconsent/default.min.js">
    </script>
    <style>
        a.cc-btn.cc-allow {
            background-color: #c160ef;
        }
        a.cc-btn.cc-allow:hover, a.cc-btn.cc-allow:focus {
            background-color: #444;
        }
        .cc-revoke {
            display: none !important;
        }
        @media (prefers-color-scheme: dark) {
          body {
            background-color: #121212;
          }
        }
    </style>
</head>

<body>
    <!-- Google Tag Manager (noscript) -->
    <noscript><iframe title="Google Tag Manager" src="https://www.googletagmanager.com/ns.html?id=GTM-5WLCZXC" height="0" width="0" style="display:none;visibility:hidden"></iframe></noscript>
    <!-- End Google Tag Manager (noscript) -->
    <div id="main"></div>
    <script src='/bundle.js' ></script>
</body>

</html>

