00:00:00.001408 VirtualBox DHCP Server 7.1.10 r169112 linux.amd64 (Jun  3 2025 19:52:37) release log
00:00:00.001410 Log opened 2025-07-04T21:21:23.909201000Z
00:00:00.001410 Build Type: release
00:00:00.001411 OS Product: Linux
00:00:00.001412 OS Release: 6.15.4-arch2-1
00:00:00.001413 OS Version: #1 SMP PREEMPT_DYNAMIC Fri, 27 Jun 2025 16:35:07 +0000
00:00:00.001429 DMI Product Name: 82WM
00:00:00.001438 DMI Product Version: Legion Pro 5 16ARX8
00:00:00.001442 Firmware type: UEFI
00:00:00.001601 Secure Boot: Disabled
00:00:00.001629 Host RAM: 31258MB (30.5GB) total, 25557MB (24.9GB) available
00:00:00.001630 Executable: /usr/lib/virtualbox/VBoxNetDHCP
00:00:00.001631 Process ID: 311742
00:00:00.001631 Package type: LINUX_64BITS_GENERIC (OSE)
00:00:00.001644 --config:  HostInterfaceNetworking-vboxnet0
00:00:00.001652 --comment: HostInterfaceNetworking-vboxnet0
00:00:00.001740 IP address:   192.168.56.100/24
00:00:00.001747 Address pool: 192.168.56.101 - 192.168.56.254
00:00:00.001760 MAC address is not specified: will use generated MAC 08:00:27:ad:91:a8
00:00:00.001766 Db::i_enterFixedAddressAssignment: 08:00:27:ad:91:a8: 192.168.56.100
00:00:00.001773 loading leases from /home/hadi/.config/VirtualBox/HostInterfaceNetworking-vboxnet0-Dhcpd.leases
00:00:00.001841 Runtime error opening '/home/hadi/.config/VirtualBox/HostInterfaceNetworking-vboxnet0-Dhcpd.leases' for reading VERR_FILE_NOT_FOUND (File not found.)
00:00:00.001860 SUP: Opened VMMR0.r0 (/usr/lib/virtualbox/VMMR0.r0) at 0xXXXXXXXXXXXXXXXX.
