00:00:00.000761 VirtualBox DHCP Server 7.1.10 r169112 linux.amd64 (Jun  3 2025 19:52:37) release log
00:00:00.000762 Log opened 2025-07-04T21:22:41.784588000Z
00:00:00.000763 Build Type: release
00:00:00.000764 OS Product: Linux
00:00:00.000764 OS Release: 6.15.4-arch2-1
00:00:00.000765 OS Version: #1 SMP PREEMPT_DYNAMIC Fri, 27 Jun 2025 16:35:07 +0000
00:00:00.000782 DMI Product Name: 82WM
00:00:00.000792 DMI Product Version: Legion Pro 5 16ARX8
00:00:00.000796 Firmware type: UEFI
00:00:00.000944 Secure Boot: Disabled
00:00:00.000975 Host RAM: 31258MB (30.5GB) total, 23841MB (23.2GB) available
00:00:00.000977 Executable: /usr/lib/virtualbox/VBoxNetDHCP
00:00:00.000977 Process ID: 314786
00:00:00.000977 Package type: LINUX_64BITS_GENERIC (OSE)
00:00:00.000990 --config:  HostInterfaceNetworking-vboxnet1
00:00:00.000999 --comment: HostInterfaceNetworking-vboxnet1
00:00:00.001094 IP address:   192.168.56.2/24
00:00:00.001100 Address pool: 192.168.56.3 - 192.168.56.254
00:00:00.001116 MAC address is not specified: will use generated MAC 08:00:27:a4:9c:45
00:00:00.001125 Db::i_enterFixedAddressAssignment: 08:00:27:a4:9c:45: 192.168.56.2
00:00:00.001133 loading leases from /home/hadi/.config/VirtualBox/HostInterfaceNetworking-vboxnet1-Dhcpd.leases
00:00:00.001211 Runtime error opening '/home/hadi/.config/VirtualBox/HostInterfaceNetworking-vboxnet1-Dhcpd.leases' for reading VERR_FILE_NOT_FOUND (File not found.)
00:00:00.001231 SUP: Opened VMMR0.r0 (/usr/lib/virtualbox/VMMR0.r0) at 0xXXXXXXXXXXXXXXXX.
00:00:32.376424 DISCOVER xid 0x84027dcf chaddr 08:00:27:04:2a:9e
00:00:32.376446  ciaddr 0.0.0.0
00:00:32.376451  client id: 01 08 00 27 04 2a 9e
00:00:32.376455  params { 1 15 3 6 44 46 47 31 33 121 249 43 }
00:00:32.376482   12: 'vagrant-2008R2'
00:00:32.376485   60: 'MSFT 5.0'
00:00:32.376488 > allocateAddress to client [01:08:00:27:04:2a:9e] (08:00:27:04:2a:9e)
00:00:32.376495 > .... creating new binding
00:00:32.376497 > .... allocated 192.168.56.3 free
00:00:32.376501 Lease time 600 secs (default)
00:00:32.376508 >>> requested option 1 (SubnetMask)
00:00:32.376511 ... always supplied
00:00:32.376513 >>> requested option 15 (DomainName)
00:00:32.376515 ... not found
00:00:32.376518 >>> requested option 3 (Routers)
00:00:32.376520 ... not found
00:00:32.376522 >>> requested option 6 (DNSes)
00:00:32.376524 ... not found
00:00:32.376526 >>> requested option 44 (NetBIOSNameServers)
00:00:32.376528 ... not found
00:00:32.376531 >>> requested option 46 (NetBIOSNodeType)
00:00:32.376533 ... not found
00:00:32.376535 >>> requested option 47 (NetBIOSScope)
00:00:32.376537 ... not found
00:00:32.376539 >>> requested option 31 (PerformRouterDiscovery)
00:00:32.376541 ... not found
00:00:32.376543 >>> requested option 33 (StaticRoute)
00:00:32.376545 ... not found
00:00:32.376547 >>> requested option 121 (unknown)
00:00:32.376550 ... not found
00:00:32.376552 >>> requested option 249 (unknown)
00:00:32.376554 ... not found
00:00:32.376556 >>> requested option 43 (VendorSpecificInfo)
00:00:32.376558 ... not found
00:00:32.376561 encoding option 1 (SubnetMask)
00:00:32.376563 encoding option 51 (LeaseTime)
00:00:32.376566 OFFER xid 0x84027dcf chaddr 08:00:27:04:2a:9e
00:00:32.376573  ciaddr 0.0.0.0 yiaddr 192.168.56.3
00:00:32.376580 encoded message: 548 bytes
00:00:32.376580 00007fba300013e0/0000: 02 01 06 00 cf 7d 02 84-00 00 00 00 00 00 00 00 .....}..........
00:00:32.376582 00007fba300013f0/0010: c0 a8 38 03 00 00 00 00-00 00 00 00 08 00 27 04 ..8...........'.
00:00:32.376582 00007fba30001400/0020: 2a 9e 00 00 00 00 00 00-00 00 00 00 00 00 00 00 *...............
00:00:32.376583 00007fba30001410/0030: 00 00 00 00 00 00 00 00-00 00 00 00 00 00 00 00 ................
00:00:32.376584 00007fba30001420/0040: 00 00 00 00 00 00 00 00-00 00 00 00 00 00 00 00 ................
00:00:32.376584 00007fba30001430/0050: 00 00 00 00 00 00 00 00-00 00 00 00 00 00 00 00 ................
00:00:32.376585 00007fba30001440/0060: 00 00 00 00 00 00 00 00-00 00 00 00 00 00 00 00 ................
00:00:32.376585 00007fba30001450/0070: 00 00 00 00 00 00 00 00-00 00 00 00 00 00 00 00 ................
00:00:32.376586 00007fba30001460/0080: 00 00 00 00 00 00 00 00-00 00 00 00 00 00 00 00 ................
00:00:32.376587 00007fba30001470/0090: 00 00 00 00 00 00 00 00-00 00 00 00 00 00 00 00 ................
00:00:32.376587 00007fba30001480/00a0: 00 00 00 00 00 00 00 00-00 00 00 00 00 00 00 00 ................
00:00:32.376588 00007fba30001490/00b0: 00 00 00 00 00 00 00 00-00 00 00 00 00 00 00 00 ................
00:00:32.376589 00007fba300014a0/00c0: 00 00 00 00 00 00 00 00-00 00 00 00 00 00 00 00 ................
00:00:32.376589 00007fba300014b0/00d0: 00 00 00 00 00 00 00 00-00 00 00 00 00 00 00 00 ................
00:00:32.376590 00007fba300014c0/00e0: 00 00 00 00 00 00 00 00-00 00 00 00 63 82 53 63 ............c.Sc
00:00:32.376590 00007fba300014d0/00f0: 36 04 c0 a8 38 02 35 01-02 01 04 ff ff ff 00 33 6...8.5........3
00:00:32.376591 00007fba300014e0/0100: 04 00 00 02 58 ff 00 00-00 00 00 00 00 00 00 00 ....X...........
00:00:32.376592 00007fba300014f0/0110: 00 00 00 00 00 00 00 00-00 00 00 00 00 00 00 00 ................
00:00:32.376592 00007fba30001500/0120: 00 00 00 00 00 00 00 00-00 00 00 00 00 00 00 00 ................
00:00:32.376593 00007fba30001510/0130: 00 00 00 00 00 00 00 00-00 00 00 00 00 00 00 00 ................
00:00:32.376595 00007fba30001520/0140: 00 00 00 00 00 00 00 00-00 00 00 00 00 00 00 00 ................
00:00:32.376596 00007fba30001530/0150: 00 00 00 00 00 00 00 00-00 00 00 00 00 00 00 00 ................
00:00:32.376597 00007fba30001540/0160: 00 00 00 00 00 00 00 00-00 00 00 00 00 00 00 00 ................
00:00:32.376597 00007fba30001550/0170: 00 00 00 00 00 00 00 00-00 00 00 00 00 00 00 00 ................
00:00:32.376598 00007fba30001560/0180: 00 00 00 00 00 00 00 00-00 00 00 00 00 00 00 00 ................
00:00:32.376598 00007fba30001570/0190: 00 00 00 00 00 00 00 00-00 00 00 00 00 00 00 00 ................
00:00:32.376599 00007fba30001580/01a0: 00 00 00 00 00 00 00 00-00 00 00 00 00 00 00 00 ................
00:00:32.376600 00007fba30001590/01b0: 00 00 00 00 00 00 00 00-00 00 00 00 00 00 00 00 ................
00:00:32.376600 00007fba300015a0/01c0: 00 00 00 00 00 00 00 00-00 00 00 00 00 00 00 00 ................
00:00:32.376601 00007fba300015b0/01d0: 00 00 00 00 00 00 00 00-00 00 00 00 00 00 00 00 ................
00:00:32.376602 00007fba300015c0/01e0: 00 00 00 00 00 00 00 00-00 00 00 00 00 00 00 00 ................
00:00:32.376602 00007fba300015d0/01f0: 00 00 00 00 00 00 00 00-00 00 00 00 00 00 00 00 ................
00:00:32.376603 00007fba300015e0/0200: 00 00 00 00 00 00 00 00-00 00 00 00 00 00 00 00 ................
00:00:32.376603 00007fba300015f0/0210: 00 00 00 00 00 00 00 00-00 00 00 00 00 00 00 00 ................
00:00:32.376604 00007fba30001600/0220: 00 00 00 00                                     ....
00:00:32.376931 REQUEST xid 0x84027dcf chaddr 08:00:27:04:2a:9e
00:00:32.376931  ciaddr 0.0.0.0
00:00:32.376931  for server 192.168.56.2 client id: 01 08 00 27 04 2a 9e
00:00:32.376931  requested address 192.168.56.3
00:00:32.376931  params { 1 15 3 6 44 46 47 31 33 121 249 43 }
00:00:32.376931   12: 'vagrant-2008R2'
00:00:32.376931   54: c0 a8 38 02
00:00:32.376931   60: 'MSFT 5.0'
00:00:32.376931   81: 00 00 00 76 61 67 72 61 6e 74 2d 32 30 30 38 52 32
00:00:32.376931 > allocateAddress 192.168.56.3 to client [01:08:00:27:04:2a:9e] (08:00:27:04:2a:9e)
00:00:32.376931 > ... found existing binding 192.168.56.3 to [01:08:00:27:04:2a:9e] (08:00:27:04:2a:9e), offered, valid from 2025-07-04T21:23:14Z for 600s until 2025-07-04T21:33:14Z
00:00:32.376931 Lease time 600 secs (default)
00:00:32.376931 writing leases to /home/hadi/.config/VirtualBox/HostInterfaceNetworking-vboxnet1-Dhcpd.leases
00:00:32.396092 >>> requested option 1 (SubnetMask)
00:00:32.396104 ... always supplied
00:00:32.396109 >>> requested option 15 (DomainName)
00:00:32.396114 ... not found
00:00:32.396118 >>> requested option 3 (Routers)
00:00:32.396123 ... not found
00:00:32.396127 >>> requested option 6 (DNSes)
00:00:32.396132 ... not found
00:00:32.396136 >>> requested option 44 (NetBIOSNameServers)
00:00:32.396147 ... not found
00:00:32.396156 >>> requested option 46 (NetBIOSNodeType)
00:00:32.396161 ... not found
00:00:32.396166 >>> requested option 47 (NetBIOSScope)
00:00:32.396170 ... not found
00:00:32.396175 >>> requested option 31 (PerformRouterDiscovery)
00:00:32.396180 ... not found
00:00:32.396184 >>> requested option 33 (StaticRoute)
00:00:32.396189 ... not found
00:00:32.396193 >>> requested option 121 (unknown)
00:00:32.396198 ... not found
00:00:32.396202 >>> requested option 249 (unknown)
00:00:32.396207 ... not found
00:00:32.396211 >>> requested option 43 (VendorSpecificInfo)
00:00:32.396216 ... not found
00:00:32.396222 encoding option 1 (SubnetMask)
00:00:32.396226 encoding option 51 (LeaseTime)
00:00:32.396232 ACK xid 0x84027dcf chaddr 08:00:27:04:2a:9e
00:00:32.396247  ciaddr 0.0.0.0 yiaddr 192.168.56.3
00:00:32.396262 encoded message: 548 bytes
00:00:32.396263 00007fba300013e0/0000: 02 01 06 00 cf 7d 02 84-00 00 00 00 00 00 00 00 .....}..........
00:00:32.396265 00007fba300013f0/0010: c0 a8 38 03 00 00 00 00-00 00 00 00 08 00 27 04 ..8...........'.
00:00:32.396267 00007fba30001400/0020: 2a 9e 00 00 00 00 00 00-00 00 00 00 00 00 00 00 *...............
00:00:32.396268 00007fba30001410/0030: 00 00 00 00 00 00 00 00-00 00 00 00 00 00 00 00 ................
00:00:32.396269 00007fba30001420/0040: 00 00 00 00 00 00 00 00-00 00 00 00 00 00 00 00 ................
00:00:32.396271 00007fba30001430/0050: 00 00 00 00 00 00 00 00-00 00 00 00 00 00 00 00 ................
00:00:32.396272 00007fba30001440/0060: 00 00 00 00 00 00 00 00-00 00 00 00 00 00 00 00 ................
00:00:32.396273 00007fba30001450/0070: 00 00 00 00 00 00 00 00-00 00 00 00 00 00 00 00 ................
00:00:32.396274 00007fba30001460/0080: 00 00 00 00 00 00 00 00-00 00 00 00 00 00 00 00 ................
00:00:32.396276 00007fba30001470/0090: 00 00 00 00 00 00 00 00-00 00 00 00 00 00 00 00 ................
00:00:32.396277 00007fba30001480/00a0: 00 00 00 00 00 00 00 00-00 00 00 00 00 00 00 00 ................
00:00:32.396278 00007fba30001490/00b0: 00 00 00 00 00 00 00 00-00 00 00 00 00 00 00 00 ................
00:00:32.396280 00007fba300014a0/00c0: 00 00 00 00 00 00 00 00-00 00 00 00 00 00 00 00 ................
00:00:32.396281 00007fba300014b0/00d0: 00 00 00 00 00 00 00 00-00 00 00 00 00 00 00 00 ................
00:00:32.396282 00007fba300014c0/00e0: 00 00 00 00 00 00 00 00-00 00 00 00 63 82 53 63 ............c.Sc
00:00:32.396283 00007fba300014d0/00f0: 36 04 c0 a8 38 02 35 01-05 01 04 ff ff ff 00 33 6...8.5........3
00:00:32.396285 00007fba300014e0/0100: 04 00 00 02 58 ff 00 00-00 00 00 00 00 00 00 00 ....X...........
00:00:32.396286 00007fba300014f0/0110: 00 00 00 00 00 00 00 00-00 00 00 00 00 00 00 00 ................
00:00:32.396288 00007fba30001500/0120: 00 00 00 00 00 00 00 00-00 00 00 00 00 00 00 00 ................
00:00:32.396289 00007fba30001510/0130: 00 00 00 00 00 00 00 00-00 00 00 00 00 00 00 00 ................
00:00:32.396290 00007fba30001520/0140: 00 00 00 00 00 00 00 00-00 00 00 00 00 00 00 00 ................
00:00:32.396291 00007fba30001530/0150: 00 00 00 00 00 00 00 00-00 00 00 00 00 00 00 00 ................
00:00:32.396293 00007fba30001540/0160: 00 00 00 00 00 00 00 00-00 00 00 00 00 00 00 00 ................
00:00:32.396294 00007fba30001550/0170: 00 00 00 00 00 00 00 00-00 00 00 00 00 00 00 00 ................
00:00:32.396295 00007fba30001560/0180: 00 00 00 00 00 00 00 00-00 00 00 00 00 00 00 00 ................
00:00:32.396297 00007fba30001570/0190: 00 00 00 00 00 00 00 00-00 00 00 00 00 00 00 00 ................
00:00:32.396298 00007fba30001580/01a0: 00 00 00 00 00 00 00 00-00 00 00 00 00 00 00 00 ................
00:00:32.396299 00007fba30001590/01b0: 00 00 00 00 00 00 00 00-00 00 00 00 00 00 00 00 ................
00:00:32.396300 00007fba300015a0/01c0: 00 00 00 00 00 00 00 00-00 00 00 00 00 00 00 00 ................
00:00:32.396302 00007fba300015b0/01d0: 00 00 00 00 00 00 00 00-00 00 00 00 00 00 00 00 ................
00:00:32.396303 00007fba300015c0/01e0: 00 00 00 00 00 00 00 00-00 00 00 00 00 00 00 00 ................
00:00:32.396304 00007fba300015d0/01f0: 00 00 00 00 00 00 00 00-00 00 00 00 00 00 00 00 ................
00:00:32.396306 00007fba300015e0/0200: 00 00 00 00 00 00 00 00-00 00 00 00 00 00 00 00 ................
00:00:32.396307 00007fba300015f0/0210: 00 00 00 00 00 00 00 00-00 00 00 00 00 00 00 00 ................
00:00:32.396308 00007fba30001600/0220: 00 00 00 00                                     ....
00:00:54.293486 REQUEST xid 0xf3e8ef90 chaddr 08:00:27:04:2a:9e
00:00:54.293520  ciaddr 0.0.0.0
00:00:54.293526  client id: 01 08 00 27 04 2a 9e
00:00:54.293529  requested address 192.168.56.3
00:00:54.293535  params { 1 15 3 6 44 46 47 31 33 121 249 43 }
00:00:54.293566   12: 'metasploitable3-win2k8'
00:00:54.293569   60: 'MSFT 5.0'
00:00:54.293572   81: 00 00 00 6d 65 74 61 73 70 6c 6f 69 74 61 62 6c 65 33 2d 77 69 6e 32 6b 38
00:00:54.293576 > allocateAddress 192.168.56.3 to client [01:08:00:27:04:2a:9e] (08:00:27:04:2a:9e)
00:00:54.293582 > ... found existing binding 192.168.56.3 to [01:08:00:27:04:2a:9e] (08:00:27:04:2a:9e), acked, valid from 2025-07-04T21:23:14Z for 600s until 2025-07-04T21:33:14Z
00:00:54.293589 Lease time 600 secs (default)
00:00:54.293593 writing leases to /home/hadi/.config/VirtualBox/HostInterfaceNetworking-vboxnet1-Dhcpd.leases
00:00:54.311982 >>> requested option 1 (SubnetMask)
00:00:54.311990 ... always supplied
00:00:54.311993 >>> requested option 15 (DomainName)
00:00:54.311996 ... not found
00:00:54.311998 >>> requested option 3 (Routers)
00:00:54.312001 ... not found
00:00:54.312004 >>> requested option 6 (DNSes)
00:00:54.312006 ... not found
00:00:54.312008 >>> requested option 44 (NetBIOSNameServers)
00:00:54.312011 ... not found
00:00:54.312013 >>> requested option 46 (NetBIOSNodeType)
00:00:54.312015 ... not found
00:00:54.312017 >>> requested option 47 (NetBIOSScope)
00:00:54.312020 ... not found
00:00:54.312022 >>> requested option 31 (PerformRouterDiscovery)
00:00:54.312024 ... not found
00:00:54.312027 >>> requested option 33 (StaticRoute)
00:00:54.312029 ... not found
00:00:54.312031 >>> requested option 121 (unknown)
00:00:54.312034 ... not found
00:00:54.312036 >>> requested option 249 (unknown)
00:00:54.312038 ... not found
00:00:54.312040 >>> requested option 43 (VendorSpecificInfo)
00:00:54.312043 ... not found
00:00:54.312046 encoding option 1 (SubnetMask)
00:00:54.312048 encoding option 51 (LeaseTime)
00:00:54.312051 ACK xid 0xf3e8ef90 chaddr 08:00:27:04:2a:9e
00:00:54.312060  ciaddr 0.0.0.0 yiaddr 192.168.56.3
00:00:54.312068 encoded message: 548 bytes
00:00:54.312068 00007fba300013e0/0000: 02 01 06 00 90 ef e8 f3-00 00 00 00 00 00 00 00 ................
00:00:54.312070 00007fba300013f0/0010: c0 a8 38 03 00 00 00 00-00 00 00 00 08 00 27 04 ..8...........'.
00:00:54.312070 00007fba30001400/0020: 2a 9e 00 00 00 00 00 00-00 00 00 00 00 00 00 00 *...............
00:00:54.312071 00007fba30001410/0030: 00 00 00 00 00 00 00 00-00 00 00 00 00 00 00 00 ................
00:00:54.312072 00007fba30001420/0040: 00 00 00 00 00 00 00 00-00 00 00 00 00 00 00 00 ................
00:00:54.312072 00007fba30001430/0050: 00 00 00 00 00 00 00 00-00 00 00 00 00 00 00 00 ................
00:00:54.312073 00007fba30001440/0060: 00 00 00 00 00 00 00 00-00 00 00 00 00 00 00 00 ................
00:00:54.312074 00007fba30001450/0070: 00 00 00 00 00 00 00 00-00 00 00 00 00 00 00 00 ................
00:00:54.312074 00007fba30001460/0080: 00 00 00 00 00 00 00 00-00 00 00 00 00 00 00 00 ................
00:00:54.312075 00007fba30001470/0090: 00 00 00 00 00 00 00 00-00 00 00 00 00 00 00 00 ................
00:00:54.312075 00007fba30001480/00a0: 00 00 00 00 00 00 00 00-00 00 00 00 00 00 00 00 ................
00:00:54.312076 00007fba30001490/00b0: 00 00 00 00 00 00 00 00-00 00 00 00 00 00 00 00 ................
00:00:54.312077 00007fba300014a0/00c0: 00 00 00 00 00 00 00 00-00 00 00 00 00 00 00 00 ................
00:00:54.312077 00007fba300014b0/00d0: 00 00 00 00 00 00 00 00-00 00 00 00 00 00 00 00 ................
00:00:54.312078 00007fba300014c0/00e0: 00 00 00 00 00 00 00 00-00 00 00 00 63 82 53 63 ............c.Sc
00:00:54.312078 00007fba300014d0/00f0: 36 04 c0 a8 38 02 35 01-05 01 04 ff ff ff 00 33 6...8.5........3
00:00:54.312079 00007fba300014e0/0100: 04 00 00 02 58 ff 00 00-00 00 00 00 00 00 00 00 ....X...........
00:00:54.312080 00007fba300014f0/0110: 00 00 00 00 00 00 00 00-00 00 00 00 00 00 00 00 ................
00:00:54.312080 00007fba30001500/0120: 00 00 00 00 00 00 00 00-00 00 00 00 00 00 00 00 ................
00:00:54.312081 00007fba30001510/0130: 00 00 00 00 00 00 00 00-00 00 00 00 00 00 00 00 ................
00:00:54.312082 00007fba30001520/0140: 00 00 00 00 00 00 00 00-00 00 00 00 00 00 00 00 ................
00:00:54.312082 00007fba30001530/0150: 00 00 00 00 00 00 00 00-00 00 00 00 00 00 00 00 ................
00:00:54.312083 00007fba30001540/0160: 00 00 00 00 00 00 00 00-00 00 00 00 00 00 00 00 ................
00:00:54.312084 00007fba30001550/0170: 00 00 00 00 00 00 00 00-00 00 00 00 00 00 00 00 ................
00:00:54.312084 00007fba30001560/0180: 00 00 00 00 00 00 00 00-00 00 00 00 00 00 00 00 ................
00:00:54.312085 00007fba30001570/0190: 00 00 00 00 00 00 00 00-00 00 00 00 00 00 00 00 ................
00:00:54.312086 00007fba30001580/01a0: 00 00 00 00 00 00 00 00-00 00 00 00 00 00 00 00 ................
00:00:54.312086 00007fba30001590/01b0: 00 00 00 00 00 00 00 00-00 00 00 00 00 00 00 00 ................
00:00:54.312087 00007fba300015a0/01c0: 00 00 00 00 00 00 00 00-00 00 00 00 00 00 00 00 ................
00:00:54.312087 00007fba300015b0/01d0: 00 00 00 00 00 00 00 00-00 00 00 00 00 00 00 00 ................
00:00:54.312088 00007fba300015c0/01e0: 00 00 00 00 00 00 00 00-00 00 00 00 00 00 00 00 ................
00:00:54.312089 00007fba300015d0/01f0: 00 00 00 00 00 00 00 00-00 00 00 00 00 00 00 00 ................
00:00:54.312089 00007fba300015e0/0200: 00 00 00 00 00 00 00 00-00 00 00 00 00 00 00 00 ................
00:00:54.312090 00007fba300015f0/0210: 00 00 00 00 00 00 00 00-00 00 00 00 00 00 00 00 ................
00:00:54.312090 00007fba30001600/0220: 00 00 00 00                                     ....
00:01:23.425590 INFORM xid 0xb479410b chaddr 08:00:27:04:2a:9e
00:01:23.425624  ciaddr 192.168.56.3
00:01:23.425632  client id: 01 08 00 27 04 2a 9e
00:01:23.425637  params { 1 15 3 6 44 46 47 31 33 121 249 43 252 }
00:01:23.425682   12: 'metasploitable3-win2k8'
00:01:23.425686   60: 'MSFT 5.0'
00:01:23.425692 >>> requested option 1 (SubnetMask)
00:01:23.425695 ... always supplied
00:01:23.425699 >>> requested option 15 (DomainName)
00:01:23.425702 ... not found
00:01:23.425705 >>> requested option 3 (Routers)
00:01:23.425709 ... not found
00:01:23.425712 >>> requested option 6 (DNSes)
00:01:23.425715 ... not found
00:01:23.425718 >>> requested option 44 (NetBIOSNameServers)
00:01:23.425721 ... not found
00:01:23.425724 >>> requested option 46 (NetBIOSNodeType)
00:01:23.425728 ... not found
00:01:23.425731 >>> requested option 47 (NetBIOSScope)
00:01:23.425734 ... not found
00:01:23.425737 >>> requested option 31 (PerformRouterDiscovery)
00:01:23.425740 ... not found
00:01:23.425743 >>> requested option 33 (StaticRoute)
00:01:23.425746 ... not found
00:01:23.425749 >>> requested option 121 (unknown)
00:01:23.425753 ... not found
00:01:23.425756 >>> requested option 249 (unknown)
00:01:23.425759 ... not found
00:01:23.425762 >>> requested option 43 (VendorSpecificInfo)
00:01:23.425765 ... not found
00:01:23.425768 >>> requested option 252 (unknown)
00:01:23.425771 ... not found
00:01:23.425776 encoding option 1 (SubnetMask)
00:01:23.425780 ACK xid 0xb479410b chaddr 08:00:27:04:2a:9e
00:01:23.425789  ciaddr 0.0.0.0
00:01:23.425796 encoded message: 548 bytes
00:01:23.425797 00007fba300013e0/0000: 02 01 06 00 0b 41 79 b4-00 00 00 00 00 00 00 00 .....Ay.........
00:01:23.425799 00007fba300013f0/0010: 00 00 00 00 00 00 00 00-00 00 00 00 08 00 27 04 ..............'.
00:01:23.425800 00007fba30001400/0020: 2a 9e 00 00 00 00 00 00-00 00 00 00 00 00 00 00 *...............
00:01:23.425801 00007fba30001410/0030: 00 00 00 00 00 00 00 00-00 00 00 00 00 00 00 00 ................
00:01:23.425802 00007fba30001420/0040: 00 00 00 00 00 00 00 00-00 00 00 00 00 00 00 00 ................
00:01:23.425803 00007fba30001430/0050: 00 00 00 00 00 00 00 00-00 00 00 00 00 00 00 00 ................
00:01:23.425803 00007fba30001440/0060: 00 00 00 00 00 00 00 00-00 00 00 00 00 00 00 00 ................
00:01:23.425804 00007fba30001450/0070: 00 00 00 00 00 00 00 00-00 00 00 00 00 00 00 00 ................
00:01:23.425805 00007fba30001460/0080: 00 00 00 00 00 00 00 00-00 00 00 00 00 00 00 00 ................
00:01:23.425806 00007fba30001470/0090: 00 00 00 00 00 00 00 00-00 00 00 00 00 00 00 00 ................
00:01:23.425807 00007fba30001480/00a0: 00 00 00 00 00 00 00 00-00 00 00 00 00 00 00 00 ................
00:01:23.425808 00007fba30001490/00b0: 00 00 00 00 00 00 00 00-00 00 00 00 00 00 00 00 ................
00:01:23.425809 00007fba300014a0/00c0: 00 00 00 00 00 00 00 00-00 00 00 00 00 00 00 00 ................
00:01:23.425810 00007fba300014b0/00d0: 00 00 00 00 00 00 00 00-00 00 00 00 00 00 00 00 ................
00:01:23.425811 00007fba300014c0/00e0: 00 00 00 00 00 00 00 00-00 00 00 00 63 82 53 63 ............c.Sc
00:01:23.425812 00007fba300014d0/00f0: 36 04 c0 a8 38 02 35 01-05 01 04 ff ff ff 00 ff 6...8.5.........
00:01:23.425812 00007fba300014e0/0100: 00 00 00 00 00 00 00 00-00 00 00 00 00 00 00 00 ................
00:01:23.425813 00007fba300014f0/0110: 00 00 00 00 00 00 00 00-00 00 00 00 00 00 00 00 ................
00:01:23.425814 00007fba30001500/0120: 00 00 00 00 00 00 00 00-00 00 00 00 00 00 00 00 ................
00:01:23.425815 00007fba30001510/0130: 00 00 00 00 00 00 00 00-00 00 00 00 00 00 00 00 ................
00:01:23.425816 00007fba30001520/0140: 00 00 00 00 00 00 00 00-00 00 00 00 00 00 00 00 ................
00:01:23.425817 00007fba30001530/0150: 00 00 00 00 00 00 00 00-00 00 00 00 00 00 00 00 ................
00:01:23.425818 00007fba30001540/0160: 00 00 00 00 00 00 00 00-00 00 00 00 00 00 00 00 ................
00:01:23.425819 00007fba30001550/0170: 00 00 00 00 00 00 00 00-00 00 00 00 00 00 00 00 ................
00:01:23.425820 00007fba30001560/0180: 00 00 00 00 00 00 00 00-00 00 00 00 00 00 00 00 ................
00:01:23.425821 00007fba30001570/0190: 00 00 00 00 00 00 00 00-00 00 00 00 00 00 00 00 ................
00:01:23.425822 00007fba30001580/01a0: 00 00 00 00 00 00 00 00-00 00 00 00 00 00 00 00 ................
00:01:23.425823 00007fba30001590/01b0: 00 00 00 00 00 00 00 00-00 00 00 00 00 00 00 00 ................
00:01:23.425824 00007fba300015a0/01c0: 00 00 00 00 00 00 00 00-00 00 00 00 00 00 00 00 ................
00:01:23.425825 00007fba300015b0/01d0: 00 00 00 00 00 00 00 00-00 00 00 00 00 00 00 00 ................
00:01:23.425825 00007fba300015c0/01e0: 00 00 00 00 00 00 00 00-00 00 00 00 00 00 00 00 ................
00:01:23.425826 00007fba300015d0/01f0: 00 00 00 00 00 00 00 00-00 00 00 00 00 00 00 00 ................
00:01:23.425827 00007fba300015e0/0200: 00 00 00 00 00 00 00 00-00 00 00 00 00 00 00 00 ................
00:01:23.425828 00007fba300015f0/0210: 00 00 00 00 00 00 00 00-00 00 00 00 00 00 00 00 ................
00:01:23.425829 00007fba30001600/0220: 00 00 00 00                                     ....
00:05:54.830514 REQUEST xid 0xc9d7732a chaddr 08:00:27:04:2a:9e
00:05:54.830565  ciaddr 192.168.56.3
00:05:54.830574  client id: 01 08 00 27 04 2a 9e
00:05:54.830580  params { 1 15 3 6 44 46 47 31 33 121 249 43 }
00:05:54.830635   12: 'metasploitable3-win2k8'
00:05:54.830640   60: 'MSFT 5.0'
00:05:54.830644   81: 00 00 00 6d 65 74 61 73 70 6c 6f 69 74 61 62 6c 65 33 2d 77 69 6e 32 6b 38
00:05:54.830651 > allocateAddress to client [01:08:00:27:04:2a:9e] (08:00:27:04:2a:9e)
00:05:54.830660 > ... found existing binding 192.168.56.3 to [01:08:00:27:04:2a:9e] (08:00:27:04:2a:9e), acked, valid from 2025-07-04T21:23:36Z for 600s until 2025-07-04T21:33:36Z
00:05:54.830672 Lease time 600 secs (default)
00:05:54.830678 writing leases to /home/hadi/.config/VirtualBox/HostInterfaceNetworking-vboxnet1-Dhcpd.leases
00:05:54.858062 >>> requested option 1 (SubnetMask)
00:05:54.858074 ... always supplied
00:05:54.858086 >>> requested option 15 (DomainName)
00:05:54.858095 ... not found
00:05:54.858100 >>> requested option 3 (Routers)
00:05:54.858104 ... not found
00:05:54.858109 >>> requested option 6 (DNSes)
00:05:54.858113 ... not found
00:05:54.858117 >>> requested option 44 (NetBIOSNameServers)
00:05:54.858121 ... not found
00:05:54.858125 >>> requested option 46 (NetBIOSNodeType)
00:05:54.858130 ... not found
00:05:54.858135 >>> requested option 47 (NetBIOSScope)
00:05:54.858140 ... not found
00:05:54.858144 >>> requested option 31 (PerformRouterDiscovery)
00:05:54.858148 ... not found
00:05:54.858152 >>> requested option 33 (StaticRoute)
00:05:54.858156 ... not found
00:05:54.858160 >>> requested option 121 (unknown)
00:05:54.858164 ... not found
00:05:54.858168 >>> requested option 249 (unknown)
00:05:54.858173 ... not found
00:05:54.858177 >>> requested option 43 (VendorSpecificInfo)
00:05:54.858181 ... not found
00:05:54.858186 encoding option 1 (SubnetMask)
00:05:54.858191 encoding option 51 (LeaseTime)
00:05:54.858197 ACK xid 0xc9d7732a chaddr 08:00:27:04:2a:9e
00:05:54.858211  ciaddr 192.168.56.3 yiaddr 192.168.56.3
00:05:54.858224 encoded message: 548 bytes
00:05:54.858226 00007fba300013e0/0000: 02 01 06 00 2a 73 d7 c9-00 00 00 00 c0 a8 38 03 ....*s........8.
00:05:54.858228 00007fba300013f0/0010: c0 a8 38 03 00 00 00 00-00 00 00 00 08 00 27 04 ..8...........'.
00:05:54.858230 00007fba30001400/0020: 2a 9e 00 00 00 00 00 00-00 00 00 00 00 00 00 00 *...............
00:05:54.858231 00007fba30001410/0030: 00 00 00 00 00 00 00 00-00 00 00 00 00 00 00 00 ................
00:05:54.858232 00007fba30001420/0040: 00 00 00 00 00 00 00 00-00 00 00 00 00 00 00 00 ................
00:05:54.858234 00007fba30001430/0050: 00 00 00 00 00 00 00 00-00 00 00 00 00 00 00 00 ................
00:05:54.858235 00007fba30001440/0060: 00 00 00 00 00 00 00 00-00 00 00 00 00 00 00 00 ................
00:05:54.858236 00007fba30001450/0070: 00 00 00 00 00 00 00 00-00 00 00 00 00 00 00 00 ................
00:05:54.858237 00007fba30001460/0080: 00 00 00 00 00 00 00 00-00 00 00 00 00 00 00 00 ................
00:05:54.858239 00007fba30001470/0090: 00 00 00 00 00 00 00 00-00 00 00 00 00 00 00 00 ................
00:05:54.858240 00007fba30001480/00a0: 00 00 00 00 00 00 00 00-00 00 00 00 00 00 00 00 ................
00:05:54.858241 00007fba30001490/00b0: 00 00 00 00 00 00 00 00-00 00 00 00 00 00 00 00 ................
00:05:54.858242 00007fba300014a0/00c0: 00 00 00 00 00 00 00 00-00 00 00 00 00 00 00 00 ................
00:05:54.858243 00007fba300014b0/00d0: 00 00 00 00 00 00 00 00-00 00 00 00 00 00 00 00 ................
00:05:54.858245 00007fba300014c0/00e0: 00 00 00 00 00 00 00 00-00 00 00 00 63 82 53 63 ............c.Sc
00:05:54.858246 00007fba300014d0/00f0: 36 04 c0 a8 38 02 35 01-05 01 04 ff ff ff 00 33 6...8.5........3
00:05:54.858247 00007fba300014e0/0100: 04 00 00 02 58 ff 00 00-00 00 00 00 00 00 00 00 ....X...........
00:05:54.858249 00007fba300014f0/0110: 00 00 00 00 00 00 00 00-00 00 00 00 00 00 00 00 ................
00:05:54.858251 00007fba30001500/0120: 00 00 00 00 00 00 00 00-00 00 00 00 00 00 00 00 ................
00:05:54.858253 00007fba30001510/0130: 00 00 00 00 00 00 00 00-00 00 00 00 00 00 00 00 ................
00:05:54.858255 00007fba30001520/0140: 00 00 00 00 00 00 00 00-00 00 00 00 00 00 00 00 ................
00:05:54.858257 00007fba30001530/0150: 00 00 00 00 00 00 00 00-00 00 00 00 00 00 00 00 ................
00:05:54.858259 00007fba30001540/0160: 00 00 00 00 00 00 00 00-00 00 00 00 00 00 00 00 ................
00:05:54.858260 00007fba30001550/0170: 00 00 00 00 00 00 00 00-00 00 00 00 00 00 00 00 ................
00:05:54.858261 00007fba30001560/0180: 00 00 00 00 00 00 00 00-00 00 00 00 00 00 00 00 ................
00:05:54.858262 00007fba30001570/0190: 00 00 00 00 00 00 00 00-00 00 00 00 00 00 00 00 ................
00:05:54.858264 00007fba30001580/01a0: 00 00 00 00 00 00 00 00-00 00 00 00 00 00 00 00 ................
00:05:54.858265 00007fba30001590/01b0: 00 00 00 00 00 00 00 00-00 00 00 00 00 00 00 00 ................
00:05:54.858266 00007fba300015a0/01c0: 00 00 00 00 00 00 00 00-00 00 00 00 00 00 00 00 ................
00:05:54.858267 00007fba300015b0/01d0: 00 00 00 00 00 00 00 00-00 00 00 00 00 00 00 00 ................
00:05:54.858269 00007fba300015c0/01e0: 00 00 00 00 00 00 00 00-00 00 00 00 00 00 00 00 ................
00:05:54.858270 00007fba300015d0/01f0: 00 00 00 00 00 00 00 00-00 00 00 00 00 00 00 00 ................
00:05:54.858271 00007fba300015e0/0200: 00 00 00 00 00 00 00 00-00 00 00 00 00 00 00 00 ................
00:05:54.858272 00007fba300015f0/0210: 00 00 00 00 00 00 00 00-00 00 00 00 00 00 00 00 ................
00:05:54.858273 00007fba30001600/0220: 00 00 00 00                                     ....
00:10:54.876916 REQUEST xid 0x81f41a6c chaddr 08:00:27:04:2a:9e
00:10:54.876966  ciaddr 192.168.56.3
00:10:54.877024  client id: 01 08 00 27 04 2a 9e
00:10:54.877032  params { 1 15 3 6 44 46 47 31 33 121 249 43 }
00:10:54.877089   12: 'metasploitable3-win2k8'
00:10:54.877094   60: 'MSFT 5.0'
00:10:54.877099   81: 00 00 00 6d 65 74 61 73 70 6c 6f 69 74 61 62 6c 65 33 2d 77 69 6e 32 6b 38
00:10:54.877106 > allocateAddress to client [01:08:00:27:04:2a:9e] (08:00:27:04:2a:9e)
00:10:54.877115 > ... found existing binding 192.168.56.3 to [01:08:00:27:04:2a:9e] (08:00:27:04:2a:9e), acked, valid from 2025-07-04T21:28:36Z for 600s until 2025-07-04T21:38:36Z
00:10:54.877127 Lease time 600 secs (default)
00:10:54.877133 writing leases to /home/hadi/.config/VirtualBox/HostInterfaceNetworking-vboxnet1-Dhcpd.leases
00:10:54.904270 >>> requested option 1 (SubnetMask)
00:10:54.904280 ... always supplied
00:10:54.904285 >>> requested option 15 (DomainName)
00:10:54.904290 ... not found
00:10:54.904294 >>> requested option 3 (Routers)
00:10:54.904301 ... not found
00:10:54.904305 >>> requested option 6 (DNSes)
00:10:54.904310 ... not found
00:10:54.904314 >>> requested option 44 (NetBIOSNameServers)
00:10:54.904318 ... not found
00:10:54.904322 >>> requested option 46 (NetBIOSNodeType)
00:10:54.904326 ... not found
00:10:54.904330 >>> requested option 47 (NetBIOSScope)
00:10:54.904335 ... not found
00:10:54.904338 >>> requested option 31 (PerformRouterDiscovery)
00:10:54.904343 ... not found
00:10:54.904347 >>> requested option 33 (StaticRoute)
00:10:54.904351 ... not found
00:10:54.904355 >>> requested option 121 (unknown)
00:10:54.904359 ... not found
00:10:54.904367 >>> requested option 249 (unknown)
00:10:54.904371 ... not found
00:10:54.904375 >>> requested option 43 (VendorSpecificInfo)
00:10:54.904380 ... not found
00:10:54.904385 encoding option 1 (SubnetMask)
00:10:54.904390 encoding option 51 (LeaseTime)
00:10:54.904395 ACK xid 0x81f41a6c chaddr 08:00:27:04:2a:9e
00:10:54.904408  ciaddr 192.168.56.3 yiaddr 192.168.56.3
00:10:54.904424 encoded message: 548 bytes
00:10:54.904426 00007fba300013e0/0000: 02 01 06 00 6c 1a f4 81-00 00 00 00 c0 a8 38 03 ....l.........8.
00:10:54.904428 00007fba300013f0/0010: c0 a8 38 03 00 00 00 00-00 00 00 00 08 00 27 04 ..8...........'.
00:10:54.904430 00007fba30001400/0020: 2a 9e 00 00 00 00 00 00-00 00 00 00 00 00 00 00 *...............
00:10:54.904431 00007fba30001410/0030: 00 00 00 00 00 00 00 00-00 00 00 00 00 00 00 00 ................
00:10:54.904432 00007fba30001420/0040: 00 00 00 00 00 00 00 00-00 00 00 00 00 00 00 00 ................
00:10:54.904433 00007fba30001430/0050: 00 00 00 00 00 00 00 00-00 00 00 00 00 00 00 00 ................
00:10:54.904435 00007fba30001440/0060: 00 00 00 00 00 00 00 00-00 00 00 00 00 00 00 00 ................
00:10:54.904436 00007fba30001450/0070: 00 00 00 00 00 00 00 00-00 00 00 00 00 00 00 00 ................
00:10:54.904437 00007fba30001460/0080: 00 00 00 00 00 00 00 00-00 00 00 00 00 00 00 00 ................
00:10:54.904438 00007fba30001470/0090: 00 00 00 00 00 00 00 00-00 00 00 00 00 00 00 00 ................
00:10:54.904440 00007fba30001480/00a0: 00 00 00 00 00 00 00 00-00 00 00 00 00 00 00 00 ................
00:10:54.904441 00007fba30001490/00b0: 00 00 00 00 00 00 00 00-00 00 00 00 00 00 00 00 ................
00:10:54.904442 00007fba300014a0/00c0: 00 00 00 00 00 00 00 00-00 00 00 00 00 00 00 00 ................
00:10:54.904443 00007fba300014b0/00d0: 00 00 00 00 00 00 00 00-00 00 00 00 00 00 00 00 ................
00:10:54.904445 00007fba300014c0/00e0: 00 00 00 00 00 00 00 00-00 00 00 00 63 82 53 63 ............c.Sc
00:10:54.904446 00007fba300014d0/00f0: 36 04 c0 a8 38 02 35 01-05 01 04 ff ff ff 00 33 6...8.5........3
00:10:54.904447 00007fba300014e0/0100: 04 00 00 02 58 ff 00 00-00 00 00 00 00 00 00 00 ....X...........
00:10:54.904449 00007fba300014f0/0110: 00 00 00 00 00 00 00 00-00 00 00 00 00 00 00 00 ................
00:10:54.904450 00007fba30001500/0120: 00 00 00 00 00 00 00 00-00 00 00 00 00 00 00 00 ................
00:10:54.904451 00007fba30001510/0130: 00 00 00 00 00 00 00 00-00 00 00 00 00 00 00 00 ................
00:10:54.904452 00007fba30001520/0140: 00 00 00 00 00 00 00 00-00 00 00 00 00 00 00 00 ................
00:10:54.904454 00007fba30001530/0150: 00 00 00 00 00 00 00 00-00 00 00 00 00 00 00 00 ................
00:10:54.904455 00007fba30001540/0160: 00 00 00 00 00 00 00 00-00 00 00 00 00 00 00 00 ................
00:10:54.904456 00007fba30001550/0170: 00 00 00 00 00 00 00 00-00 00 00 00 00 00 00 00 ................
00:10:54.904457 00007fba30001560/0180: 00 00 00 00 00 00 00 00-00 00 00 00 00 00 00 00 ................
00:10:54.904458 00007fba30001570/0190: 00 00 00 00 00 00 00 00-00 00 00 00 00 00 00 00 ................
00:10:54.904460 00007fba30001580/01a0: 00 00 00 00 00 00 00 00-00 00 00 00 00 00 00 00 ................
00:10:54.904461 00007fba30001590/01b0: 00 00 00 00 00 00 00 00-00 00 00 00 00 00 00 00 ................
00:10:54.904462 00007fba300015a0/01c0: 00 00 00 00 00 00 00 00-00 00 00 00 00 00 00 00 ................
00:10:54.904463 00007fba300015b0/01d0: 00 00 00 00 00 00 00 00-00 00 00 00 00 00 00 00 ................
00:10:54.904465 00007fba300015c0/01e0: 00 00 00 00 00 00 00 00-00 00 00 00 00 00 00 00 ................
00:10:54.904466 00007fba300015d0/01f0: 00 00 00 00 00 00 00 00-00 00 00 00 00 00 00 00 ................
00:10:54.904467 00007fba300015e0/0200: 00 00 00 00 00 00 00 00-00 00 00 00 00 00 00 00 ................
00:10:54.904468 00007fba300015f0/0210: 00 00 00 00 00 00 00 00-00 00 00 00 00 00 00 00 ................
00:10:54.904470 00007fba30001600/0220: 00 00 00 00                                     ....
00:15:54.908280 REQUEST xid 0xa2cb3f07 chaddr 08:00:27:04:2a:9e
00:15:54.908317  ciaddr 192.168.56.3
00:15:54.908326  client id: 01 08 00 27 04 2a 9e
00:15:54.908333  params { 1 15 3 6 44 46 47 31 33 121 249 43 }
00:15:54.908386   12: 'metasploitable3-win2k8'
00:15:54.908391   60: 'MSFT 5.0'
00:15:54.908396   81: 00 00 00 6d 65 74 61 73 70 6c 6f 69 74 61 62 6c 65 33 2d 77 69 6e 32 6b 38
00:15:54.908403 > allocateAddress to client [01:08:00:27:04:2a:9e] (08:00:27:04:2a:9e)
00:15:54.908412 > ... found existing binding 192.168.56.3 to [01:08:00:27:04:2a:9e] (08:00:27:04:2a:9e), acked, valid from 2025-07-04T21:33:36Z for 600s until 2025-07-04T21:43:36Z
00:15:54.908424 Lease time 600 secs (default)
00:15:54.908431 writing leases to /home/hadi/.config/VirtualBox/HostInterfaceNetworking-vboxnet1-Dhcpd.leases
00:15:54.935653 >>> requested option 1 (SubnetMask)
00:15:54.935664 ... always supplied
00:15:54.935669 >>> requested option 15 (DomainName)
00:15:54.935674 ... not found
00:15:54.935678 >>> requested option 3 (Routers)
00:15:54.935683 ... not found
00:15:54.935687 >>> requested option 6 (DNSes)
00:15:54.935691 ... not found
00:15:54.935695 >>> requested option 44 (NetBIOSNameServers)
00:15:54.935699 ... not found
00:15:54.935703 >>> requested option 46 (NetBIOSNodeType)
00:15:54.935707 ... not found
00:15:54.935711 >>> requested option 47 (NetBIOSScope)
00:15:54.935715 ... not found
00:15:54.935719 >>> requested option 31 (PerformRouterDiscovery)
00:15:54.935724 ... not found
00:15:54.935728 >>> requested option 33 (StaticRoute)
00:15:54.935732 ... not found
00:15:54.935736 >>> requested option 121 (unknown)
00:15:54.935740 ... not found
00:15:54.935744 >>> requested option 249 (unknown)
00:15:54.935748 ... not found
00:15:54.935758 >>> requested option 43 (VendorSpecificInfo)
00:15:54.935766 ... not found
00:15:54.935772 encoding option 1 (SubnetMask)
00:15:54.935777 encoding option 51 (LeaseTime)
00:15:54.935782 ACK xid 0xa2cb3f07 chaddr 08:00:27:04:2a:9e
00:15:54.935796  ciaddr 192.168.56.3 yiaddr 192.168.56.3
00:15:54.935809 encoded message: 548 bytes
00:15:54.935811 00007fba300013e0/0000: 02 01 06 00 07 3f cb a2-00 00 00 00 c0 a8 38 03 .....?........8.
00:15:54.935813 00007fba300013f0/0010: c0 a8 38 03 00 00 00 00-00 00 00 00 08 00 27 04 ..8...........'.
00:15:54.935815 00007fba30001400/0020: 2a 9e 00 00 00 00 00 00-00 00 00 00 00 00 00 00 *...............
00:15:54.935816 00007fba30001410/0030: 00 00 00 00 00 00 00 00-00 00 00 00 00 00 00 00 ................
00:15:54.935817 00007fba30001420/0040: 00 00 00 00 00 00 00 00-00 00 00 00 00 00 00 00 ................
00:15:54.935819 00007fba30001430/0050: 00 00 00 00 00 00 00 00-00 00 00 00 00 00 00 00 ................
00:15:54.935820 00007fba30001440/0060: 00 00 00 00 00 00 00 00-00 00 00 00 00 00 00 00 ................
00:15:54.935821 00007fba30001450/0070: 00 00 00 00 00 00 00 00-00 00 00 00 00 00 00 00 ................
00:15:54.935822 00007fba30001460/0080: 00 00 00 00 00 00 00 00-00 00 00 00 00 00 00 00 ................
00:15:54.935824 00007fba30001470/0090: 00 00 00 00 00 00 00 00-00 00 00 00 00 00 00 00 ................
00:15:54.935825 00007fba30001480/00a0: 00 00 00 00 00 00 00 00-00 00 00 00 00 00 00 00 ................
00:15:54.935826 00007fba30001490/00b0: 00 00 00 00 00 00 00 00-00 00 00 00 00 00 00 00 ................
00:15:54.935827 00007fba300014a0/00c0: 00 00 00 00 00 00 00 00-00 00 00 00 00 00 00 00 ................
00:15:54.935828 00007fba300014b0/00d0: 00 00 00 00 00 00 00 00-00 00 00 00 00 00 00 00 ................
00:15:54.935830 00007fba300014c0/00e0: 00 00 00 00 00 00 00 00-00 00 00 00 63 82 53 63 ............c.Sc
00:15:54.935831 00007fba300014d0/00f0: 36 04 c0 a8 38 02 35 01-05 01 04 ff ff ff 00 33 6...8.5........3
00:15:54.935832 00007fba300014e0/0100: 04 00 00 02 58 ff 00 00-00 00 00 00 00 00 00 00 ....X...........
00:15:54.935834 00007fba300014f0/0110: 00 00 00 00 00 00 00 00-00 00 00 00 00 00 00 00 ................
00:15:54.935835 00007fba30001500/0120: 00 00 00 00 00 00 00 00-00 00 00 00 00 00 00 00 ................
00:15:54.935836 00007fba30001510/0130: 00 00 00 00 00 00 00 00-00 00 00 00 00 00 00 00 ................
00:15:54.935837 00007fba30001520/0140: 00 00 00 00 00 00 00 00-00 00 00 00 00 00 00 00 ................
00:15:54.935839 00007fba30001530/0150: 00 00 00 00 00 00 00 00-00 00 00 00 00 00 00 00 ................
00:15:54.935840 00007fba30001540/0160: 00 00 00 00 00 00 00 00-00 00 00 00 00 00 00 00 ................
00:15:54.935841 00007fba30001550/0170: 00 00 00 00 00 00 00 00-00 00 00 00 00 00 00 00 ................
00:15:54.935842 00007fba30001560/0180: 00 00 00 00 00 00 00 00-00 00 00 00 00 00 00 00 ................
00:15:54.935844 00007fba30001570/0190: 00 00 00 00 00 00 00 00-00 00 00 00 00 00 00 00 ................
00:15:54.935845 00007fba30001580/01a0: 00 00 00 00 00 00 00 00-00 00 00 00 00 00 00 00 ................
00:15:54.935846 00007fba30001590/01b0: 00 00 00 00 00 00 00 00-00 00 00 00 00 00 00 00 ................
00:15:54.935847 00007fba300015a0/01c0: 00 00 00 00 00 00 00 00-00 00 00 00 00 00 00 00 ................
00:15:54.935849 00007fba300015b0/01d0: 00 00 00 00 00 00 00 00-00 00 00 00 00 00 00 00 ................
00:15:54.935850 00007fba300015c0/01e0: 00 00 00 00 00 00 00 00-00 00 00 00 00 00 00 00 ................
00:15:54.935851 00007fba300015d0/01f0: 00 00 00 00 00 00 00 00-00 00 00 00 00 00 00 00 ................
00:15:54.935852 00007fba300015e0/0200: 00 00 00 00 00 00 00 00-00 00 00 00 00 00 00 00 ................
00:15:54.935854 00007fba300015f0/0210: 00 00 00 00 00 00 00 00-00 00 00 00 00 00 00 00 ................
00:15:54.935855 00007fba30001600/0220: 00 00 00 00                                     ....
00:20:54.956133 REQUEST xid 0x87e36c81 chaddr 08:00:27:04:2a:9e
00:20:54.956165  ciaddr 192.168.56.3
00:20:54.956179  client id: 01 08 00 27 04 2a 9e
00:20:54.956195  params { 1 15 3 6 44 46 47 31 33 121 249 43 }
00:20:54.956251   12: 'metasploitable3-win2k8'
00:20:54.956256   60: 'MSFT 5.0'
00:20:54.956260   81: 00 00 00 6d 65 74 61 73 70 6c 6f 69 74 61 62 6c 65 33 2d 77 69 6e 32 6b 38
00:20:54.956268 > allocateAddress to client [01:08:00:27:04:2a:9e] (08:00:27:04:2a:9e)
00:20:54.956276 > ... found existing binding 192.168.56.3 to [01:08:00:27:04:2a:9e] (08:00:27:04:2a:9e), acked, valid from 2025-07-04T21:38:36Z for 600s until 2025-07-04T21:48:36Z
00:20:54.956288 Lease time 600 secs (default)
00:20:54.956294 writing leases to /home/hadi/.config/VirtualBox/HostInterfaceNetworking-vboxnet1-Dhcpd.leases
00:20:54.983623 >>> requested option 1 (SubnetMask)
00:20:54.983634 ... always supplied
00:20:54.983639 >>> requested option 15 (DomainName)
00:20:54.983644 ... not found
00:20:54.983648 >>> requested option 3 (Routers)
00:20:54.983653 ... not found
00:20:54.983657 >>> requested option 6 (DNSes)
00:20:54.983661 ... not found
00:20:54.983665 >>> requested option 44 (NetBIOSNameServers)
00:20:54.983669 ... not found
00:20:54.983674 >>> requested option 46 (NetBIOSNodeType)
00:20:54.983678 ... not found
00:20:54.983682 >>> requested option 47 (NetBIOSScope)
00:20:54.983686 ... not found
00:20:54.983690 >>> requested option 31 (PerformRouterDiscovery)
00:20:54.983694 ... not found
00:20:54.983699 >>> requested option 33 (StaticRoute)
00:20:54.983703 ... not found
00:20:54.983707 >>> requested option 121 (unknown)
00:20:54.983711 ... not found
00:20:54.983715 >>> requested option 249 (unknown)
00:20:54.983719 ... not found
00:20:54.983724 >>> requested option 43 (VendorSpecificInfo)
00:20:54.983728 ... not found
00:20:54.983733 encoding option 1 (SubnetMask)
00:20:54.983738 encoding option 51 (LeaseTime)
00:20:54.983743 ACK xid 0x87e36c81 chaddr 08:00:27:04:2a:9e
00:20:54.983757  ciaddr 192.168.56.3 yiaddr 192.168.56.3
00:20:54.983770 encoded message: 548 bytes
00:20:54.983772 00007fba300013e0/0000: 02 01 06 00 81 6c e3 87-00 00 00 00 c0 a8 38 03 .....l........8.
00:20:54.983774 00007fba300013f0/0010: c0 a8 38 03 00 00 00 00-00 00 00 00 08 00 27 04 ..8...........'.
00:20:54.983775 00007fba30001400/0020: 2a 9e 00 00 00 00 00 00-00 00 00 00 00 00 00 00 *...............
00:20:54.983777 00007fba30001410/0030: 00 00 00 00 00 00 00 00-00 00 00 00 00 00 00 00 ................
00:20:54.983778 00007fba30001420/0040: 00 00 00 00 00 00 00 00-00 00 00 00 00 00 00 00 ................
00:20:54.983779 00007fba30001430/0050: 00 00 00 00 00 00 00 00-00 00 00 00 00 00 00 00 ................
00:20:54.983781 00007fba30001440/0060: 00 00 00 00 00 00 00 00-00 00 00 00 00 00 00 00 ................
00:20:54.983782 00007fba30001450/0070: 00 00 00 00 00 00 00 00-00 00 00 00 00 00 00 00 ................
00:20:54.983783 00007fba30001460/0080: 00 00 00 00 00 00 00 00-00 00 00 00 00 00 00 00 ................
00:20:54.983784 00007fba30001470/0090: 00 00 00 00 00 00 00 00-00 00 00 00 00 00 00 00 ................
00:20:54.983785 00007fba30001480/00a0: 00 00 00 00 00 00 00 00-00 00 00 00 00 00 00 00 ................
00:20:54.983787 00007fba30001490/00b0: 00 00 00 00 00 00 00 00-00 00 00 00 00 00 00 00 ................
00:20:54.983788 00007fba300014a0/00c0: 00 00 00 00 00 00 00 00-00 00 00 00 00 00 00 00 ................
00:20:54.983789 00007fba300014b0/00d0: 00 00 00 00 00 00 00 00-00 00 00 00 00 00 00 00 ................
00:20:54.983790 00007fba300014c0/00e0: 00 00 00 00 00 00 00 00-00 00 00 00 63 82 53 63 ............c.Sc
00:20:54.983792 00007fba300014d0/00f0: 36 04 c0 a8 38 02 35 01-05 01 04 ff ff ff 00 33 6...8.5........3
00:20:54.983793 00007fba300014e0/0100: 04 00 00 02 58 ff 00 00-00 00 00 00 00 00 00 00 ....X...........
00:20:54.983794 00007fba300014f0/0110: 00 00 00 00 00 00 00 00-00 00 00 00 00 00 00 00 ................
00:20:54.983796 00007fba30001500/0120: 00 00 00 00 00 00 00 00-00 00 00 00 00 00 00 00 ................
00:20:54.983797 00007fba30001510/0130: 00 00 00 00 00 00 00 00-00 00 00 00 00 00 00 00 ................
00:20:54.983798 00007fba30001520/0140: 00 00 00 00 00 00 00 00-00 00 00 00 00 00 00 00 ................
00:20:54.983800 00007fba30001530/0150: 00 00 00 00 00 00 00 00-00 00 00 00 00 00 00 00 ................
00:20:54.983801 00007fba30001540/0160: 00 00 00 00 00 00 00 00-00 00 00 00 00 00 00 00 ................
00:20:54.983802 00007fba30001550/0170: 00 00 00 00 00 00 00 00-00 00 00 00 00 00 00 00 ................
00:20:54.983803 00007fba30001560/0180: 00 00 00 00 00 00 00 00-00 00 00 00 00 00 00 00 ................
00:20:54.983804 00007fba30001570/0190: 00 00 00 00 00 00 00 00-00 00 00 00 00 00 00 00 ................
00:20:54.983806 00007fba30001580/01a0: 00 00 00 00 00 00 00 00-00 00 00 00 00 00 00 00 ................
00:20:54.983807 00007fba30001590/01b0: 00 00 00 00 00 00 00 00-00 00 00 00 00 00 00 00 ................
00:20:54.983808 00007fba300015a0/01c0: 00 00 00 00 00 00 00 00-00 00 00 00 00 00 00 00 ................
00:20:54.983809 00007fba300015b0/01d0: 00 00 00 00 00 00 00 00-00 00 00 00 00 00 00 00 ................
00:20:54.983811 00007fba300015c0/01e0: 00 00 00 00 00 00 00 00-00 00 00 00 00 00 00 00 ................
00:20:54.983812 00007fba300015d0/01f0: 00 00 00 00 00 00 00 00-00 00 00 00 00 00 00 00 ................
00:20:54.983813 00007fba300015e0/0200: 00 00 00 00 00 00 00 00-00 00 00 00 00 00 00 00 ................
00:20:54.983814 00007fba300015f0/0210: 00 00 00 00 00 00 00 00-00 00 00 00 00 00 00 00 ................
00:20:54.983816 00007fba30001600/0220: 00 00 00 00                                     ....
00:25:55.003187 REQUEST xid 0x48e2fbf7 chaddr 08:00:27:04:2a:9e
00:25:55.003220  ciaddr 192.168.56.3
00:25:55.003231  client id: 01 08 00 27 04 2a 9e
00:25:55.003238  params { 1 15 3 6 44 46 47 31 33 121 249 43 }
00:25:55.003294   12: 'metasploitable3-win2k8'
00:25:55.003300   60: 'MSFT 5.0'
00:25:55.003304   81: 00 00 00 6d 65 74 61 73 70 6c 6f 69 74 61 62 6c 65 33 2d 77 69 6e 32 6b 38
00:25:55.003312 > allocateAddress to client [01:08:00:27:04:2a:9e] (08:00:27:04:2a:9e)
00:25:55.003319 > ... found existing binding 192.168.56.3 to [01:08:00:27:04:2a:9e] (08:00:27:04:2a:9e), acked, valid from 2025-07-04T21:43:36Z for 600s until 2025-07-04T21:53:36Z
00:25:55.003331 Lease time 600 secs (default)
00:25:55.003337 writing leases to /home/hadi/.config/VirtualBox/HostInterfaceNetworking-vboxnet1-Dhcpd.leases
00:25:55.021838 >>> requested option 1 (SubnetMask)
00:25:55.021855 ... always supplied
00:25:55.021860 >>> requested option 15 (DomainName)
00:25:55.021865 ... not found
00:25:55.021869 >>> requested option 3 (Routers)
00:25:55.021873 ... not found
00:25:55.021877 >>> requested option 6 (DNSes)
00:25:55.021882 ... not found
00:25:55.021886 >>> requested option 44 (NetBIOSNameServers)
00:25:55.021890 ... not found
00:25:55.021894 >>> requested option 46 (NetBIOSNodeType)
00:25:55.021898 ... not found
00:25:55.021902 >>> requested option 47 (NetBIOSScope)
00:25:55.021907 ... not found
00:25:55.021911 >>> requested option 31 (PerformRouterDiscovery)
00:25:55.021916 ... not found
00:25:55.021920 >>> requested option 33 (StaticRoute)
00:25:55.021935 ... not found
00:25:55.021940 >>> requested option 121 (unknown)
00:25:55.021944 ... not found
00:25:55.021948 >>> requested option 249 (unknown)
00:25:55.021952 ... not found
00:25:55.021956 >>> requested option 43 (VendorSpecificInfo)
00:25:55.021960 ... not found
00:25:55.021966 encoding option 1 (SubnetMask)
00:25:55.021971 encoding option 51 (LeaseTime)
00:25:55.021976 ACK xid 0x48e2fbf7 chaddr 08:00:27:04:2a:9e
00:25:55.021991  ciaddr 192.168.56.3 yiaddr 192.168.56.3
00:25:55.022004 encoded message: 548 bytes
00:25:55.022006 00007fba300013e0/0000: 02 01 06 00 f7 fb e2 48-00 00 00 00 c0 a8 38 03 .......H......8.
00:25:55.022008 00007fba300013f0/0010: c0 a8 38 03 00 00 00 00-00 00 00 00 08 00 27 04 ..8...........'.
00:25:55.022010 00007fba30001400/0020: 2a 9e 00 00 00 00 00 00-00 00 00 00 00 00 00 00 *...............
00:25:55.022011 00007fba30001410/0030: 00 00 00 00 00 00 00 00-00 00 00 00 00 00 00 00 ................
00:25:55.022012 00007fba30001420/0040: 00 00 00 00 00 00 00 00-00 00 00 00 00 00 00 00 ................
00:25:55.022014 00007fba30001430/0050: 00 00 00 00 00 00 00 00-00 00 00 00 00 00 00 00 ................
00:25:55.022015 00007fba30001440/0060: 00 00 00 00 00 00 00 00-00 00 00 00 00 00 00 00 ................
00:25:55.022016 00007fba30001450/0070: 00 00 00 00 00 00 00 00-00 00 00 00 00 00 00 00 ................
00:25:55.022017 00007fba30001460/0080: 00 00 00 00 00 00 00 00-00 00 00 00 00 00 00 00 ................
00:25:55.022019 00007fba30001470/0090: 00 00 00 00 00 00 00 00-00 00 00 00 00 00 00 00 ................
00:25:55.022020 00007fba30001480/00a0: 00 00 00 00 00 00 00 00-00 00 00 00 00 00 00 00 ................
00:25:55.022021 00007fba30001490/00b0: 00 00 00 00 00 00 00 00-00 00 00 00 00 00 00 00 ................
00:25:55.022022 00007fba300014a0/00c0: 00 00 00 00 00 00 00 00-00 00 00 00 00 00 00 00 ................
00:25:55.022024 00007fba300014b0/00d0: 00 00 00 00 00 00 00 00-00 00 00 00 00 00 00 00 ................
00:25:55.022025 00007fba300014c0/00e0: 00 00 00 00 00 00 00 00-00 00 00 00 63 82 53 63 ............c.Sc
00:25:55.022026 00007fba300014d0/00f0: 36 04 c0 a8 38 02 35 01-05 01 04 ff ff ff 00 33 6...8.5........3
00:25:55.022028 00007fba300014e0/0100: 04 00 00 02 58 ff 00 00-00 00 00 00 00 00 00 00 ....X...........
00:25:55.022030 00007fba300014f0/0110: 00 00 00 00 00 00 00 00-00 00 00 00 00 00 00 00 ................
00:25:55.022032 00007fba30001500/0120: 00 00 00 00 00 00 00 00-00 00 00 00 00 00 00 00 ................
00:25:55.022034 00007fba30001510/0130: 00 00 00 00 00 00 00 00-00 00 00 00 00 00 00 00 ................
00:25:55.022036 00007fba30001520/0140: 00 00 00 00 00 00 00 00-00 00 00 00 00 00 00 00 ................
00:25:55.022038 00007fba30001530/0150: 00 00 00 00 00 00 00 00-00 00 00 00 00 00 00 00 ................
00:25:55.022039 00007fba30001540/0160: 00 00 00 00 00 00 00 00-00 00 00 00 00 00 00 00 ................
00:25:55.022040 00007fba30001550/0170: 00 00 00 00 00 00 00 00-00 00 00 00 00 00 00 00 ................
00:25:55.022041 00007fba30001560/0180: 00 00 00 00 00 00 00 00-00 00 00 00 00 00 00 00 ................
00:25:55.022043 00007fba30001570/0190: 00 00 00 00 00 00 00 00-00 00 00 00 00 00 00 00 ................
00:25:55.022044 00007fba30001580/01a0: 00 00 00 00 00 00 00 00-00 00 00 00 00 00 00 00 ................
00:25:55.022045 00007fba30001590/01b0: 00 00 00 00 00 00 00 00-00 00 00 00 00 00 00 00 ................
00:25:55.022046 00007fba300015a0/01c0: 00 00 00 00 00 00 00 00-00 00 00 00 00 00 00 00 ................
00:25:55.022048 00007fba300015b0/01d0: 00 00 00 00 00 00 00 00-00 00 00 00 00 00 00 00 ................
00:25:55.022049 00007fba300015c0/01e0: 00 00 00 00 00 00 00 00-00 00 00 00 00 00 00 00 ................
00:25:55.022050 00007fba300015d0/01f0: 00 00 00 00 00 00 00 00-00 00 00 00 00 00 00 00 ................
00:25:55.022051 00007fba300015e0/0200: 00 00 00 00 00 00 00 00-00 00 00 00 00 00 00 00 ................
00:25:55.022053 00007fba300015f0/0210: 00 00 00 00 00 00 00 00-00 00 00 00 00 00 00 00 ................
00:25:55.022054 00007fba30001600/0220: 00 00 00 00                                     ....
00:30:55.033760 REQUEST xid 0xa2485a91 chaddr 08:00:27:04:2a:9e
00:30:55.033797  ciaddr 192.168.56.3
00:30:55.033806  client id: 01 08 00 27 04 2a 9e
00:30:55.033812  params { 1 15 3 6 44 46 47 31 33 121 249 43 }
00:30:55.033867   12: 'metasploitable3-win2k8'
00:30:55.033872   60: 'MSFT 5.0'
00:30:55.033876   81: 00 00 00 6d 65 74 61 73 70 6c 6f 69 74 61 62 6c 65 33 2d 77 69 6e 32 6b 38
00:30:55.033884 > allocateAddress to client [01:08:00:27:04:2a:9e] (08:00:27:04:2a:9e)
00:30:55.033892 > ... found existing binding 192.168.56.3 to [01:08:00:27:04:2a:9e] (08:00:27:04:2a:9e), acked, valid from 2025-07-04T21:48:36Z for 600s until 2025-07-04T21:58:36Z
00:30:55.033904 Lease time 600 secs (default)
00:30:55.033911 writing leases to /home/hadi/.config/VirtualBox/HostInterfaceNetworking-vboxnet1-Dhcpd.leases
00:30:55.061374 >>> requested option 1 (SubnetMask)
00:30:55.061387 ... always supplied
00:30:55.061392 >>> requested option 15 (DomainName)
00:30:55.061403 ... not found
00:30:55.061416 >>> requested option 3 (Routers)
00:30:55.061421 ... not found
00:30:55.061425 >>> requested option 6 (DNSes)
00:30:55.061429 ... not found
00:30:55.061433 >>> requested option 44 (NetBIOSNameServers)
00:30:55.061438 ... not found
00:30:55.061442 >>> requested option 46 (NetBIOSNodeType)
00:30:55.061446 ... not found
00:30:55.061450 >>> requested option 47 (NetBIOSScope)
00:30:55.061454 ... not found
00:30:55.061458 >>> requested option 31 (PerformRouterDiscovery)
00:30:55.061463 ... not found
00:30:55.061469 >>> requested option 33 (StaticRoute)
00:30:55.061474 ... not found
00:30:55.061478 >>> requested option 121 (unknown)
00:30:55.061482 ... not found
00:30:55.061486 >>> requested option 249 (unknown)
00:30:55.061490 ... not found
00:30:55.061494 >>> requested option 43 (VendorSpecificInfo)
00:30:55.061499 ... not found
00:30:55.061504 encoding option 1 (SubnetMask)
00:30:55.061509 encoding option 51 (LeaseTime)
00:30:55.061514 ACK xid 0xa2485a91 chaddr 08:00:27:04:2a:9e
00:30:55.061530  ciaddr 192.168.56.3 yiaddr 192.168.56.3
00:30:55.061544 encoded message: 548 bytes
00:30:55.061546 00007fba300013e0/0000: 02 01 06 00 91 5a 48 a2-00 00 00 00 c0 a8 38 03 .....ZH.......8.
00:30:55.061548 00007fba300013f0/0010: c0 a8 38 03 00 00 00 00-00 00 00 00 08 00 27 04 ..8...........'.
00:30:55.061550 00007fba30001400/0020: 2a 9e 00 00 00 00 00 00-00 00 00 00 00 00 00 00 *...............
00:30:55.061551 00007fba30001410/0030: 00 00 00 00 00 00 00 00-00 00 00 00 00 00 00 00 ................
00:30:55.061552 00007fba30001420/0040: 00 00 00 00 00 00 00 00-00 00 00 00 00 00 00 00 ................
00:30:55.061554 00007fba30001430/0050: 00 00 00 00 00 00 00 00-00 00 00 00 00 00 00 00 ................
00:30:55.061555 00007fba30001440/0060: 00 00 00 00 00 00 00 00-00 00 00 00 00 00 00 00 ................
00:30:55.061556 00007fba30001450/0070: 00 00 00 00 00 00 00 00-00 00 00 00 00 00 00 00 ................
00:30:55.061557 00007fba30001460/0080: 00 00 00 00 00 00 00 00-00 00 00 00 00 00 00 00 ................
00:30:55.061559 00007fba30001470/0090: 00 00 00 00 00 00 00 00-00 00 00 00 00 00 00 00 ................
00:30:55.061560 00007fba30001480/00a0: 00 00 00 00 00 00 00 00-00 00 00 00 00 00 00 00 ................
00:30:55.061561 00007fba30001490/00b0: 00 00 00 00 00 00 00 00-00 00 00 00 00 00 00 00 ................
00:30:55.061562 00007fba300014a0/00c0: 00 00 00 00 00 00 00 00-00 00 00 00 00 00 00 00 ................
00:30:55.061564 00007fba300014b0/00d0: 00 00 00 00 00 00 00 00-00 00 00 00 00 00 00 00 ................
00:30:55.061565 00007fba300014c0/00e0: 00 00 00 00 00 00 00 00-00 00 00 00 63 82 53 63 ............c.Sc
00:30:55.061566 00007fba300014d0/00f0: 36 04 c0 a8 38 02 35 01-05 01 04 ff ff ff 00 33 6...8.5........3
00:30:55.061568 00007fba300014e0/0100: 04 00 00 02 58 ff 00 00-00 00 00 00 00 00 00 00 ....X...........
00:30:55.061569 00007fba300014f0/0110: 00 00 00 00 00 00 00 00-00 00 00 00 00 00 00 00 ................
00:30:55.061570 00007fba30001500/0120: 00 00 00 00 00 00 00 00-00 00 00 00 00 00 00 00 ................
00:30:55.061571 00007fba30001510/0130: 00 00 00 00 00 00 00 00-00 00 00 00 00 00 00 00 ................
00:30:55.061573 00007fba30001520/0140: 00 00 00 00 00 00 00 00-00 00 00 00 00 00 00 00 ................
00:30:55.061574 00007fba30001530/0150: 00 00 00 00 00 00 00 00-00 00 00 00 00 00 00 00 ................
00:30:55.061575 00007fba30001540/0160: 00 00 00 00 00 00 00 00-00 00 00 00 00 00 00 00 ................
00:30:55.061577 00007fba30001550/0170: 00 00 00 00 00 00 00 00-00 00 00 00 00 00 00 00 ................
00:30:55.061578 00007fba30001560/0180: 00 00 00 00 00 00 00 00-00 00 00 00 00 00 00 00 ................
00:30:55.061579 00007fba30001570/0190: 00 00 00 00 00 00 00 00-00 00 00 00 00 00 00 00 ................
00:30:55.061580 00007fba30001580/01a0: 00 00 00 00 00 00 00 00-00 00 00 00 00 00 00 00 ................
00:30:55.061582 00007fba30001590/01b0: 00 00 00 00 00 00 00 00-00 00 00 00 00 00 00 00 ................
00:30:55.061583 00007fba300015a0/01c0: 00 00 00 00 00 00 00 00-00 00 00 00 00 00 00 00 ................
00:30:55.061584 00007fba300015b0/01d0: 00 00 00 00 00 00 00 00-00 00 00 00 00 00 00 00 ................
00:30:55.061585 00007fba300015c0/01e0: 00 00 00 00 00 00 00 00-00 00 00 00 00 00 00 00 ................
00:30:55.061587 00007fba300015d0/01f0: 00 00 00 00 00 00 00 00-00 00 00 00 00 00 00 00 ................
00:30:55.061590 00007fba300015e0/0200: 00 00 00 00 00 00 00 00-00 00 00 00 00 00 00 00 ................
00:30:55.061592 00007fba300015f0/0210: 00 00 00 00 00 00 00 00-00 00 00 00 00 00 00 00 ................
00:30:55.061593 00007fba30001600/0220: 00 00 00 00                                     ....
00:32:18.212952 REQUEST xid 0x06f2139e chaddr 08:00:27:04:2a:9e
00:32:18.212971  ciaddr 0.0.0.0
00:32:18.212976  client id: 01 08 00 27 04 2a 9e
00:32:18.212980  requested address 192.168.56.3
00:32:18.212984  params { 1 15 3 6 44 46 47 31 33 121 249 43 }
00:32:18.213010   12: 'metasploitable3-win2k8'
00:32:18.213012   60: 'MSFT 5.0'
00:32:18.213014   81: 00 00 00 6d 65 74 61 73 70 6c 6f 69 74 61 62 6c 65 33 2d 77 69 6e 32 6b 38
00:32:18.213018 > allocateAddress 192.168.56.3 to client [01:08:00:27:04:2a:9e] (08:00:27:04:2a:9e)
00:32:18.213024 > ... found existing binding 192.168.56.3 to [01:08:00:27:04:2a:9e] (08:00:27:04:2a:9e), acked, valid from 2025-07-04T21:53:36Z for 600s until 2025-07-04T22:03:36Z
00:32:18.213030 Lease time 600 secs (default)
00:32:18.213033 writing leases to /home/hadi/.config/VirtualBox/HostInterfaceNetworking-vboxnet1-Dhcpd.leases
00:32:18.231424 >>> requested option 1 (SubnetMask)
00:32:18.231431 ... always supplied
00:32:18.231436 >>> requested option 15 (DomainName)
00:32:18.231438 ... not found
00:32:18.231440 >>> requested option 3 (Routers)
00:32:18.231442 ... not found
00:32:18.231444 >>> requested option 6 (DNSes)
00:32:18.231446 ... not found
00:32:18.231448 >>> requested option 44 (NetBIOSNameServers)
00:32:18.231450 ... not found
00:32:18.231452 >>> requested option 46 (NetBIOSNodeType)
00:32:18.231454 ... not found
00:32:18.231456 >>> requested option 47 (NetBIOSScope)
00:32:18.231458 ... not found
00:32:18.231460 >>> requested option 31 (PerformRouterDiscovery)
00:32:18.231462 ... not found
00:32:18.231464 >>> requested option 33 (StaticRoute)
00:32:18.231466 ... not found
00:32:18.231468 >>> requested option 121 (unknown)
00:32:18.231470 ... not found
00:32:18.231471 >>> requested option 249 (unknown)
00:32:18.231473 ... not found
00:32:18.231475 >>> requested option 43 (VendorSpecificInfo)
00:32:18.231477 ... not found
00:32:18.231480 encoding option 1 (SubnetMask)
00:32:18.231482 encoding option 51 (LeaseTime)
00:32:18.231485 ACK xid 0x06f2139e chaddr 08:00:27:04:2a:9e
00:32:18.231496  ciaddr 0.0.0.0 yiaddr 192.168.56.3
00:32:18.231502 encoded message: 548 bytes
00:32:18.231503 00007fba300013e0/0000: 02 01 06 00 9e 13 f2 06-00 00 00 00 00 00 00 00 ................
00:32:18.231504 00007fba300013f0/0010: c0 a8 38 03 00 00 00 00-00 00 00 00 08 00 27 04 ..8...........'.
00:32:18.231505 00007fba30001400/0020: 2a 9e 00 00 00 00 00 00-00 00 00 00 00 00 00 00 *...............
00:32:18.231506 00007fba30001410/0030: 00 00 00 00 00 00 00 00-00 00 00 00 00 00 00 00 ................
00:32:18.231506 00007fba30001420/0040: 00 00 00 00 00 00 00 00-00 00 00 00 00 00 00 00 ................
00:32:18.231507 00007fba30001430/0050: 00 00 00 00 00 00 00 00-00 00 00 00 00 00 00 00 ................
00:32:18.231507 00007fba30001440/0060: 00 00 00 00 00 00 00 00-00 00 00 00 00 00 00 00 ................
00:32:18.231508 00007fba30001450/0070: 00 00 00 00 00 00 00 00-00 00 00 00 00 00 00 00 ................
00:32:18.231509 00007fba30001460/0080: 00 00 00 00 00 00 00 00-00 00 00 00 00 00 00 00 ................
00:32:18.231509 00007fba30001470/0090: 00 00 00 00 00 00 00 00-00 00 00 00 00 00 00 00 ................
00:32:18.231510 00007fba30001480/00a0: 00 00 00 00 00 00 00 00-00 00 00 00 00 00 00 00 ................
00:32:18.231510 00007fba30001490/00b0: 00 00 00 00 00 00 00 00-00 00 00 00 00 00 00 00 ................
00:32:18.231511 00007fba300014a0/00c0: 00 00 00 00 00 00 00 00-00 00 00 00 00 00 00 00 ................
00:32:18.231511 00007fba300014b0/00d0: 00 00 00 00 00 00 00 00-00 00 00 00 00 00 00 00 ................
00:32:18.231512 00007fba300014c0/00e0: 00 00 00 00 00 00 00 00-00 00 00 00 63 82 53 63 ............c.Sc
00:32:18.231513 00007fba300014d0/00f0: 36 04 c0 a8 38 02 35 01-05 01 04 ff ff ff 00 33 6...8.5........3
00:32:18.231513 00007fba300014e0/0100: 04 00 00 02 58 ff 00 00-00 00 00 00 00 00 00 00 ....X...........
00:32:18.231514 00007fba300014f0/0110: 00 00 00 00 00 00 00 00-00 00 00 00 00 00 00 00 ................
00:32:18.231515 00007fba30001500/0120: 00 00 00 00 00 00 00 00-00 00 00 00 00 00 00 00 ................
00:32:18.231515 00007fba30001510/0130: 00 00 00 00 00 00 00 00-00 00 00 00 00 00 00 00 ................
00:32:18.231516 00007fba30001520/0140: 00 00 00 00 00 00 00 00-00 00 00 00 00 00 00 00 ................
00:32:18.231516 00007fba30001530/0150: 00 00 00 00 00 00 00 00-00 00 00 00 00 00 00 00 ................
00:32:18.231517 00007fba30001540/0160: 00 00 00 00 00 00 00 00-00 00 00 00 00 00 00 00 ................
00:32:18.231518 00007fba30001550/0170: 00 00 00 00 00 00 00 00-00 00 00 00 00 00 00 00 ................
00:32:18.231518 00007fba30001560/0180: 00 00 00 00 00 00 00 00-00 00 00 00 00 00 00 00 ................
00:32:18.231519 00007fba30001570/0190: 00 00 00 00 00 00 00 00-00 00 00 00 00 00 00 00 ................
00:32:18.231519 00007fba30001580/01a0: 00 00 00 00 00 00 00 00-00 00 00 00 00 00 00 00 ................
00:32:18.231520 00007fba30001590/01b0: 00 00 00 00 00 00 00 00-00 00 00 00 00 00 00 00 ................
00:32:18.231521 00007fba300015a0/01c0: 00 00 00 00 00 00 00 00-00 00 00 00 00 00 00 00 ................
00:32:18.231521 00007fba300015b0/01d0: 00 00 00 00 00 00 00 00-00 00 00 00 00 00 00 00 ................
00:32:18.231522 00007fba300015c0/01e0: 00 00 00 00 00 00 00 00-00 00 00 00 00 00 00 00 ................
00:32:18.231522 00007fba300015d0/01f0: 00 00 00 00 00 00 00 00-00 00 00 00 00 00 00 00 ................
00:32:18.231523 00007fba300015e0/0200: 00 00 00 00 00 00 00 00-00 00 00 00 00 00 00 00 ................
00:32:18.231523 00007fba300015f0/0210: 00 00 00 00 00 00 00 00-00 00 00 00 00 00 00 00 ................
00:32:18.231524 00007fba30001600/0220: 00 00 00 00                                     ....
00:32:48.131732 INFORM xid 0xb2c3a62f chaddr 08:00:27:04:2a:9e
00:32:48.131769  ciaddr 192.168.56.3
00:32:48.131779  client id: 01 08 00 27 04 2a 9e
00:32:48.131785  params { 1 15 3 6 44 46 47 31 33 121 249 43 252 }
00:32:48.131845   12: 'metasploitable3-win2k8'
00:32:48.131850   60: 'MSFT 5.0'
00:32:48.131857 >>> requested option 1 (SubnetMask)
00:32:48.131862 ... always supplied
00:32:48.131866 >>> requested option 15 (DomainName)
00:32:48.131871 ... not found
00:32:48.131875 >>> requested option 3 (Routers)
00:32:48.131879 ... not found
00:32:48.131883 >>> requested option 6 (DNSes)
00:32:48.131888 ... not found
00:32:48.131892 >>> requested option 44 (NetBIOSNameServers)
00:32:48.131896 ... not found
00:32:48.131900 >>> requested option 46 (NetBIOSNodeType)
00:32:48.131904 ... not found
00:32:48.131908 >>> requested option 47 (NetBIOSScope)
00:32:48.131913 ... not found
00:32:48.131917 >>> requested option 31 (PerformRouterDiscovery)
00:32:48.131932 ... not found
00:32:48.131936 >>> requested option 33 (StaticRoute)
00:32:48.131941 ... not found
00:32:48.131945 >>> requested option 121 (unknown)
00:32:48.131949 ... not found
00:32:48.131953 >>> requested option 249 (unknown)
00:32:48.131957 ... not found
00:32:48.131961 >>> requested option 43 (VendorSpecificInfo)
00:32:48.131966 ... not found
00:32:48.131970 >>> requested option 252 (unknown)
00:32:48.131974 ... not found
00:32:48.131979 encoding option 1 (SubnetMask)
00:32:48.131984 ACK xid 0xb2c3a62f chaddr 08:00:27:04:2a:9e
00:32:48.131997  ciaddr 0.0.0.0
00:32:48.132006 encoded message: 548 bytes
00:32:48.132007 00007fba300013e0/0000: 02 01 06 00 2f a6 c3 b2-00 00 00 00 00 00 00 00 ..../...........
00:32:48.132009 00007fba300013f0/0010: 00 00 00 00 00 00 00 00-00 00 00 00 08 00 27 04 ..............'.
00:32:48.132011 00007fba30001400/0020: 2a 9e 00 00 00 00 00 00-00 00 00 00 00 00 00 00 *...............
00:32:48.132012 00007fba30001410/0030: 00 00 00 00 00 00 00 00-00 00 00 00 00 00 00 00 ................
00:32:48.132013 00007fba30001420/0040: 00 00 00 00 00 00 00 00-00 00 00 00 00 00 00 00 ................
00:32:48.132015 00007fba30001430/0050: 00 00 00 00 00 00 00 00-00 00 00 00 00 00 00 00 ................
00:32:48.132016 00007fba30001440/0060: 00 00 00 00 00 00 00 00-00 00 00 00 00 00 00 00 ................
00:32:48.132017 00007fba30001450/0070: 00 00 00 00 00 00 00 00-00 00 00 00 00 00 00 00 ................
00:32:48.132018 00007fba30001460/0080: 00 00 00 00 00 00 00 00-00 00 00 00 00 00 00 00 ................
00:32:48.132020 00007fba30001470/0090: 00 00 00 00 00 00 00 00-00 00 00 00 00 00 00 00 ................
00:32:48.132021 00007fba30001480/00a0: 00 00 00 00 00 00 00 00-00 00 00 00 00 00 00 00 ................
00:32:48.132022 00007fba30001490/00b0: 00 00 00 00 00 00 00 00-00 00 00 00 00 00 00 00 ................
00:32:48.132023 00007fba300014a0/00c0: 00 00 00 00 00 00 00 00-00 00 00 00 00 00 00 00 ................
00:32:48.132024 00007fba300014b0/00d0: 00 00 00 00 00 00 00 00-00 00 00 00 00 00 00 00 ................
00:32:48.132026 00007fba300014c0/00e0: 00 00 00 00 00 00 00 00-00 00 00 00 63 82 53 63 ............c.Sc
00:32:48.132027 00007fba300014d0/00f0: 36 04 c0 a8 38 02 35 01-05 01 04 ff ff ff 00 ff 6...8.5.........
00:32:48.132028 00007fba300014e0/0100: 00 00 00 00 00 00 00 00-00 00 00 00 00 00 00 00 ................
00:32:48.132030 00007fba300014f0/0110: 00 00 00 00 00 00 00 00-00 00 00 00 00 00 00 00 ................
00:32:48.132031 00007fba30001500/0120: 00 00 00 00 00 00 00 00-00 00 00 00 00 00 00 00 ................
00:32:48.132032 00007fba30001510/0130: 00 00 00 00 00 00 00 00-00 00 00 00 00 00 00 00 ................
00:32:48.132033 00007fba30001520/0140: 00 00 00 00 00 00 00 00-00 00 00 00 00 00 00 00 ................
00:32:48.132035 00007fba30001530/0150: 00 00 00 00 00 00 00 00-00 00 00 00 00 00 00 00 ................
00:32:48.132036 00007fba30001540/0160: 00 00 00 00 00 00 00 00-00 00 00 00 00 00 00 00 ................
00:32:48.132037 00007fba30001550/0170: 00 00 00 00 00 00 00 00-00 00 00 00 00 00 00 00 ................
00:32:48.132038 00007fba30001560/0180: 00 00 00 00 00 00 00 00-00 00 00 00 00 00 00 00 ................
00:32:48.132040 00007fba30001570/0190: 00 00 00 00 00 00 00 00-00 00 00 00 00 00 00 00 ................
00:32:48.132041 00007fba30001580/01a0: 00 00 00 00 00 00 00 00-00 00 00 00 00 00 00 00 ................
00:32:48.132042 00007fba30001590/01b0: 00 00 00 00 00 00 00 00-00 00 00 00 00 00 00 00 ................
00:32:48.132043 00007fba300015a0/01c0: 00 00 00 00 00 00 00 00-00 00 00 00 00 00 00 00 ................
00:32:48.132045 00007fba300015b0/01d0: 00 00 00 00 00 00 00 00-00 00 00 00 00 00 00 00 ................
00:32:48.132046 00007fba300015c0/01e0: 00 00 00 00 00 00 00 00-00 00 00 00 00 00 00 00 ................
00:32:48.132047 00007fba300015d0/01f0: 00 00 00 00 00 00 00 00-00 00 00 00 00 00 00 00 ................
00:32:48.132048 00007fba300015e0/0200: 00 00 00 00 00 00 00 00-00 00 00 00 00 00 00 00 ................
00:32:48.132050 00007fba300015f0/0210: 00 00 00 00 00 00 00 00-00 00 00 00 00 00 00 00 ................
00:32:48.132051 00007fba30001600/0220: 00 00 00 00                                     ....
00:37:02.145047 INFORM xid 0xba84e271 chaddr 08:00:27:04:2a:9e
00:37:02.145087  ciaddr 192.168.56.3
00:37:02.145097  client id: 01 08 00 27 04 2a 9e
00:37:02.145103  params { 1 15 3 6 44 46 47 31 33 121 249 43 252 }
00:37:02.145163   12: 'metasploitable3-win2k8'
00:37:02.145168   60: 'MSFT 5.0'
00:37:02.145175 >>> requested option 1 (SubnetMask)
00:37:02.145180 ... always supplied
00:37:02.145184 >>> requested option 15 (DomainName)
00:37:02.145189 ... not found
00:37:02.145193 >>> requested option 3 (Routers)
00:37:02.145197 ... not found
00:37:02.145201 >>> requested option 6 (DNSes)
00:37:02.145206 ... not found
00:37:02.145210 >>> requested option 44 (NetBIOSNameServers)
00:37:02.145221 ... not found
00:37:02.145229 >>> requested option 46 (NetBIOSNodeType)
00:37:02.145233 ... not found
00:37:02.145237 >>> requested option 47 (NetBIOSScope)
00:37:02.145242 ... not found
00:37:02.145246 >>> requested option 31 (PerformRouterDiscovery)
00:37:02.145250 ... not found
00:37:02.145255 >>> requested option 33 (StaticRoute)
00:37:02.145259 ... not found
00:37:02.145263 >>> requested option 121 (unknown)
00:37:02.145268 ... not found
00:37:02.145272 >>> requested option 249 (unknown)
00:37:02.145276 ... not found
00:37:02.145280 >>> requested option 43 (VendorSpecificInfo)
00:37:02.145285 ... not found
00:37:02.145289 >>> requested option 252 (unknown)
00:37:02.145293 ... not found
00:37:02.145299 encoding option 1 (SubnetMask)
00:37:02.145304 ACK xid 0xba84e271 chaddr 08:00:27:04:2a:9e
00:37:02.145317  ciaddr 0.0.0.0
00:37:02.145326 encoded message: 548 bytes
00:37:02.145327 00007fba300013e0/0000: 02 01 06 00 71 e2 84 ba-00 00 00 00 00 00 00 00 ....q...........
00:37:02.145330 00007fba300013f0/0010: 00 00 00 00 00 00 00 00-00 00 00 00 08 00 27 04 ..............'.
00:37:02.145331 00007fba30001400/0020: 2a 9e 00 00 00 00 00 00-00 00 00 00 00 00 00 00 *...............
00:37:02.145333 00007fba30001410/0030: 00 00 00 00 00 00 00 00-00 00 00 00 00 00 00 00 ................
00:37:02.145334 00007fba30001420/0040: 00 00 00 00 00 00 00 00-00 00 00 00 00 00 00 00 ................
00:37:02.145335 00007fba30001430/0050: 00 00 00 00 00 00 00 00-00 00 00 00 00 00 00 00 ................
00:37:02.145336 00007fba30001440/0060: 00 00 00 00 00 00 00 00-00 00 00 00 00 00 00 00 ................
00:37:02.145338 00007fba30001450/0070: 00 00 00 00 00 00 00 00-00 00 00 00 00 00 00 00 ................
00:37:02.145339 00007fba30001460/0080: 00 00 00 00 00 00 00 00-00 00 00 00 00 00 00 00 ................
00:37:02.145340 00007fba30001470/0090: 00 00 00 00 00 00 00 00-00 00 00 00 00 00 00 00 ................
00:37:02.145341 00007fba30001480/00a0: 00 00 00 00 00 00 00 00-00 00 00 00 00 00 00 00 ................
00:37:02.145343 00007fba30001490/00b0: 00 00 00 00 00 00 00 00-00 00 00 00 00 00 00 00 ................
00:37:02.145344 00007fba300014a0/00c0: 00 00 00 00 00 00 00 00-00 00 00 00 00 00 00 00 ................
00:37:02.145345 00007fba300014b0/00d0: 00 00 00 00 00 00 00 00-00 00 00 00 00 00 00 00 ................
00:37:02.145346 00007fba300014c0/00e0: 00 00 00 00 00 00 00 00-00 00 00 00 63 82 53 63 ............c.Sc
00:37:02.145347 00007fba300014d0/00f0: 36 04 c0 a8 38 02 35 01-05 01 04 ff ff ff 00 ff 6...8.5.........
00:37:02.145349 00007fba300014e0/0100: 00 00 00 00 00 00 00 00-00 00 00 00 00 00 00 00 ................
00:37:02.145350 00007fba300014f0/0110: 00 00 00 00 00 00 00 00-00 00 00 00 00 00 00 00 ................
00:37:02.145351 00007fba30001500/0120: 00 00 00 00 00 00 00 00-00 00 00 00 00 00 00 00 ................
00:37:02.145353 00007fba30001510/0130: 00 00 00 00 00 00 00 00-00 00 00 00 00 00 00 00 ................
00:37:02.145354 00007fba30001520/0140: 00 00 00 00 00 00 00 00-00 00 00 00 00 00 00 00 ................
00:37:02.145355 00007fba30001530/0150: 00 00 00 00 00 00 00 00-00 00 00 00 00 00 00 00 ................
00:37:02.145356 00007fba30001540/0160: 00 00 00 00 00 00 00 00-00 00 00 00 00 00 00 00 ................
00:37:02.145358 00007fba30001550/0170: 00 00 00 00 00 00 00 00-00 00 00 00 00 00 00 00 ................
00:37:02.145359 00007fba30001560/0180: 00 00 00 00 00 00 00 00-00 00 00 00 00 00 00 00 ................
00:37:02.145360 00007fba30001570/0190: 00 00 00 00 00 00 00 00-00 00 00 00 00 00 00 00 ................
00:37:02.145361 00007fba30001580/01a0: 00 00 00 00 00 00 00 00-00 00 00 00 00 00 00 00 ................
00:37:02.145363 00007fba30001590/01b0: 00 00 00 00 00 00 00 00-00 00 00 00 00 00 00 00 ................
00:37:02.145364 00007fba300015a0/01c0: 00 00 00 00 00 00 00 00-00 00 00 00 00 00 00 00 ................
00:37:02.145365 00007fba300015b0/01d0: 00 00 00 00 00 00 00 00-00 00 00 00 00 00 00 00 ................
00:37:02.145366 00007fba300015c0/01e0: 00 00 00 00 00 00 00 00-00 00 00 00 00 00 00 00 ................
00:37:02.145368 00007fba300015d0/01f0: 00 00 00 00 00 00 00 00-00 00 00 00 00 00 00 00 ................
00:37:02.145369 00007fba300015e0/0200: 00 00 00 00 00 00 00 00-00 00 00 00 00 00 00 00 ................
00:37:02.145370 00007fba300015f0/0210: 00 00 00 00 00 00 00 00-00 00 00 00 00 00 00 00 ................
00:37:02.145371 00007fba30001600/0220: 00 00 00 00                                     ....
00:37:18.346221 REQUEST xid 0x89589b42 chaddr 08:00:27:04:2a:9e
00:37:18.346261  ciaddr 192.168.56.3
00:37:18.346271  client id: 01 08 00 27 04 2a 9e
00:37:18.346278  params { 1 15 3 6 44 46 47 31 33 121 249 43 }
00:37:18.346337   12: 'metasploitable3-win2k8'
00:37:18.346342   60: 'MSFT 5.0'
00:37:18.346347   81: 00 00 00 6d 65 74 61 73 70 6c 6f 69 74 61 62 6c 65 33 2d 77 69 6e 32 6b 38
00:37:18.346354 > allocateAddress to client [01:08:00:27:04:2a:9e] (08:00:27:04:2a:9e)
00:37:18.346364 > ... found existing binding 192.168.56.3 to [01:08:00:27:04:2a:9e] (08:00:27:04:2a:9e), acked, valid from 2025-07-04T21:54:59Z for 600s until 2025-07-04T22:04:59Z
00:37:18.346375 Lease time 600 secs (default)
00:37:18.346381 writing leases to /home/hadi/.config/VirtualBox/HostInterfaceNetworking-vboxnet1-Dhcpd.leases
00:37:18.373620 >>> requested option 1 (SubnetMask)
00:37:18.373631 ... always supplied
00:37:18.373637 >>> requested option 15 (DomainName)
00:37:18.373642 ... not found
00:37:18.373646 >>> requested option 3 (Routers)
00:37:18.373651 ... not found
00:37:18.373655 >>> requested option 6 (DNSes)
00:37:18.373660 ... not found
00:37:18.373664 >>> requested option 44 (NetBIOSNameServers)
00:37:18.373668 ... not found
00:37:18.373673 >>> requested option 46 (NetBIOSNodeType)
00:37:18.373677 ... not found
00:37:18.373681 >>> requested option 47 (NetBIOSScope)
00:37:18.373686 ... not found
00:37:18.373690 >>> requested option 31 (PerformRouterDiscovery)
00:37:18.373695 ... not found
00:37:18.373699 >>> requested option 33 (StaticRoute)
00:37:18.373703 ... not found
00:37:18.373708 >>> requested option 121 (unknown)
00:37:18.373712 ... not found
00:37:18.373717 >>> requested option 249 (unknown)
00:37:18.373721 ... not found
00:37:18.373725 >>> requested option 43 (VendorSpecificInfo)
00:37:18.373730 ... not found
00:37:18.373735 encoding option 1 (SubnetMask)
00:37:18.373740 encoding option 51 (LeaseTime)
00:37:18.373745 ACK xid 0x89589b42 chaddr 08:00:27:04:2a:9e
00:37:18.373760  ciaddr 192.168.56.3 yiaddr 192.168.56.3
00:37:18.373774 encoded message: 548 bytes
00:37:18.373775 00007fba300013e0/0000: 02 01 06 00 42 9b 58 89-00 00 00 00 c0 a8 38 03 ....B.X.......8.
00:37:18.373777 00007fba300013f0/0010: c0 a8 38 03 00 00 00 00-00 00 00 00 08 00 27 04 ..8...........'.
00:37:18.373779 00007fba30001400/0020: 2a 9e 00 00 00 00 00 00-00 00 00 00 00 00 00 00 *...............
00:37:18.373781 00007fba30001410/0030: 00 00 00 00 00 00 00 00-00 00 00 00 00 00 00 00 ................
00:37:18.373782 00007fba30001420/0040: 00 00 00 00 00 00 00 00-00 00 00 00 00 00 00 00 ................
00:37:18.373783 00007fba30001430/0050: 00 00 00 00 00 00 00 00-00 00 00 00 00 00 00 00 ................
00:37:18.373784 00007fba30001440/0060: 00 00 00 00 00 00 00 00-00 00 00 00 00 00 00 00 ................
00:37:18.373786 00007fba30001450/0070: 00 00 00 00 00 00 00 00-00 00 00 00 00 00 00 00 ................
00:37:18.373787 00007fba30001460/0080: 00 00 00 00 00 00 00 00-00 00 00 00 00 00 00 00 ................
00:37:18.373788 00007fba30001470/0090: 00 00 00 00 00 00 00 00-00 00 00 00 00 00 00 00 ................
00:37:18.373789 00007fba30001480/00a0: 00 00 00 00 00 00 00 00-00 00 00 00 00 00 00 00 ................
00:37:18.373791 00007fba30001490/00b0: 00 00 00 00 00 00 00 00-00 00 00 00 00 00 00 00 ................
00:37:18.373792 00007fba300014a0/00c0: 00 00 00 00 00 00 00 00-00 00 00 00 00 00 00 00 ................
00:37:18.373793 00007fba300014b0/00d0: 00 00 00 00 00 00 00 00-00 00 00 00 00 00 00 00 ................
00:37:18.373794 00007fba300014c0/00e0: 00 00 00 00 00 00 00 00-00 00 00 00 63 82 53 63 ............c.Sc
00:37:18.373796 00007fba300014d0/00f0: 36 04 c0 a8 38 02 35 01-05 01 04 ff ff ff 00 33 6...8.5........3
00:37:18.373797 00007fba300014e0/0100: 04 00 00 02 58 ff 00 00-00 00 00 00 00 00 00 00 ....X...........
00:37:18.373798 00007fba300014f0/0110: 00 00 00 00 00 00 00 00-00 00 00 00 00 00 00 00 ................
00:37:18.373800 00007fba30001500/0120: 00 00 00 00 00 00 00 00-00 00 00 00 00 00 00 00 ................
00:37:18.373801 00007fba30001510/0130: 00 00 00 00 00 00 00 00-00 00 00 00 00 00 00 00 ................
00:37:18.373802 00007fba30001520/0140: 00 00 00 00 00 00 00 00-00 00 00 00 00 00 00 00 ................
00:37:18.373804 00007fba30001530/0150: 00 00 00 00 00 00 00 00-00 00 00 00 00 00 00 00 ................
00:37:18.373805 00007fba30001540/0160: 00 00 00 00 00 00 00 00-00 00 00 00 00 00 00 00 ................
00:37:18.373806 00007fba30001550/0170: 00 00 00 00 00 00 00 00-00 00 00 00 00 00 00 00 ................
00:37:18.373807 00007fba30001560/0180: 00 00 00 00 00 00 00 00-00 00 00 00 00 00 00 00 ................
00:37:18.373809 00007fba30001570/0190: 00 00 00 00 00 00 00 00-00 00 00 00 00 00 00 00 ................
00:37:18.373810 00007fba30001580/01a0: 00 00 00 00 00 00 00 00-00 00 00 00 00 00 00 00 ................
00:37:18.373811 00007fba30001590/01b0: 00 00 00 00 00 00 00 00-00 00 00 00 00 00 00 00 ................
00:37:18.373812 00007fba300015a0/01c0: 00 00 00 00 00 00 00 00-00 00 00 00 00 00 00 00 ................
00:37:18.373813 00007fba300015b0/01d0: 00 00 00 00 00 00 00 00-00 00 00 00 00 00 00 00 ................
00:37:18.373815 00007fba300015c0/01e0: 00 00 00 00 00 00 00 00-00 00 00 00 00 00 00 00 ................
00:37:18.373816 00007fba300015d0/01f0: 00 00 00 00 00 00 00 00-00 00 00 00 00 00 00 00 ................
00:37:18.373817 00007fba300015e0/0200: 00 00 00 00 00 00 00 00-00 00 00 00 00 00 00 00 ................
00:37:18.373819 00007fba300015f0/0210: 00 00 00 00 00 00 00 00-00 00 00 00 00 00 00 00 ................
00:37:18.373820 00007fba30001600/0220: 00 00 00 00                                     ....
