00:00:00.001198 VirtualBox DHCP Server 7.1.12 r169651 linux.amd64 (Jul 15 2025 20:14:26) release log
00:00:00.001199 Log opened 2025-08-10T14:25:58.192451000Z
00:00:00.001199 Build Type: release
00:00:00.001200 OS Product: Linux
00:00:00.001201 OS Release: 6.15.9-arch1-1
00:00:00.001201 OS Version: #1 SMP PREEMPT_DYNAMIC Sat, 02 Aug 2025 01:20:06 +0000
00:00:00.001215 DMI Product Name: 82WM
00:00:00.001220 DMI Product Version: Legion Pro 5 16ARX8
00:00:00.001223 Firmware type: UEFI
00:00:00.001332 Secure Boot: Disabled
00:00:00.001350 Host RAM: 31258MB (30.5GB) total, 27758MB (27.1GB) available
00:00:00.001351 Executable: /usr/lib/virtualbox/VBoxNetDHCP
00:00:00.001351 Process ID: 4552
00:00:00.001351 Package type: LINUX_64BITS_GENERIC (OSE)
00:00:00.001359 --config:  NatNetwork
00:00:00.001364 --comment: NatNetwork
00:00:00.001428 IP address:   10.0.2.3/24
00:00:00.001432 Address pool: 10.0.2.4 - 10.0.2.254
00:00:00.001440 MAC address is not specified: will use generated MAC 08:00:27:7e:3d:e9
00:00:00.001444 Db::i_enterFixedAddressAssignment: 08:00:27:7e:3d:e9: 10.0.2.3
00:00:00.001453 loading leases from /home/hadi/.config/VirtualBox/NatNetwork-Dhcpd.leases
00:00:00.001486 > LOAD: EXPIRED lease 10.0.2.15 to [01:08:00:27:e6:ed:76] (08:00:27:e6:ed:76), expired, valid from 2025-07-08T06:03:00Z for 600s until 2025-07-08T06:13:00Z
00:00:00.005160 SUP: seg #0: R   0x00000000 LB 0x00052000
00:00:00.005166 SUP: seg #1: R X 0x00052000 LB 0x0024a000
00:00:00.005170 SUP: seg #2: R   0x0029c000 LB 0x00074000
00:00:00.005172 SUP: seg #3: RW  0x00310000 LB 0x0002eb18
00:00:00.006360 SUP: Loaded VMMR0.r0 (/usr/lib/virtualbox/VMMR0.r0) at 0xXXXXXXXXXXXXXXXX - ModuleInit at XXXXXXXXXXXXXXXX and ModuleTerm at XXXXXXXXXXXXXXXX
00:00:00.006364 SUP: VMMR0EntryEx located at XXXXXXXXXXXXXXXX and VMMR0EntryFast at XXXXXXXXXXXXXXXX
00:00:12.134965 REQUEST xid 0x6096de97 chaddr 08:00:27:e6:ed:76
00:00:12.135001  ciaddr 0.0.0.0
00:00:12.135007  client id: 01 08 00 27 e6 ed 76
00:00:12.135011  requested address 10.0.2.15
00:00:12.135019  params { 1 2 6 12 15 26 28 121 3 33 40 41 42 119 249 252 17 }
00:00:12.135064   12: 'kali'
00:00:12.135067   57: 02 40
00:00:12.135071 > allocateAddress 10.0.2.15 to client [01:08:00:27:e6:ed:76] (08:00:27:e6:ed:76)
00:00:12.135081 > ... found existing binding 10.0.2.15 to [01:08:00:27:e6:ed:76] (08:00:27:e6:ed:76), expired, valid from 2025-07-08T06:03:00Z for 600s until 2025-07-08T06:13:00Z
00:00:12.135097 Lease time 600 secs (default)
00:00:12.135104 writing leases to /home/hadi/.config/VirtualBox/NatNetwork-Dhcpd.leases
00:00:12.161326 >>> requested option 1 (SubnetMask)
00:00:12.161334 ... always supplied
00:00:12.161337 >>> requested option 2 (TimeOffset)
00:00:12.161340 ... not found
00:00:12.161342 >>> requested option 6 (DNSes)
00:00:12.161346 ... found in GlobalConfig (type global)
00:00:12.161349 >>> requested option 12 (HostName)
00:00:12.161351 ... not found
00:00:12.161354 >>> requested option 15 (DomainName)
00:00:12.161356 ... not found
00:00:12.161359 >>> requested option 26 (InterfaceMTU)
00:00:12.161361 ... not found
00:00:12.161364 >>> requested option 28 (BroadcastAddress)
00:00:12.161366 ... not found
00:00:12.161368 >>> requested option 121 (unknown)
00:00:12.161371 ... not found
00:00:12.161373 >>> requested option 3 (Routers)
00:00:12.161376 ... found in GlobalConfig (type global)
00:00:12.161379 >>> requested option 33 (StaticRoute)
00:00:12.161384 ... not found
00:00:12.161387 >>> requested option 40 (NISDomain)
00:00:12.161389 ... not found
00:00:12.161392 >>> requested option 41 (NISServers)
00:00:12.161394 ... not found
00:00:12.161396 >>> requested option 42 (NTPServers)
00:00:12.161399 ... not found
00:00:12.161402 >>> requested option 119 (DomainSearch)
00:00:12.161404 ... not found
00:00:12.161407 >>> requested option 249 (unknown)
00:00:12.161410 ... not found
00:00:12.161412 >>> requested option 252 (unknown)
00:00:12.161414 ... not found
00:00:12.161417 >>> requested option 17 (RootPath)
00:00:12.161419 ... not found
00:00:12.161423 encoding option 1 (SubnetMask)
00:00:12.161425 encoding option 3 (Routers)
00:00:12.161432 encoding option 6 (DNSes)
00:00:12.161437 encoding option 51 (LeaseTime)
00:00:12.161441 ACK xid 0x6096de97 chaddr 08:00:27:e6:ed:76
00:00:12.161454  ciaddr 0.0.0.0 yiaddr 10.0.2.15
00:00:12.161461 encoded message: 548 bytes
00:00:12.161463 00007fd7e8002910/0000: 02 01 06 00 97 de 96 60-00 00 00 00 00 00 00 00 .......`........
00:00:12.161465 00007fd7e8002920/0010: 0a 00 02 0f 00 00 00 00-00 00 00 00 08 00 27 e6 ..............'.
00:00:12.161466 00007fd7e8002930/0020: ed 76 00 00 00 00 00 00-00 00 00 00 00 00 00 00 .v..............
00:00:12.161467 00007fd7e8002940/0030: 00 00 00 00 00 00 00 00-00 00 00 00 00 00 00 00 ................
00:00:12.161468 00007fd7e8002950/0040: 00 00 00 00 00 00 00 00-00 00 00 00 00 00 00 00 ................
00:00:12.161469 00007fd7e8002960/0050: 00 00 00 00 00 00 00 00-00 00 00 00 00 00 00 00 ................
00:00:12.161469 00007fd7e8002970/0060: 00 00 00 00 00 00 00 00-00 00 00 00 00 00 00 00 ................
00:00:12.161470 00007fd7e8002980/0070: 00 00 00 00 00 00 00 00-00 00 00 00 00 00 00 00 ................
00:00:12.161471 00007fd7e8002990/0080: 00 00 00 00 00 00 00 00-00 00 00 00 00 00 00 00 ................
00:00:12.161471 00007fd7e80029a0/0090: 00 00 00 00 00 00 00 00-00 00 00 00 00 00 00 00 ................
00:00:12.161472 00007fd7e80029b0/00a0: 00 00 00 00 00 00 00 00-00 00 00 00 00 00 00 00 ................
00:00:12.161472 00007fd7e80029c0/00b0: 00 00 00 00 00 00 00 00-00 00 00 00 00 00 00 00 ................
00:00:12.161473 00007fd7e80029d0/00c0: 00 00 00 00 00 00 00 00-00 00 00 00 00 00 00 00 ................
00:00:12.161474 00007fd7e80029e0/00d0: 00 00 00 00 00 00 00 00-00 00 00 00 00 00 00 00 ................
00:00:12.161474 00007fd7e80029f0/00e0: 00 00 00 00 00 00 00 00-00 00 00 00 63 82 53 63 ............c.Sc
00:00:12.161475 00007fd7e8002a00/00f0: 36 04 0a 00 02 03 35 01-05 01 04 ff ff ff 00 03 6.....5.........
00:00:12.161475 00007fd7e8002a10/0100: 04 0a 00 02 01 06 04 c0-a8 12 01 33 04 00 00 02 ...........3....
00:00:12.161476 00007fd7e8002a20/0110: 58 ff 00 00 00 00 00 00-00 00 00 00 00 00 00 00 X...............
00:00:12.161477 00007fd7e8002a30/0120: 00 00 00 00 00 00 00 00-00 00 00 00 00 00 00 00 ................
00:00:12.161477 00007fd7e8002a40/0130: 00 00 00 00 00 00 00 00-00 00 00 00 00 00 00 00 ................
00:00:12.161481 00007fd7e8002a50/0140: 00 00 00 00 00 00 00 00-00 00 00 00 00 00 00 00 ................
00:00:12.161482 00007fd7e8002a60/0150: 00 00 00 00 00 00 00 00-00 00 00 00 00 00 00 00 ................
00:00:12.161482 00007fd7e8002a70/0160: 00 00 00 00 00 00 00 00-00 00 00 00 00 00 00 00 ................
00:00:12.161483 00007fd7e8002a80/0170: 00 00 00 00 00 00 00 00-00 00 00 00 00 00 00 00 ................
00:00:12.161483 00007fd7e8002a90/0180: 00 00 00 00 00 00 00 00-00 00 00 00 00 00 00 00 ................
00:00:12.161484 00007fd7e8002aa0/0190: 00 00 00 00 00 00 00 00-00 00 00 00 00 00 00 00 ................
00:00:12.161485 00007fd7e8002ab0/01a0: 00 00 00 00 00 00 00 00-00 00 00 00 00 00 00 00 ................
00:00:12.161485 00007fd7e8002ac0/01b0: 00 00 00 00 00 00 00 00-00 00 00 00 00 00 00 00 ................
00:00:12.161486 00007fd7e8002ad0/01c0: 00 00 00 00 00 00 00 00-00 00 00 00 00 00 00 00 ................
00:00:12.161486 00007fd7e8002ae0/01d0: 00 00 00 00 00 00 00 00-00 00 00 00 00 00 00 00 ................
00:00:12.161487 00007fd7e8002af0/01e0: 00 00 00 00 00 00 00 00-00 00 00 00 00 00 00 00 ................
00:00:12.161488 00007fd7e8002b00/01f0: 00 00 00 00 00 00 00 00-00 00 00 00 00 00 00 00 ................
00:00:12.161488 00007fd7e8002b10/0200: 00 00 00 00 00 00 00 00-00 00 00 00 00 00 00 00 ................
00:00:12.161489 00007fd7e8002b20/0210: 00 00 00 00 00 00 00 00-00 00 00 00 00 00 00 00 ................
00:00:12.161489 00007fd7e8002b30/0220: 00 00 00 00                                     ....
