00:00:00.006792 VirtualBox NAT Network 7.1.12 r169651 linux.amd64 (Jul 15 2025 20:14:26) release log
00:00:00.006792 Log opened 2025-08-10T14:25:58.198030000Z
00:00:00.006793 Build Type: release
00:00:00.006794 OS Product: Linux
00:00:00.006794 OS Release: 6.15.9-arch1-1
00:00:00.006795 OS Version: #1 SMP PREEMPT_DYNAMIC Sat, 02 Aug 2025 01:20:06 +0000
00:00:00.006811 DMI Product Name: 82WM
00:00:00.006817 DMI Product Version: Legion Pro 5 16ARX8
00:00:00.006820 Firmware type: UEFI
00:00:00.006923 Secure Boot: Disabled
00:00:00.006942 Host RAM: 31258MB (30.5GB) total, 27737MB (27.0GB) available
00:00:00.006943 Executable: /usr/lib/virtualbox/VBoxNetNAT
00:00:00.006943 Process ID: 4553
00:00:00.006943 Package type: LINUX_64BITS_GENERIC (OSE)
00:00:00.007456 IPv4 loopback mapping 0: 127.0.0.1=2
00:00:00.008391 SUP: Opened VMMR0.r0 (/usr/lib/virtualbox/VMMR0.r0) at 0xXXXXXXXXXXXXXXXX.
00:00:00.010032 netif NT0: mac 52:54:00:12:35:00
00:00:00.010038 netif NT0: inet 10.0.2.1 netmask 255.255.255.0
00:03:07.454989 run: shutdown
00:03:07.455121 Terminating
